{"/Users/kayrabali/Desktop/projects/commitlock/src/app/_layout.tsx": {"path":"/Users/kayrabali/Desktop/projects/commitlock/src/app/_layout.tsx","statementMap":{"0":{"start":{"line":20,"column":0},"end":{"line":28,"column":3}},"1":{"start":{"line":21,"column":35},"end":{"line":27,"column":3}},"2":{"start":{"line":31,"column":16},"end":{"line":31,"column":32}},"3":{"start":{"line":32,"column":30},"end":{"line":32,"column":39}},"4":{"start":{"line":33,"column":22},"end":{"line":33,"column":48}},"5":{"start":{"line":34,"column":17},"end":{"line":34,"column":67}},"6":{"start":{"line":36,"column":2},"end":{"line":69,"column":13}},"7":{"start":{"line":38,"column":16},"end":{"line":54,"column":6}},"8":{"start":{"line":39,"column":6},"end":{"line":53,"column":7}},"9":{"start":{"line":40,"column":8},"end":{"line":52,"column":9}},"10":{"start":{"line":41,"column":30},"end":{"line":41,"column":76}},"11":{"start":{"line":42,"column":10},"end":{"line":49,"column":11}},"12":{"start":{"line":43,"column":31},"end":{"line":43,"column":79}},"13":{"start":{"line":44,"column":28},"end":{"line":44,"column":65}},"14":{"start":{"line":45,"column":12},"end":{"line":45,"column":68}},"15":{"start":{"line":48,"column":12},"end":{"line":48,"column":50}},"16":{"start":{"line":51,"column":10},"end":{"line":51,"column":76}},"17":{"start":{"line":56,"column":4},"end":{"line":64,"column":5}},"18":{"start":{"line":57,"column":32},"end":{"line":62,"column":7}},"19":{"start":{"line":58,"column":24},"end":{"line":58,"column":70}},"20":{"start":{"line":59,"column":8},"end":{"line":61,"column":9}},"21":{"start":{"line":60,"column":10},"end":{"line":60,"column":63}},"22":{"start":{"line":63,"column":6},"end":{"line":63,"column":26}},"23":{"start":{"line":66,"column":4},"end":{"line":68,"column":6}},"24":{"start":{"line":67,"column":6},"end":{"line":67,"column":19}},"25":{"start":{"line":71,"column":2},"end":{"line":77,"column":3}},"26":{"start":{"line":72,"column":4},"end":{"line":76,"column":6}},"27":{"start":{"line":79,"column":2},"end":{"line":81,"column":3}},"28":{"start":{"line":80,"column":4},"end":{"line":80,"column":26}},"29":{"start":{"line":83,"column":2},"end":{"line":167,"column":4}},"30":{"start":{"line":98,"column":18},"end":{"line":98,"column":89}},"31":{"start":{"line":113,"column":12},"end":{"line":117,"column":14}},"32":{"start":{"line":126,"column":12},"end":{"line":130,"column":14}},"33":{"start":{"line":139,"column":12},"end":{"line":143,"column":14}},"34":{"start":{"line":152,"column":12},"end":{"line":156,"column":14}},"35":{"start":{"line":171,"column":22},"end":{"line":171,"column":48}},"36":{"start":{"line":172,"column":17},"end":{"line":172,"column":67}},"37":{"start":{"line":174,"column":2},"end":{"line":183,"column":4}}},"fnMap":{"0":{"name":"(anonymous_0)","decl":{"start":{"line":21,"column":22},"end":{"line":21,"column":23}},"loc":{"start":{"line":21,"column":35},"end":{"line":27,"column":3}},"line":21},"1":{"name":"TabLayoutContent","decl":{"start":{"line":30,"column":9},"end":{"line":30,"column":25}},"loc":{"start":{"line":30,"column":28},"end":{"line":168,"column":1}},"line":30},"2":{"name":"(anonymous_2)","decl":{"start":{"line":36,"column":12},"end":{"line":36,"column":13}},"loc":{"start":{"line":36,"column":18},"end":{"line":69,"column":3}},"line":36},"3":{"name":"(anonymous_3)","decl":{"start":{"line":38,"column":43},"end":{"line":38,"column":44}},"loc":{"start":{"line":38,"column":60},"end":{"line":54,"column":5}},"line":38},"4":{"name":"(anonymous_4)","decl":{"start":{"line":57,"column":32},"end":{"line":57,"column":33}},"loc":{"start":{"line":57,"column":44},"end":{"line":62,"column":7}},"line":57},"5":{"name":"(anonymous_5)","decl":{"start":{"line":66,"column":11},"end":{"line":66,"column":12}},"loc":{"start":{"line":66,"column":17},"end":{"line":68,"column":5}},"line":66},"6":{"name":"(anonymous_6)","decl":{"start":{"line":98,"column":12},"end":{"line":98,"column":13}},"loc":{"start":{"line":98,"column":18},"end":{"line":98,"column":89}},"line":98},"7":{"name":"(anonymous_7)","decl":{"start":{"line":112,"column":22},"end":{"line":112,"column":23}},"loc":{"start":{"line":113,"column":12},"end":{"line":117,"column":14}},"line":113},"8":{"name":"(anonymous_8)","decl":{"start":{"line":125,"column":22},"end":{"line":125,"column":23}},"loc":{"start":{"line":126,"column":12},"end":{"line":130,"column":14}},"line":126},"9":{"name":"(anonymous_9)","decl":{"start":{"line":138,"column":22},"end":{"line":138,"column":23}},"loc":{"start":{"line":139,"column":12},"end":{"line":143,"column":14}},"line":139},"10":{"name":"(anonymous_10)","decl":{"start":{"line":151,"column":22},"end":{"line":151,"column":23}},"loc":{"start":{"line":152,"column":12},"end":{"line":156,"column":14}},"line":152},"11":{"name":"TabLayout","decl":{"start":{"line":170,"column":24},"end":{"line":170,"column":33}},"loc":{"start":{"line":170,"column":36},"end":{"line":184,"column":1}},"line":170}},"branchMap":{"0":{"loc":{"start":{"line":33,"column":22},"end":{"line":33,"column":48}},"type":"binary-expr","locations":[{"start":{"line":33,"column":22},"end":{"line":33,"column":38}},{"start":{"line":33,"column":42},"end":{"line":33,"column":48}}],"line":33},"1":{"loc":{"start":{"line":34,"column":24},"end":{"line":34,"column":66}},"type":"cond-expr","locations":[{"start":{"line":34,"column":50},"end":{"line":34,"column":57}},{"start":{"line":34,"column":60},"end":{"line":34,"column":66}}],"line":34},"2":{"loc":{"start":{"line":39,"column":6},"end":{"line":53,"column":7}},"type":"if","locations":[{"start":{"line":39,"column":6},"end":{"line":53,"column":7}},{"start":{},"end":{}}],"line":39},"3":{"loc":{"start":{"line":39,"column":10},"end":{"line":39,"column":81}},"type":"binary-expr","locations":[{"start":{"line":39,"column":10},"end":{"line":39,"column":54}},{"start":{"line":39,"column":58},"end":{"line":39,"column":81}}],"line":39},"4":{"loc":{"start":{"line":42,"column":10},"end":{"line":49,"column":11}},"type":"if","locations":[{"start":{"line":42,"column":10},"end":{"line":49,"column":11}},{"start":{},"end":{}}],"line":42},"5":{"loc":{"start":{"line":56,"column":4},"end":{"line":64,"column":5}},"type":"if","locations":[{"start":{"line":56,"column":4},"end":{"line":64,"column":5}},{"start":{},"end":{}}],"line":56},"6":{"loc":{"start":{"line":59,"column":8},"end":{"line":61,"column":9}},"type":"if","locations":[{"start":{"line":59,"column":8},"end":{"line":61,"column":9}},{"start":{},"end":{}}],"line":59},"7":{"loc":{"start":{"line":71,"column":2},"end":{"line":77,"column":3}},"type":"if","locations":[{"start":{"line":71,"column":2},"end":{"line":77,"column":3}},{"start":{},"end":{}}],"line":71},"8":{"loc":{"start":{"line":79,"column":2},"end":{"line":81,"column":3}},"type":"if","locations":[{"start":{"line":79,"column":2},"end":{"line":81,"column":3}},{"start":{},"end":{}}],"line":79},"9":{"loc":{"start":{"line":89,"column":27},"end":{"line":89,"column":91}},"type":"cond-expr","locations":[{"start":{"line":89,"column":51},"end":{"line":89,"column":64}},{"start":{"line":89,"column":67},"end":{"line":89,"column":91}}],"line":89},"10":{"loc":{"start":{"line":93,"column":18},"end":{"line":93,"column":49}},"type":"cond-expr","locations":[{"start":{"line":93,"column":42},"end":{"line":93,"column":44}},{"start":{"line":93,"column":47},"end":{"line":93,"column":49}}],"line":93},"11":{"loc":{"start":{"line":94,"column":25},"end":{"line":94,"column":56}},"type":"cond-expr","locations":[{"start":{"line":94,"column":49},"end":{"line":94,"column":51}},{"start":{"line":94,"column":54},"end":{"line":94,"column":56}}],"line":94},"12":{"loc":{"start":{"line":97,"column":26},"end":{"line":99,"column":21}},"type":"cond-expr","locations":[{"start":{"line":98,"column":12},"end":{"line":98,"column":89}},{"start":{"line":99,"column":12},"end":{"line":99,"column":21}}],"line":97},"13":{"loc":{"start":{"line":114,"column":20},"end":{"line":114,"column":48}},"type":"cond-expr","locations":[{"start":{"line":114,"column":30},"end":{"line":114,"column":40}},{"start":{"line":114,"column":43},"end":{"line":114,"column":48}}],"line":114},"14":{"loc":{"start":{"line":127,"column":20},"end":{"line":127,"column":53}},"type":"cond-expr","locations":[{"start":{"line":127,"column":30},"end":{"line":127,"column":36}},{"start":{"line":127,"column":39},"end":{"line":127,"column":53}}],"line":127},"15":{"loc":{"start":{"line":140,"column":20},"end":{"line":140,"column":67}},"type":"cond-expr","locations":[{"start":{"line":140,"column":30},"end":{"line":140,"column":39}},{"start":{"line":140,"column":42},"end":{"line":140,"column":67}}],"line":140},"16":{"loc":{"start":{"line":153,"column":20},"end":{"line":153,"column":51}},"type":"cond-expr","locations":[{"start":{"line":153,"column":30},"end":{"line":153,"column":35}},{"start":{"line":153,"column":38},"end":{"line":153,"column":51}}],"line":153},"17":{"loc":{"start":{"line":171,"column":22},"end":{"line":171,"column":48}},"type":"binary-expr","locations":[{"start":{"line":171,"column":22},"end":{"line":171,"column":38}},{"start":{"line":171,"column":42},"end":{"line":171,"column":48}}],"line":171},"18":{"loc":{"start":{"line":172,"column":24},"end":{"line":172,"column":66}},"type":"cond-expr","locations":[{"start":{"line":172,"column":50},"end":{"line":172,"column":57}},{"start":{"line":172,"column":60},"end":{"line":172,"column":66}}],"line":172},"19":{"loc":{"start":{"line":176,"column":28},"end":{"line":176,"column":77}},"type":"cond-expr","locations":[{"start":{"line":176,"column":53},"end":{"line":176,"column":62}},{"start":{"line":176,"column":65},"end":{"line":176,"column":77}}],"line":176}},"s":{"0":0,"1":0,"2":0,"3":0,"4":0,"5":0,"6":0,"7":0,"8":0,"9":0,"10":0,"11":0,"12":0,"13":0,"14":0,"15":0,"16":0,"17":0,"18":0,"19":0,"20":0,"21":0,"22":0,"23":0,"24":0,"25":0,"26":0,"27":0,"28":0,"29":0,"30":0,"31":0,"32":0,"33":0,"34":0,"35":0,"36":0,"37":0},"f":{"0":0,"1":0,"2":0,"3":0,"4":0,"5":0,"6":0,"7":0,"8":0,"9":0,"10":0,"11":0},"b":{"0":[0,0],"1":[0,0],"2":[0,0],"3":[0,0],"4":[0,0],"5":[0,0],"6":[0,0],"7":[0,0],"8":[0,0],"9":[0,0],"10":[0,0],"11":[0,0],"12":[0,0],"13":[0,0],"14":[0,0],"15":[0,0],"16":[0,0],"17":[0,0],"18":[0,0],"19":[0,0]}}
,"/Users/kayrabali/Desktop/projects/commitlock/src/app/commit.tsx": {"path":"/Users/kayrabali/Desktop/projects/commitlock/src/app/commit.tsx","statementMap":{"0":{"start":{"line":45,"column":18},"end":{"line":45,"column":42}},"1":{"start":{"line":48,"column":17},"end":{"line":48,"column":28}},"2":{"start":{"line":49,"column":32},"end":{"line":49,"column":41}},"3":{"start":{"line":50,"column":17},"end":{"line":50,"column":36}},"4":{"start":{"line":51,"column":22},"end":{"line":51,"column":38}},"5":{"start":{"line":53,"column":117},"end":{"line":60,"column":6}},"6":{"start":{"line":62,"column":28},"end":{"line":62,"column":93}},"7":{"start":{"line":62,"column":51},"end":{"line":62,"column":92}},"8":{"start":{"line":63,"column":24},"end":{"line":63,"column":33}},"9":{"start":{"line":65,"column":2},"end":{"line":87,"column":82}},"10":{"start":{"line":66,"column":4},"end":{"line":86,"column":5}},"11":{"start":{"line":67,"column":6},"end":{"line":67,"column":163}},"12":{"start":{"line":68,"column":6},"end":{"line":70,"column":7}},"13":{"start":{"line":69,"column":8},"end":{"line":69,"column":49}},"14":{"start":{"line":71,"column":6},"end":{"line":73,"column":7}},"15":{"start":{"line":72,"column":8},"end":{"line":72,"column":50}},"16":{"start":{"line":74,"column":6},"end":{"line":76,"column":7}},"17":{"start":{"line":75,"column":8},"end":{"line":75,"column":43}},"18":{"start":{"line":78,"column":20},"end":{"line":84,"column":13}},"19":{"start":{"line":79,"column":8},"end":{"line":83,"column":11}},"20":{"start":{"line":85,"column":6},"end":{"line":85,"column":39}},"21":{"start":{"line":85,"column":19},"end":{"line":85,"column":38}},"22":{"start":{"line":90,"column":38},"end":{"line":90,"column":57}},"23":{"start":{"line":93,"column":24},"end":{"line":93,"column":48}},"24":{"start":{"line":94,"column":22},"end":{"line":94,"column":59}},"25":{"start":{"line":96,"column":27},"end":{"line":98,"column":3}},"26":{"start":{"line":97,"column":4},"end":{"line":97,"column":40}},"27":{"start":{"line":100,"column":2},"end":{"line":110,"column":19}},"28":{"start":{"line":101,"column":4},"end":{"line":109,"column":5}},"29":{"start":{"line":102,"column":20},"end":{"line":107,"column":13}},"30":{"start":{"line":103,"column":8},"end":{"line":106,"column":11}},"31":{"start":{"line":108,"column":6},"end":{"line":108,"column":39}},"32":{"start":{"line":108,"column":19},"end":{"line":108,"column":38}},"33":{"start":{"line":113,"column":54},"end":{"line":113,"column":88}},"34":{"start":{"line":117,"column":22},"end":{"line":117,"column":39}},"35":{"start":{"line":119,"column":2},"end":{"line":132,"column":22}},"36":{"start":{"line":120,"column":4},"end":{"line":131,"column":5}},"37":{"start":{"line":121,"column":6},"end":{"line":128,"column":8}},"38":{"start":{"line":130,"column":6},"end":{"line":130,"column":59}},"39":{"start":{"line":134,"column":28},"end":{"line":139,"column":4}},"40":{"start":{"line":135,"column":4},"end":{"line":138,"column":6}},"41":{"start":{"line":142,"column":30},"end":{"line":142,"column":59}},"42":{"start":{"line":143,"column":40},"end":{"line":143,"column":77}},"43":{"start":{"line":144,"column":40},"end":{"line":144,"column":63}},"44":{"start":{"line":145,"column":42},"end":{"line":145,"column":61}},"45":{"start":{"line":146,"column":48},"end":{"line":146,"column":98}},"46":{"start":{"line":147,"column":48},"end":{"line":151,"column":4}},"47":{"start":{"line":148,"column":18},"end":{"line":148,"column":28}},"48":{"start":{"line":150,"column":4},"end":{"line":150,"column":90}},"49":{"start":{"line":152,"column":56},"end":{"line":152,"column":71}},"50":{"start":{"line":153,"column":40},"end":{"line":153,"column":60}},"51":{"start":{"line":155,"column":30},"end":{"line":176,"column":3}},"52":{"start":{"line":156,"column":18},"end":{"line":156,"column":28}},"53":{"start":{"line":159,"column":22},"end":{"line":159,"column":96}},"54":{"start":{"line":162,"column":25},"end":{"line":162,"column":103}},"55":{"start":{"line":164,"column":28},"end":{"line":166,"column":5}},"56":{"start":{"line":165,"column":6},"end":{"line":165,"column":85}},"57":{"start":{"line":168,"column":28},"end":{"line":170,"column":5}},"58":{"start":{"line":169,"column":6},"end":{"line":169,"column":119}},"59":{"start":{"line":172,"column":4},"end":{"line":175,"column":6}},"60":{"start":{"line":178,"column":29},"end":{"line":185,"column":3}},"61":{"start":{"line":179,"column":20},"end":{"line":179,"column":41}},"62":{"start":{"line":180,"column":24},"end":{"line":180,"column":72}},"63":{"start":{"line":180,"column":42},"end":{"line":180,"column":57}},"64":{"start":{"line":181,"column":22},"end":{"line":181,"column":48}},"65":{"start":{"line":182,"column":20},"end":{"line":182,"column":39}},"66":{"start":{"line":183,"column":4},"end":{"line":183,"column":60}},"67":{"start":{"line":184,"column":4},"end":{"line":184,"column":34}},"68":{"start":{"line":187,"column":28},"end":{"line":189,"column":3}},"69":{"start":{"line":188,"column":4},"end":{"line":188,"column":77}},"70":{"start":{"line":191,"column":32},"end":{"line":191,"column":42}},"71":{"start":{"line":192,"column":32},"end":{"line":195,"column":6}},"72":{"start":{"line":193,"column":18},"end":{"line":193,"column":28}},"73":{"start":{"line":194,"column":4},"end":{"line":194,"column":78}},"74":{"start":{"line":197,"column":27},"end":{"line":224,"column":3}},"75":{"start":{"line":198,"column":4},"end":{"line":223,"column":5}},"76":{"start":{"line":200,"column":20},"end":{"line":200,"column":30}},"77":{"start":{"line":201,"column":22},"end":{"line":201,"column":95}},"78":{"start":{"line":202,"column":22},"end":{"line":202,"column":88}},"79":{"start":{"line":204,"column":26},"end":{"line":204,"column":38}},"80":{"start":{"line":205,"column":6},"end":{"line":209,"column":7}},"81":{"start":{"line":206,"column":8},"end":{"line":206,"column":32}},"82":{"start":{"line":207,"column":13},"end":{"line":209,"column":7}},"83":{"start":{"line":208,"column":8},"end":{"line":208,"column":32}},"84":{"start":{"line":211,"column":6},"end":{"line":222,"column":7}},"85":{"start":{"line":212,"column":8},"end":{"line":212,"column":38}},"86":{"start":{"line":213,"column":8},"end":{"line":217,"column":9}},"87":{"start":{"line":214,"column":10},"end":{"line":214,"column":44}},"88":{"start":{"line":215,"column":10},"end":{"line":215,"column":39}},"89":{"start":{"line":216,"column":20},"end":{"line":216,"column":88}},"90":{"start":{"line":220,"column":8},"end":{"line":220,"column":42}},"91":{"start":{"line":221,"column":8},"end":{"line":221,"column":37}},"92":{"start":{"line":227,"column":58},"end":{"line":227,"column":73}},"93":{"start":{"line":228,"column":36},"end":{"line":228,"column":56}},"94":{"start":{"line":229,"column":26},"end":{"line":229,"column":50}},"95":{"start":{"line":232,"column":29},"end":{"line":232,"column":51}},"96":{"start":{"line":234,"column":21},"end":{"line":237,"column":3}},"97":{"start":{"line":235,"column":4},"end":{"line":235,"column":59}},"98":{"start":{"line":236,"column":4},"end":{"line":236,"column":64}},"99":{"start":{"line":236,"column":26},"end":{"line":236,"column":62}},"100":{"start":{"line":239,"column":32},"end":{"line":254,"column":3}},"101":{"start":{"line":240,"column":22},"end":{"line":240,"column":88}},"102":{"start":{"line":241,"column":4},"end":{"line":241,"column":28}},"103":{"start":{"line":242,"column":4},"end":{"line":242,"column":34}},"104":{"start":{"line":245,"column":4},"end":{"line":253,"column":12}},"105":{"start":{"line":246,"column":20},"end":{"line":246,"column":57}},"106":{"start":{"line":247,"column":6},"end":{"line":252,"column":7}},"107":{"start":{"line":248,"column":8},"end":{"line":251,"column":11}},"108":{"start":{"line":256,"column":29},"end":{"line":264,"column":3}},"109":{"start":{"line":257,"column":20},"end":{"line":257,"column":53}},"110":{"start":{"line":258,"column":18},"end":{"line":258,"column":42}},"111":{"start":{"line":259,"column":18},"end":{"line":259,"column":43}},"112":{"start":{"line":260,"column":4},"end":{"line":263,"column":5}},"113":{"start":{"line":261,"column":6},"end":{"line":261,"column":26}},"114":{"start":{"line":262,"column":6},"end":{"line":262,"column":31}},"115":{"start":{"line":266,"column":32},"end":{"line":276,"column":3}},"116":{"start":{"line":267,"column":4},"end":{"line":267,"column":59}},"117":{"start":{"line":268,"column":4},"end":{"line":268,"column":22}},"118":{"start":{"line":269,"column":18},"end":{"line":269,"column":49}},"119":{"start":{"line":270,"column":4},"end":{"line":275,"column":5}},"120":{"start":{"line":271,"column":6},"end":{"line":274,"column":9}},"121":{"start":{"line":279,"column":60},"end":{"line":279,"column":75}},"122":{"start":{"line":280,"column":40},"end":{"line":280,"column":91}},"123":{"start":{"line":283,"column":29},"end":{"line":295,"column":3}},"124":{"start":{"line":284,"column":4},"end":{"line":284,"column":59}},"125":{"start":{"line":285,"column":4},"end":{"line":285,"column":24}},"126":{"start":{"line":286,"column":27},"end":{"line":286,"column":59}},"127":{"start":{"line":287,"column":4},"end":{"line":292,"column":72}},"128":{"start":{"line":287,"column":30},"end":{"line":287,"column":65}},"129":{"start":{"line":288,"column":9},"end":{"line":292,"column":72}},"130":{"start":{"line":288,"column":33},"end":{"line":288,"column":64}},"131":{"start":{"line":289,"column":9},"end":{"line":292,"column":72}},"132":{"start":{"line":289,"column":41},"end":{"line":289,"column":73}},"133":{"start":{"line":290,"column":9},"end":{"line":292,"column":72}},"134":{"start":{"line":290,"column":35},"end":{"line":290,"column":67}},"135":{"start":{"line":291,"column":9},"end":{"line":292,"column":72}},"136":{"start":{"line":291,"column":38},"end":{"line":291,"column":71}},"137":{"start":{"line":292,"column":9},"end":{"line":292,"column":72}},"138":{"start":{"line":292,"column":40},"end":{"line":292,"column":72}},"139":{"start":{"line":297,"column":22},"end":{"line":308,"column":3}},"140":{"start":{"line":298,"column":21},"end":{"line":298,"column":45}},"141":{"start":{"line":299,"column":4},"end":{"line":307,"column":5}},"142":{"start":{"line":300,"column":20},"end":{"line":300,"column":50}},"143":{"start":{"line":301,"column":18},"end":{"line":301,"column":42}},"144":{"start":{"line":302,"column":26},"end":{"line":302,"column":51}},"145":{"start":{"line":303,"column":20},"end":{"line":303,"column":45}},"146":{"start":{"line":304,"column":23},"end":{"line":304,"column":50}},"147":{"start":{"line":305,"column":25},"end":{"line":305,"column":50}},"148":{"start":{"line":306,"column":15},"end":{"line":306,"column":39}},"149":{"start":{"line":310,"column":26},"end":{"line":313,"column":7}},"150":{"start":{"line":311,"column":4},"end":{"line":311,"column":59}},"151":{"start":{"line":312,"column":4},"end":{"line":312,"column":57}},"152":{"start":{"line":312,"column":29},"end":{"line":312,"column":55}},"153":{"start":{"line":315,"column":26},"end":{"line":327,"column":7}},"154":{"start":{"line":316,"column":4},"end":{"line":316,"column":59}},"155":{"start":{"line":317,"column":17},"end":{"line":317,"column":18}},"156":{"start":{"line":318,"column":21},"end":{"line":318,"column":45}},"157":{"start":{"line":319,"column":17},"end":{"line":319,"column":44}},"158":{"start":{"line":320,"column":4},"end":{"line":325,"column":56}},"159":{"start":{"line":320,"column":28},"end":{"line":320,"column":49}},"160":{"start":{"line":321,"column":9},"end":{"line":325,"column":56}},"161":{"start":{"line":321,"column":31},"end":{"line":321,"column":49}},"162":{"start":{"line":322,"column":9},"end":{"line":325,"column":56}},"163":{"start":{"line":322,"column":39},"end":{"line":322,"column":57}},"164":{"start":{"line":323,"column":9},"end":{"line":325,"column":56}},"165":{"start":{"line":323,"column":33},"end":{"line":323,"column":51}},"166":{"start":{"line":324,"column":9},"end":{"line":325,"column":56}},"167":{"start":{"line":324,"column":36},"end":{"line":324,"column":56}},"168":{"start":{"line":325,"column":9},"end":{"line":325,"column":56}},"169":{"start":{"line":325,"column":38},"end":{"line":325,"column":56}},"170":{"start":{"line":326,"column":4},"end":{"line":326,"column":62}},"171":{"start":{"line":326,"column":29},"end":{"line":326,"column":60}},"172":{"start":{"line":329,"column":34},"end":{"line":358,"column":3}},"173":{"start":{"line":330,"column":4},"end":{"line":330,"column":38}},"174":{"start":{"line":330,"column":31},"end":{"line":330,"column":38}},"175":{"start":{"line":331,"column":4},"end":{"line":331,"column":59}},"176":{"start":{"line":332,"column":4},"end":{"line":332,"column":26}},"177":{"start":{"line":333,"column":8},"end":{"line":357,"column":5}},"178":{"start":{"line":335,"column":6},"end":{"line":344,"column":9}},"179":{"start":{"line":336,"column":27},"end":{"line":336,"column":46}},"180":{"start":{"line":337,"column":8},"end":{"line":337,"column":85}},"181":{"start":{"line":337,"column":32},"end":{"line":337,"column":85}},"182":{"start":{"line":338,"column":8},"end":{"line":338,"column":74}},"183":{"start":{"line":338,"column":30},"end":{"line":338,"column":74}},"184":{"start":{"line":339,"column":8},"end":{"line":339,"column":85}},"185":{"start":{"line":339,"column":38},"end":{"line":339,"column":85}},"186":{"start":{"line":340,"column":8},"end":{"line":340,"column":79}},"187":{"start":{"line":340,"column":32},"end":{"line":340,"column":79}},"188":{"start":{"line":341,"column":8},"end":{"line":341,"column":85}},"189":{"start":{"line":341,"column":35},"end":{"line":341,"column":85}},"190":{"start":{"line":342,"column":8},"end":{"line":342,"column":84}},"191":{"start":{"line":342,"column":37},"end":{"line":342,"column":84}},"192":{"start":{"line":343,"column":8},"end":{"line":343,"column":26}},"193":{"start":{"line":347,"column":6},"end":{"line":356,"column":9}},"194":{"start":{"line":348,"column":24},"end":{"line":348,"column":43}},"195":{"start":{"line":349,"column":8},"end":{"line":349,"column":82}},"196":{"start":{"line":349,"column":32},"end":{"line":349,"column":82}},"197":{"start":{"line":350,"column":8},"end":{"line":350,"column":70}},"198":{"start":{"line":350,"column":30},"end":{"line":350,"column":70}},"199":{"start":{"line":351,"column":8},"end":{"line":351,"column":79}},"200":{"start":{"line":351,"column":38},"end":{"line":351,"column":79}},"201":{"start":{"line":352,"column":8},"end":{"line":352,"column":73}},"202":{"start":{"line":352,"column":32},"end":{"line":352,"column":73}},"203":{"start":{"line":353,"column":8},"end":{"line":353,"column":79}},"204":{"start":{"line":353,"column":35},"end":{"line":353,"column":79}},"205":{"start":{"line":354,"column":8},"end":{"line":354,"column":78}},"206":{"start":{"line":354,"column":37},"end":{"line":354,"column":78}},"207":{"start":{"line":355,"column":8},"end":{"line":355,"column":41}},"208":{"start":{"line":360,"column":28},"end":{"line":369,"column":3}},"209":{"start":{"line":361,"column":4},"end":{"line":361,"column":59}},"210":{"start":{"line":362,"column":4},"end":{"line":362,"column":20}},"211":{"start":{"line":363,"column":4},"end":{"line":363,"column":23}},"212":{"start":{"line":366,"column":4},"end":{"line":368,"column":12}},"213":{"start":{"line":367,"column":6},"end":{"line":367,"column":23}},"214":{"start":{"line":371,"column":30},"end":{"line":377,"column":3}},"215":{"start":{"line":372,"column":4},"end":{"line":372,"column":45}},"216":{"start":{"line":372,"column":38},"end":{"line":372,"column":45}},"217":{"start":{"line":374,"column":4},"end":{"line":374,"column":72}},"218":{"start":{"line":375,"column":4},"end":{"line":375,"column":35}},"219":{"start":{"line":376,"column":4},"end":{"line":376,"column":27}},"220":{"start":{"line":379,"column":20},"end":{"line":395,"column":3}},"221":{"start":{"line":380,"column":4},"end":{"line":380,"column":21}},"222":{"start":{"line":381,"column":20},"end":{"line":381,"column":39}},"223":{"start":{"line":382,"column":4},"end":{"line":382,"column":28}},"224":{"start":{"line":383,"column":4},"end":{"line":383,"column":26}},"225":{"start":{"line":384,"column":4},"end":{"line":384,"column":23}},"226":{"start":{"line":385,"column":4},"end":{"line":385,"column":32}},"227":{"start":{"line":386,"column":18},"end":{"line":386,"column":28}},"228":{"start":{"line":387,"column":4},"end":{"line":387,"column":103}},"229":{"start":{"line":388,"column":4},"end":{"line":388,"column":34}},"230":{"start":{"line":389,"column":4},"end":{"line":389,"column":17}},"231":{"start":{"line":390,"column":4},"end":{"line":390,"column":23}},"232":{"start":{"line":391,"column":4},"end":{"line":391,"column":35}},"233":{"start":{"line":392,"column":4},"end":{"line":392,"column":21}},"234":{"start":{"line":393,"column":4},"end":{"line":393,"column":27}},"235":{"start":{"line":394,"column":4},"end":{"line":394,"column":63}},"236":{"start":{"line":398,"column":4},"end":{"line":435,"column":5}},"237":{"start":{"line":399,"column":6},"end":{"line":433,"column":7}},"238":{"start":{"line":400,"column":8},"end":{"line":400,"column":37}},"239":{"start":{"line":401,"column":22},"end":{"line":401,"column":76}},"240":{"start":{"line":402,"column":25},"end":{"line":407,"column":10}},"241":{"start":{"line":408,"column":21},"end":{"line":408,"column":42}},"242":{"start":{"line":410,"column":8},"end":{"line":428,"column":9}},"243":{"start":{"line":411,"column":10},"end":{"line":411,"column":42}},"244":{"start":{"line":412,"column":25},"end":{"line":412,"column":104}},"245":{"start":{"line":414,"column":10},"end":{"line":424,"column":11}},"246":{"start":{"line":416,"column":12},"end":{"line":418,"column":13}},"247":{"start":{"line":417,"column":14},"end":{"line":417,"column":34}},"248":{"start":{"line":423,"column":12},"end":{"line":423,"column":35}},"249":{"start":{"line":426,"column":10},"end":{"line":426,"column":68}},"250":{"start":{"line":427,"column":10},"end":{"line":427,"column":33}},"251":{"start":{"line":430,"column":8},"end":{"line":430,"column":59}},"252":{"start":{"line":431,"column":8},"end":{"line":431,"column":69}},"253":{"start":{"line":432,"column":8},"end":{"line":432,"column":31}},"254":{"start":{"line":434,"column":6},"end":{"line":434,"column":13}},"255":{"start":{"line":437,"column":4},"end":{"line":437,"column":60}},"256":{"start":{"line":438,"column":4},"end":{"line":438,"column":33}},"257":{"start":{"line":440,"column":4},"end":{"line":511,"column":5}},"258":{"start":{"line":442,"column":37},"end":{"line":442,"column":86}},"259":{"start":{"line":444,"column":30},"end":{"line":446,"column":7}},"260":{"start":{"line":445,"column":8},"end":{"line":445,"column":121}},"261":{"start":{"line":448,"column":31},"end":{"line":448,"column":68}},"262":{"start":{"line":449,"column":31},"end":{"line":449,"column":68}},"263":{"start":{"line":450,"column":26},"end":{"line":450,"column":57}},"264":{"start":{"line":452,"column":28},"end":{"line":463,"column":7}},"265":{"start":{"line":466,"column":6},"end":{"line":482,"column":7}},"266":{"start":{"line":467,"column":8},"end":{"line":481,"column":9}},"267":{"start":{"line":468,"column":32},"end":{"line":468,"column":89}},"268":{"start":{"line":469,"column":10},"end":{"line":478,"column":11}},"269":{"start":{"line":470,"column":34},"end":{"line":470,"column":114}},"270":{"start":{"line":471,"column":42},"end":{"line":475,"column":13}},"271":{"start":{"line":476,"column":12},"end":{"line":476,"column":75}},"272":{"start":{"line":477,"column":12},"end":{"line":477,"column":76}},"273":{"start":{"line":480,"column":10},"end":{"line":480,"column":79}},"274":{"start":{"line":485,"column":6},"end":{"line":485,"column":66}},"275":{"start":{"line":488,"column":6},"end":{"line":488,"column":51}},"276":{"start":{"line":490,"column":6},"end":{"line":490,"column":74}},"277":{"start":{"line":491,"column":6},"end":{"line":491,"column":32}},"278":{"start":{"line":494,"column":6},"end":{"line":502,"column":15}},"279":{"start":{"line":495,"column":8},"end":{"line":495,"column":40}},"280":{"start":{"line":496,"column":8},"end":{"line":496,"column":28}},"281":{"start":{"line":499,"column":8},"end":{"line":501,"column":16}},"282":{"start":{"line":500,"column":10},"end":{"line":500,"column":22}},"283":{"start":{"line":505,"column":6},"end":{"line":505,"column":27}},"284":{"start":{"line":506,"column":6},"end":{"line":506,"column":29}},"285":{"start":{"line":507,"column":6},"end":{"line":510,"column":8}},"286":{"start":{"line":514,"column":28},"end":{"line":523,"column":3}},"287":{"start":{"line":515,"column":4},"end":{"line":522,"column":5}},"288":{"start":{"line":516,"column":20},"end":{"line":516,"column":46}},"289":{"start":{"line":517,"column":18},"end":{"line":517,"column":42}},"290":{"start":{"line":518,"column":26},"end":{"line":518,"column":58}},"291":{"start":{"line":519,"column":20},"end":{"line":519,"column":46}},"292":{"start":{"line":520,"column":23},"end":{"line":520,"column":52}},"293":{"start":{"line":521,"column":25},"end":{"line":521,"column":56}},"294":{"start":{"line":525,"column":25},"end":{"line":535,"column":3}},"295":{"start":{"line":526,"column":19},"end":{"line":526,"column":71}},"296":{"start":{"line":527,"column":4},"end":{"line":534,"column":5}},"297":{"start":{"line":528,"column":20},"end":{"line":528,"column":65}},"298":{"start":{"line":529,"column":18},"end":{"line":529,"column":61}},"299":{"start":{"line":530,"column":26},"end":{"line":530,"column":77}},"300":{"start":{"line":531,"column":20},"end":{"line":531,"column":65}},"301":{"start":{"line":532,"column":23},"end":{"line":532,"column":71}},"302":{"start":{"line":533,"column":25},"end":{"line":533,"column":75}},"303":{"start":{"line":537,"column":33},"end":{"line":548,"column":3}},"304":{"start":{"line":538,"column":27},"end":{"line":538,"column":115}},"305":{"start":{"line":539,"column":21},"end":{"line":539,"column":45}},"306":{"start":{"line":540,"column":16},"end":{"line":540,"column":77}},"307":{"start":{"line":542,"column":18},"end":{"line":542,"column":24}},"308":{"start":{"line":543,"column":4},"end":{"line":545,"column":54}},"309":{"start":{"line":543,"column":32},"end":{"line":543,"column":48}},"310":{"start":{"line":544,"column":9},"end":{"line":545,"column":54}},"311":{"start":{"line":544,"column":37},"end":{"line":544,"column":55}},"312":{"start":{"line":545,"column":9},"end":{"line":545,"column":54}},"313":{"start":{"line":545,"column":37},"end":{"line":545,"column":54}},"314":{"start":{"line":547,"column":4},"end":{"line":547,"column":83}},"315":{"start":{"line":550,"column":24},"end":{"line":559,"column":3}},"316":{"start":{"line":551,"column":4},"end":{"line":558,"column":5}},"317":{"start":{"line":552,"column":20},"end":{"line":552,"column":34}},"318":{"start":{"line":553,"column":18},"end":{"line":553,"column":31}},"319":{"start":{"line":554,"column":26},"end":{"line":554,"column":39}},"320":{"start":{"line":555,"column":20},"end":{"line":555,"column":37}},"321":{"start":{"line":556,"column":23},"end":{"line":556,"column":37}},"322":{"start":{"line":557,"column":25},"end":{"line":557,"column":48}},"323":{"start":{"line":561,"column":25},"end":{"line":570,"column":3}},"324":{"start":{"line":562,"column":4},"end":{"line":569,"column":5}},"325":{"start":{"line":563,"column":20},"end":{"line":563,"column":50}},"326":{"start":{"line":564,"column":18},"end":{"line":564,"column":48}},"327":{"start":{"line":565,"column":26},"end":{"line":565,"column":56}},"328":{"start":{"line":566,"column":20},"end":{"line":566,"column":50}},"329":{"start":{"line":567,"column":23},"end":{"line":567,"column":53}},"330":{"start":{"line":568,"column":25},"end":{"line":568,"column":55}},"331":{"start":{"line":572,"column":2},"end":{"line":853,"column":4}},"332":{"start":{"line":604,"column":31},"end":{"line":604,"column":46}},"333":{"start":{"line":605,"column":31},"end":{"line":605,"column":51}},"334":{"start":{"line":607,"column":16},"end":{"line":612,"column":23}},"335":{"start":{"line":614,"column":14},"end":{"line":622,"column":16}},"336":{"start":{"line":615,"column":60},"end":{"line":615,"column":84}},"337":{"start":{"line":633,"column":47},"end":{"line":633,"column":79}},"338":{"start":{"line":636,"column":47},"end":{"line":636,"column":80}},"339":{"start":{"line":643,"column":45},"end":{"line":643,"column":75}},"340":{"start":{"line":652,"column":45},"end":{"line":652,"column":75}},"341":{"start":{"line":665,"column":35},"end":{"line":665,"column":61}},"342":{"start":{"line":666,"column":16},"end":{"line":670,"column":18}},"343":{"start":{"line":667,"column":66},"end":{"line":667,"column":121}},"344":{"start":{"line":667,"column":122},"end":{"line":667,"column":149}},"345":{"start":{"line":676,"column":47},"end":{"line":676,"column":102}},"346":{"start":{"line":676,"column":103},"end":{"line":676,"column":144}},"347":{"start":{"line":676,"column":124},"end":{"line":676,"column":142}},"348":{"start":{"line":683,"column":47},"end":{"line":683,"column":102}},"349":{"start":{"line":683,"column":103},"end":{"line":683,"column":145}},"350":{"start":{"line":683,"column":124},"end":{"line":683,"column":143}},"351":{"start":{"line":695,"column":33},"end":{"line":695,"column":49}},"352":{"start":{"line":696,"column":14},"end":{"line":700,"column":16}},"353":{"start":{"line":697,"column":134},"end":{"line":697,"column":159}},"354":{"start":{"line":720,"column":26},"end":{"line":720,"column":75}},"355":{"start":{"line":721,"column":12},"end":{"line":721,"column":97}},"356":{"start":{"line":749,"column":30},"end":{"line":749,"column":61}},"357":{"start":{"line":755,"column":27},"end":{"line":755,"column":90}},"358":{"start":{"line":819,"column":33},"end":{"line":819,"column":49}},"359":{"start":{"line":856,"column":15},"end":{"line":1300,"column":2}}},"fnMap":{"0":{"name":"CommitScreen","decl":{"start":{"line":47,"column":24},"end":{"line":47,"column":36}},"loc":{"start":{"line":47,"column":39},"end":{"line":854,"column":1}},"line":47},"1":{"name":"(anonymous_1)","decl":{"start":{"line":62,"column":45},"end":{"line":62,"column":46}},"loc":{"start":{"line":62,"column":51},"end":{"line":62,"column":92}},"line":62},"2":{"name":"(anonymous_2)","decl":{"start":{"line":65,"column":12},"end":{"line":65,"column":13}},"loc":{"start":{"line":65,"column":18},"end":{"line":87,"column":3}},"line":65},"3":{"name":"(anonymous_3)","decl":{"start":{"line":78,"column":31},"end":{"line":78,"column":32}},"loc":{"start":{"line":78,"column":37},"end":{"line":84,"column":7}},"line":78},"4":{"name":"(anonymous_4)","decl":{"start":{"line":85,"column":13},"end":{"line":85,"column":14}},"loc":{"start":{"line":85,"column":19},"end":{"line":85,"column":38}},"line":85},"5":{"name":"(anonymous_5)","decl":{"start":{"line":96,"column":27},"end":{"line":96,"column":28}},"loc":{"start":{"line":96,"column":62},"end":{"line":98,"column":3}},"line":96},"6":{"name":"(anonymous_6)","decl":{"start":{"line":100,"column":12},"end":{"line":100,"column":13}},"loc":{"start":{"line":100,"column":18},"end":{"line":110,"column":3}},"line":100},"7":{"name":"(anonymous_7)","decl":{"start":{"line":102,"column":31},"end":{"line":102,"column":32}},"loc":{"start":{"line":102,"column":37},"end":{"line":107,"column":7}},"line":102},"8":{"name":"(anonymous_8)","decl":{"start":{"line":108,"column":13},"end":{"line":108,"column":14}},"loc":{"start":{"line":108,"column":19},"end":{"line":108,"column":38}},"line":108},"9":{"name":"(anonymous_9)","decl":{"start":{"line":119,"column":12},"end":{"line":119,"column":13}},"loc":{"start":{"line":119,"column":18},"end":{"line":132,"column":3}},"line":119},"10":{"name":"(anonymous_10)","decl":{"start":{"line":134,"column":45},"end":{"line":134,"column":46}},"loc":{"start":{"line":134,"column":51},"end":{"line":139,"column":3}},"line":134},"11":{"name":"(anonymous_11)","decl":{"start":{"line":147,"column":63},"end":{"line":147,"column":64}},"loc":{"start":{"line":147,"column":69},"end":{"line":151,"column":3}},"line":147},"12":{"name":"(anonymous_12)","decl":{"start":{"line":155,"column":30},"end":{"line":155,"column":31}},"loc":{"start":{"line":155,"column":36},"end":{"line":176,"column":3}},"line":155},"13":{"name":"(anonymous_13)","decl":{"start":{"line":164,"column":28},"end":{"line":164,"column":29}},"loc":{"start":{"line":164,"column":41},"end":{"line":166,"column":5}},"line":164},"14":{"name":"(anonymous_14)","decl":{"start":{"line":168,"column":28},"end":{"line":168,"column":29}},"loc":{"start":{"line":168,"column":41},"end":{"line":170,"column":5}},"line":168},"15":{"name":"(anonymous_15)","decl":{"start":{"line":178,"column":29},"end":{"line":178,"column":30}},"loc":{"start":{"line":178,"column":96},"end":{"line":185,"column":3}},"line":178},"16":{"name":"(anonymous_16)","decl":{"start":{"line":180,"column":37},"end":{"line":180,"column":38}},"loc":{"start":{"line":180,"column":42},"end":{"line":180,"column":57}},"line":180},"17":{"name":"(anonymous_17)","decl":{"start":{"line":187,"column":28},"end":{"line":187,"column":29}},"loc":{"start":{"line":187,"column":41},"end":{"line":189,"column":3}},"line":187},"18":{"name":"(anonymous_18)","decl":{"start":{"line":192,"column":33},"end":{"line":192,"column":34}},"loc":{"start":{"line":192,"column":39},"end":{"line":195,"column":3}},"line":192},"19":{"name":"(anonymous_19)","decl":{"start":{"line":197,"column":27},"end":{"line":197,"column":28}},"loc":{"start":{"line":197,"column":64},"end":{"line":224,"column":3}},"line":197},"20":{"name":"(anonymous_20)","decl":{"start":{"line":234,"column":21},"end":{"line":234,"column":22}},"loc":{"start":{"line":234,"column":45},"end":{"line":237,"column":3}},"line":234},"21":{"name":"(anonymous_21)","decl":{"start":{"line":236,"column":18},"end":{"line":236,"column":19}},"loc":{"start":{"line":236,"column":26},"end":{"line":236,"column":62}},"line":236},"22":{"name":"(anonymous_22)","decl":{"start":{"line":239,"column":32},"end":{"line":239,"column":33}},"loc":{"start":{"line":239,"column":38},"end":{"line":254,"column":3}},"line":239},"23":{"name":"(anonymous_23)","decl":{"start":{"line":245,"column":15},"end":{"line":245,"column":16}},"loc":{"start":{"line":245,"column":21},"end":{"line":253,"column":5}},"line":245},"24":{"name":"(anonymous_24)","decl":{"start":{"line":256,"column":29},"end":{"line":256,"column":30}},"loc":{"start":{"line":256,"column":45},"end":{"line":264,"column":3}},"line":256},"25":{"name":"(anonymous_25)","decl":{"start":{"line":266,"column":32},"end":{"line":266,"column":33}},"loc":{"start":{"line":266,"column":49},"end":{"line":276,"column":3}},"line":266},"26":{"name":"(anonymous_26)","decl":{"start":{"line":283,"column":29},"end":{"line":283,"column":30}},"loc":{"start":{"line":283,"column":55},"end":{"line":295,"column":3}},"line":283},"27":{"name":"(anonymous_27)","decl":{"start":{"line":297,"column":22},"end":{"line":297,"column":23}},"loc":{"start":{"line":297,"column":28},"end":{"line":308,"column":3}},"line":297},"28":{"name":"(anonymous_28)","decl":{"start":{"line":310,"column":26},"end":{"line":310,"column":27}},"loc":{"start":{"line":310,"column":46},"end":{"line":313,"column":7}},"line":310},"29":{"name":"(anonymous_29)","decl":{"start":{"line":312,"column":19},"end":{"line":312,"column":20}},"loc":{"start":{"line":312,"column":29},"end":{"line":312,"column":55}},"line":312},"30":{"name":"(anonymous_30)","decl":{"start":{"line":315,"column":26},"end":{"line":315,"column":27}},"loc":{"start":{"line":315,"column":46},"end":{"line":327,"column":7}},"line":315},"31":{"name":"(anonymous_31)","decl":{"start":{"line":326,"column":19},"end":{"line":326,"column":20}},"loc":{"start":{"line":326,"column":29},"end":{"line":326,"column":60}},"line":326},"32":{"name":"(anonymous_32)","decl":{"start":{"line":329,"column":34},"end":{"line":329,"column":35}},"loc":{"start":{"line":329,"column":65},"end":{"line":358,"column":3}},"line":329},"33":{"name":"(anonymous_33)","decl":{"start":{"line":335,"column":21},"end":{"line":335,"column":22}},"loc":{"start":{"line":335,"column":31},"end":{"line":344,"column":7}},"line":335},"34":{"name":"(anonymous_34)","decl":{"start":{"line":347,"column":21},"end":{"line":347,"column":22}},"loc":{"start":{"line":347,"column":31},"end":{"line":356,"column":7}},"line":347},"35":{"name":"(anonymous_35)","decl":{"start":{"line":360,"column":28},"end":{"line":360,"column":29}},"loc":{"start":{"line":360,"column":47},"end":{"line":369,"column":3}},"line":360},"36":{"name":"(anonymous_36)","decl":{"start":{"line":366,"column":15},"end":{"line":366,"column":16}},"loc":{"start":{"line":366,"column":21},"end":{"line":368,"column":5}},"line":366},"37":{"name":"(anonymous_37)","decl":{"start":{"line":371,"column":30},"end":{"line":371,"column":31}},"loc":{"start":{"line":371,"column":42},"end":{"line":377,"column":3}},"line":371},"38":{"name":"(anonymous_38)","decl":{"start":{"line":379,"column":20},"end":{"line":379,"column":21}},"loc":{"start":{"line":379,"column":26},"end":{"line":395,"column":3}},"line":379},"39":{"name":"confirmPayment","decl":{"start":{"line":397,"column":17},"end":{"line":397,"column":31}},"loc":{"start":{"line":397,"column":129},"end":{"line":512,"column":3}},"line":397},"40":{"name":"(anonymous_40)","decl":{"start":{"line":444,"column":30},"end":{"line":444,"column":31}},"loc":{"start":{"line":444,"column":43},"end":{"line":446,"column":7}},"line":444},"41":{"name":"(anonymous_41)","decl":{"start":{"line":494,"column":17},"end":{"line":494,"column":18}},"loc":{"start":{"line":494,"column":23},"end":{"line":502,"column":7}},"line":494},"42":{"name":"(anonymous_42)","decl":{"start":{"line":499,"column":19},"end":{"line":499,"column":20}},"loc":{"start":{"line":499,"column":25},"end":{"line":501,"column":9}},"line":499},"43":{"name":"(anonymous_43)","decl":{"start":{"line":514,"column":28},"end":{"line":514,"column":29}},"loc":{"start":{"line":514,"column":50},"end":{"line":523,"column":3}},"line":514},"44":{"name":"(anonymous_44)","decl":{"start":{"line":525,"column":25},"end":{"line":525,"column":26}},"loc":{"start":{"line":525,"column":31},"end":{"line":535,"column":3}},"line":525},"45":{"name":"(anonymous_45)","decl":{"start":{"line":537,"column":33},"end":{"line":537,"column":34}},"loc":{"start":{"line":537,"column":39},"end":{"line":548,"column":3}},"line":537},"46":{"name":"(anonymous_46)","decl":{"start":{"line":550,"column":24},"end":{"line":550,"column":25}},"loc":{"start":{"line":550,"column":46},"end":{"line":559,"column":3}},"line":550},"47":{"name":"(anonymous_47)","decl":{"start":{"line":561,"column":25},"end":{"line":561,"column":26}},"loc":{"start":{"line":561,"column":65},"end":{"line":570,"column":3}},"line":561},"48":{"name":"(anonymous_48)","decl":{"start":{"line":603,"column":67},"end":{"line":603,"column":68}},"loc":{"start":{"line":603,"column":77},"end":{"line":623,"column":13}},"line":603},"49":{"name":"(anonymous_49)","decl":{"start":{"line":615,"column":54},"end":{"line":615,"column":55}},"loc":{"start":{"line":615,"column":60},"end":{"line":615,"column":84}},"line":615},"50":{"name":"(anonymous_50)","decl":{"start":{"line":633,"column":41},"end":{"line":633,"column":42}},"loc":{"start":{"line":633,"column":47},"end":{"line":633,"column":79}},"line":633},"51":{"name":"(anonymous_51)","decl":{"start":{"line":636,"column":41},"end":{"line":636,"column":42}},"loc":{"start":{"line":636,"column":47},"end":{"line":636,"column":80}},"line":636},"52":{"name":"(anonymous_52)","decl":{"start":{"line":643,"column":39},"end":{"line":643,"column":40}},"loc":{"start":{"line":643,"column":45},"end":{"line":643,"column":75}},"line":643},"53":{"name":"(anonymous_53)","decl":{"start":{"line":652,"column":39},"end":{"line":652,"column":40}},"loc":{"start":{"line":652,"column":45},"end":{"line":652,"column":75}},"line":652},"54":{"name":"(anonymous_54)","decl":{"start":{"line":664,"column":41},"end":{"line":664,"column":42}},"loc":{"start":{"line":664,"column":50},"end":{"line":671,"column":15}},"line":664},"55":{"name":"(anonymous_55)","decl":{"start":{"line":667,"column":58},"end":{"line":667,"column":59}},"loc":{"start":{"line":667,"column":64},"end":{"line":667,"column":151}},"line":667},"56":{"name":"(anonymous_56)","decl":{"start":{"line":676,"column":39},"end":{"line":676,"column":40}},"loc":{"start":{"line":676,"column":45},"end":{"line":676,"column":146}},"line":676},"57":{"name":"(anonymous_57)","decl":{"start":{"line":676,"column":119},"end":{"line":676,"column":120}},"loc":{"start":{"line":676,"column":124},"end":{"line":676,"column":142}},"line":676},"58":{"name":"(anonymous_58)","decl":{"start":{"line":683,"column":39},"end":{"line":683,"column":40}},"loc":{"start":{"line":683,"column":45},"end":{"line":683,"column":147}},"line":683},"59":{"name":"(anonymous_59)","decl":{"start":{"line":683,"column":119},"end":{"line":683,"column":120}},"loc":{"start":{"line":683,"column":124},"end":{"line":683,"column":143}},"line":683},"60":{"name":"(anonymous_60)","decl":{"start":{"line":694,"column":29},"end":{"line":694,"column":30}},"loc":{"start":{"line":694,"column":41},"end":{"line":701,"column":13}},"line":694},"61":{"name":"(anonymous_61)","decl":{"start":{"line":697,"column":128},"end":{"line":697,"column":129}},"loc":{"start":{"line":697,"column":134},"end":{"line":697,"column":159}},"line":697},"62":{"name":"(anonymous_62)","decl":{"start":{"line":719,"column":12},"end":{"line":719,"column":13}},"loc":{"start":{"line":719,"column":18},"end":{"line":722,"column":11}},"line":719},"63":{"name":"(anonymous_63)","decl":{"start":{"line":749,"column":24},"end":{"line":749,"column":25}},"loc":{"start":{"line":749,"column":30},"end":{"line":749,"column":61}},"line":749},"64":{"name":"(anonymous_64)","decl":{"start":{"line":755,"column":21},"end":{"line":755,"column":22}},"loc":{"start":{"line":755,"column":27},"end":{"line":755,"column":90}},"line":755},"65":{"name":"(anonymous_65)","decl":{"start":{"line":819,"column":27},"end":{"line":819,"column":28}},"loc":{"start":{"line":819,"column":33},"end":{"line":819,"column":49}},"line":819}},"branchMap":{"0":{"loc":{"start":{"line":62,"column":51},"end":{"line":62,"column":92}},"type":"cond-expr","locations":[{"start":{"line":62,"column":67},"end":{"line":62,"column":88}},{"start":{"line":62,"column":91},"end":{"line":62,"column":92}}],"line":62},"1":{"loc":{"start":{"line":66,"column":4},"end":{"line":86,"column":5}},"type":"if","locations":[{"start":{"line":66,"column":4},"end":{"line":86,"column":5}},{"start":{},"end":{}}],"line":66},"2":{"loc":{"start":{"line":68,"column":6},"end":{"line":70,"column":7}},"type":"if","locations":[{"start":{"line":68,"column":6},"end":{"line":70,"column":7}},{"start":{},"end":{}}],"line":68},"3":{"loc":{"start":{"line":71,"column":6},"end":{"line":73,"column":7}},"type":"if","locations":[{"start":{"line":71,"column":6},"end":{"line":73,"column":7}},{"start":{},"end":{}}],"line":71},"4":{"loc":{"start":{"line":74,"column":6},"end":{"line":76,"column":7}},"type":"if","locations":[{"start":{"line":74,"column":6},"end":{"line":76,"column":7}},{"start":{},"end":{}}],"line":74},"5":{"loc":{"start":{"line":81,"column":23},"end":{"line":81,"column":80}},"type":"cond-expr","locations":[{"start":{"line":81,"column":43},"end":{"line":81,"column":68}},{"start":{"line":81,"column":71},"end":{"line":81,"column":80}}],"line":81},"6":{"loc":{"start":{"line":101,"column":4},"end":{"line":109,"column":5}},"type":"if","locations":[{"start":{"line":101,"column":4},"end":{"line":109,"column":5}},{"start":{},"end":{}}],"line":101},"7":{"loc":{"start":{"line":101,"column":8},"end":{"line":101,"column":71}},"type":"binary-expr","locations":[{"start":{"line":101,"column":8},"end":{"line":101,"column":22}},{"start":{"line":101,"column":26},"end":{"line":101,"column":71}}],"line":101},"8":{"loc":{"start":{"line":120,"column":4},"end":{"line":131,"column":5}},"type":"if","locations":[{"start":{"line":120,"column":4},"end":{"line":131,"column":5}},{"start":{"line":129,"column":11},"end":{"line":131,"column":5}}],"line":120},"9":{"loc":{"start":{"line":137,"column":27},"end":{"line":137,"column":85}},"type":"cond-expr","locations":[{"start":{"line":137,"column":43},"end":{"line":137,"column":81}},{"start":{"line":137,"column":84},"end":{"line":137,"column":85}}],"line":137},"10":{"loc":{"start":{"line":180,"column":24},"end":{"line":180,"column":72}},"type":"binary-expr","locations":[{"start":{"line":180,"column":24},"end":{"line":180,"column":58}},{"start":{"line":180,"column":62},"end":{"line":180,"column":72}}],"line":180},"11":{"loc":{"start":{"line":198,"column":4},"end":{"line":223,"column":5}},"type":"if","locations":[{"start":{"line":198,"column":4},"end":{"line":223,"column":5}},{"start":{},"end":{}}],"line":198},"12":{"loc":{"start":{"line":205,"column":6},"end":{"line":209,"column":7}},"type":"if","locations":[{"start":{"line":205,"column":6},"end":{"line":209,"column":7}},{"start":{"line":207,"column":13},"end":{"line":209,"column":7}}],"line":205},"13":{"loc":{"start":{"line":207,"column":13},"end":{"line":209,"column":7}},"type":"if","locations":[{"start":{"line":207,"column":13},"end":{"line":209,"column":7}},{"start":{},"end":{}}],"line":207},"14":{"loc":{"start":{"line":211,"column":6},"end":{"line":222,"column":7}},"type":"if","locations":[{"start":{"line":211,"column":6},"end":{"line":222,"column":7}},{"start":{"line":218,"column":13},"end":{"line":222,"column":7}}],"line":211},"15":{"loc":{"start":{"line":213,"column":8},"end":{"line":217,"column":9}},"type":"if","locations":[{"start":{"line":213,"column":8},"end":{"line":217,"column":9}},{"start":{},"end":{}}],"line":213},"16":{"loc":{"start":{"line":236,"column":26},"end":{"line":236,"column":62}},"type":"cond-expr","locations":[{"start":{"line":236,"column":48},"end":{"line":236,"column":49}},{"start":{"line":236,"column":52},"end":{"line":236,"column":62}}],"line":236},"17":{"loc":{"start":{"line":240,"column":22},"end":{"line":240,"column":88}},"type":"cond-expr","locations":[{"start":{"line":240,"column":59},"end":{"line":240,"column":64}},{"start":{"line":240,"column":67},"end":{"line":240,"column":88}}],"line":240},"18":{"loc":{"start":{"line":247,"column":6},"end":{"line":252,"column":7}},"type":"if","locations":[{"start":{"line":247,"column":6},"end":{"line":252,"column":7}},{"start":{},"end":{}}],"line":247},"19":{"loc":{"start":{"line":247,"column":10},"end":{"line":247,"column":49}},"type":"binary-expr","locations":[{"start":{"line":247,"column":10},"end":{"line":247,"column":22}},{"start":{"line":247,"column":26},"end":{"line":247,"column":49}}],"line":247},"20":{"loc":{"start":{"line":260,"column":4},"end":{"line":263,"column":5}},"type":"if","locations":[{"start":{"line":260,"column":4},"end":{"line":263,"column":5}},{"start":{},"end":{}}],"line":260},"21":{"loc":{"start":{"line":260,"column":8},"end":{"line":260,"column":36}},"type":"binary-expr","locations":[{"start":{"line":260,"column":8},"end":{"line":260,"column":13}},{"start":{"line":260,"column":17},"end":{"line":260,"column":36}}],"line":260},"22":{"loc":{"start":{"line":270,"column":4},"end":{"line":275,"column":5}},"type":"if","locations":[{"start":{"line":270,"column":4},"end":{"line":275,"column":5}},{"start":{},"end":{}}],"line":270},"23":{"loc":{"start":{"line":270,"column":8},"end":{"line":270,"column":47}},"type":"binary-expr","locations":[{"start":{"line":270,"column":8},"end":{"line":270,"column":20}},{"start":{"line":270,"column":24},"end":{"line":270,"column":47}}],"line":270},"24":{"loc":{"start":{"line":286,"column":27},"end":{"line":286,"column":59}},"type":"cond-expr","locations":[{"start":{"line":286,"column":54},"end":{"line":286,"column":55}},{"start":{"line":286,"column":58},"end":{"line":286,"column":59}}],"line":286},"25":{"loc":{"start":{"line":287,"column":4},"end":{"line":292,"column":72}},"type":"if","locations":[{"start":{"line":287,"column":4},"end":{"line":292,"column":72}},{"start":{"line":288,"column":9},"end":{"line":292,"column":72}}],"line":287},"26":{"loc":{"start":{"line":288,"column":9},"end":{"line":292,"column":72}},"type":"if","locations":[{"start":{"line":288,"column":9},"end":{"line":292,"column":72}},{"start":{"line":289,"column":9},"end":{"line":292,"column":72}}],"line":288},"27":{"loc":{"start":{"line":289,"column":9},"end":{"line":292,"column":72}},"type":"if","locations":[{"start":{"line":289,"column":9},"end":{"line":292,"column":72}},{"start":{"line":290,"column":9},"end":{"line":292,"column":72}}],"line":289},"28":{"loc":{"start":{"line":290,"column":9},"end":{"line":292,"column":72}},"type":"if","locations":[{"start":{"line":290,"column":9},"end":{"line":292,"column":72}},{"start":{"line":291,"column":9},"end":{"line":292,"column":72}}],"line":290},"29":{"loc":{"start":{"line":291,"column":9},"end":{"line":292,"column":72}},"type":"if","locations":[{"start":{"line":291,"column":9},"end":{"line":292,"column":72}},{"start":{"line":292,"column":9},"end":{"line":292,"column":72}}],"line":291},"30":{"loc":{"start":{"line":292,"column":9},"end":{"line":292,"column":72}},"type":"if","locations":[{"start":{"line":292,"column":9},"end":{"line":292,"column":72}},{"start":{},"end":{}}],"line":292},"31":{"loc":{"start":{"line":299,"column":4},"end":{"line":307,"column":5}},"type":"switch","locations":[{"start":{"line":300,"column":6},"end":{"line":300,"column":50}},{"start":{"line":301,"column":6},"end":{"line":301,"column":42}},{"start":{"line":302,"column":6},"end":{"line":302,"column":51}},{"start":{"line":303,"column":6},"end":{"line":303,"column":45}},{"start":{"line":304,"column":6},"end":{"line":304,"column":50}},{"start":{"line":305,"column":6},"end":{"line":305,"column":50}},{"start":{"line":306,"column":6},"end":{"line":306,"column":39}}],"line":299},"32":{"loc":{"start":{"line":300,"column":27},"end":{"line":300,"column":49}},"type":"cond-expr","locations":[{"start":{"line":300,"column":38},"end":{"line":300,"column":42}},{"start":{"line":300,"column":45},"end":{"line":300,"column":49}}],"line":300},"33":{"loc":{"start":{"line":301,"column":25},"end":{"line":301,"column":41}},"type":"cond-expr","locations":[{"start":{"line":301,"column":36},"end":{"line":301,"column":37}},{"start":{"line":301,"column":40},"end":{"line":301,"column":41}}],"line":301},"34":{"loc":{"start":{"line":302,"column":33},"end":{"line":302,"column":50}},"type":"cond-expr","locations":[{"start":{"line":302,"column":44},"end":{"line":302,"column":46}},{"start":{"line":302,"column":49},"end":{"line":302,"column":50}}],"line":302},"35":{"loc":{"start":{"line":303,"column":27},"end":{"line":303,"column":44}},"type":"cond-expr","locations":[{"start":{"line":303,"column":38},"end":{"line":303,"column":40}},{"start":{"line":303,"column":43},"end":{"line":303,"column":44}}],"line":303},"36":{"loc":{"start":{"line":304,"column":30},"end":{"line":304,"column":49}},"type":"cond-expr","locations":[{"start":{"line":304,"column":41},"end":{"line":304,"column":44}},{"start":{"line":304,"column":47},"end":{"line":304,"column":49}}],"line":304},"37":{"loc":{"start":{"line":305,"column":32},"end":{"line":305,"column":49}},"type":"cond-expr","locations":[{"start":{"line":305,"column":43},"end":{"line":305,"column":45}},{"start":{"line":305,"column":48},"end":{"line":305,"column":49}}],"line":305},"38":{"loc":{"start":{"line":306,"column":22},"end":{"line":306,"column":38}},"type":"cond-expr","locations":[{"start":{"line":306,"column":33},"end":{"line":306,"column":34}},{"start":{"line":306,"column":37},"end":{"line":306,"column":38}}],"line":306},"39":{"loc":{"start":{"line":319,"column":17},"end":{"line":319,"column":44}},"type":"cond-expr","locations":[{"start":{"line":319,"column":28},"end":{"line":319,"column":40}},{"start":{"line":319,"column":43},"end":{"line":319,"column":44}}],"line":319},"40":{"loc":{"start":{"line":320,"column":4},"end":{"line":325,"column":56}},"type":"if","locations":[{"start":{"line":320,"column":4},"end":{"line":325,"column":56}},{"start":{"line":321,"column":9},"end":{"line":325,"column":56}}],"line":320},"41":{"loc":{"start":{"line":321,"column":9},"end":{"line":325,"column":56}},"type":"if","locations":[{"start":{"line":321,"column":9},"end":{"line":325,"column":56}},{"start":{"line":322,"column":9},"end":{"line":325,"column":56}}],"line":321},"42":{"loc":{"start":{"line":322,"column":9},"end":{"line":325,"column":56}},"type":"if","locations":[{"start":{"line":322,"column":9},"end":{"line":325,"column":56}},{"start":{"line":323,"column":9},"end":{"line":325,"column":56}}],"line":322},"43":{"loc":{"start":{"line":323,"column":9},"end":{"line":325,"column":56}},"type":"if","locations":[{"start":{"line":323,"column":9},"end":{"line":325,"column":56}},{"start":{"line":324,"column":9},"end":{"line":325,"column":56}}],"line":323},"44":{"loc":{"start":{"line":324,"column":9},"end":{"line":325,"column":56}},"type":"if","locations":[{"start":{"line":324,"column":9},"end":{"line":325,"column":56}},{"start":{"line":325,"column":9},"end":{"line":325,"column":56}}],"line":324},"45":{"loc":{"start":{"line":325,"column":9},"end":{"line":325,"column":56}},"type":"if","locations":[{"start":{"line":325,"column":9},"end":{"line":325,"column":56}},{"start":{},"end":{}}],"line":325},"46":{"loc":{"start":{"line":330,"column":4},"end":{"line":330,"column":38}},"type":"if","locations":[{"start":{"line":330,"column":4},"end":{"line":330,"column":38}},{"start":{},"end":{}}],"line":330},"47":{"loc":{"start":{"line":333,"column":8},"end":{"line":357,"column":5}},"type":"if","locations":[{"start":{"line":333,"column":8},"end":{"line":357,"column":5}},{"start":{"line":345,"column":11},"end":{"line":357,"column":5}}],"line":333},"48":{"loc":{"start":{"line":337,"column":8},"end":{"line":337,"column":85}},"type":"if","locations":[{"start":{"line":337,"column":8},"end":{"line":337,"column":85}},{"start":{},"end":{}}],"line":337},"49":{"loc":{"start":{"line":337,"column":39},"end":{"line":337,"column":84}},"type":"binary-expr","locations":[{"start":{"line":337,"column":39},"end":{"line":337,"column":75}},{"start":{"line":337,"column":79},"end":{"line":337,"column":84}}],"line":337},"50":{"loc":{"start":{"line":338,"column":8},"end":{"line":338,"column":74}},"type":"if","locations":[{"start":{"line":338,"column":8},"end":{"line":338,"column":74}},{"start":{},"end":{}}],"line":338},"51":{"loc":{"start":{"line":338,"column":37},"end":{"line":338,"column":73}},"type":"binary-expr","locations":[{"start":{"line":338,"column":37},"end":{"line":338,"column":67}},{"start":{"line":338,"column":71},"end":{"line":338,"column":73}}],"line":338},"52":{"loc":{"start":{"line":339,"column":8},"end":{"line":339,"column":85}},"type":"if","locations":[{"start":{"line":339,"column":8},"end":{"line":339,"column":85}},{"start":{},"end":{}}],"line":339},"53":{"loc":{"start":{"line":339,"column":45},"end":{"line":339,"column":84}},"type":"binary-expr","locations":[{"start":{"line":339,"column":45},"end":{"line":339,"column":77}},{"start":{"line":339,"column":81},"end":{"line":339,"column":84}}],"line":339},"54":{"loc":{"start":{"line":340,"column":8},"end":{"line":340,"column":79}},"type":"if","locations":[{"start":{"line":340,"column":8},"end":{"line":340,"column":79}},{"start":{},"end":{}}],"line":340},"55":{"loc":{"start":{"line":340,"column":39},"end":{"line":340,"column":78}},"type":"binary-expr","locations":[{"start":{"line":340,"column":39},"end":{"line":340,"column":71}},{"start":{"line":340,"column":75},"end":{"line":340,"column":78}}],"line":340},"56":{"loc":{"start":{"line":341,"column":8},"end":{"line":341,"column":85}},"type":"if","locations":[{"start":{"line":341,"column":8},"end":{"line":341,"column":85}},{"start":{},"end":{}}],"line":341},"57":{"loc":{"start":{"line":341,"column":42},"end":{"line":341,"column":84}},"type":"binary-expr","locations":[{"start":{"line":341,"column":42},"end":{"line":341,"column":76}},{"start":{"line":341,"column":80},"end":{"line":341,"column":84}}],"line":341},"58":{"loc":{"start":{"line":342,"column":8},"end":{"line":342,"column":84}},"type":"if","locations":[{"start":{"line":342,"column":8},"end":{"line":342,"column":84}},{"start":{},"end":{}}],"line":342},"59":{"loc":{"start":{"line":342,"column":44},"end":{"line":342,"column":83}},"type":"binary-expr","locations":[{"start":{"line":342,"column":44},"end":{"line":342,"column":76}},{"start":{"line":342,"column":80},"end":{"line":342,"column":83}}],"line":342},"60":{"loc":{"start":{"line":349,"column":8},"end":{"line":349,"column":82}},"type":"if","locations":[{"start":{"line":349,"column":8},"end":{"line":349,"column":82}},{"start":{},"end":{}}],"line":349},"61":{"loc":{"start":{"line":349,"column":39},"end":{"line":349,"column":81}},"type":"binary-expr","locations":[{"start":{"line":349,"column":39},"end":{"line":349,"column":72}},{"start":{"line":349,"column":76},"end":{"line":349,"column":81}}],"line":349},"62":{"loc":{"start":{"line":350,"column":8},"end":{"line":350,"column":70}},"type":"if","locations":[{"start":{"line":350,"column":8},"end":{"line":350,"column":70}},{"start":{},"end":{}}],"line":350},"63":{"loc":{"start":{"line":350,"column":37},"end":{"line":350,"column":69}},"type":"binary-expr","locations":[{"start":{"line":350,"column":37},"end":{"line":350,"column":64}},{"start":{"line":350,"column":68},"end":{"line":350,"column":69}}],"line":350},"64":{"loc":{"start":{"line":351,"column":8},"end":{"line":351,"column":79}},"type":"if","locations":[{"start":{"line":351,"column":8},"end":{"line":351,"column":79}},{"start":{},"end":{}}],"line":351},"65":{"loc":{"start":{"line":351,"column":45},"end":{"line":351,"column":78}},"type":"binary-expr","locations":[{"start":{"line":351,"column":45},"end":{"line":351,"column":72}},{"start":{"line":351,"column":76},"end":{"line":351,"column":78}}],"line":351},"66":{"loc":{"start":{"line":352,"column":8},"end":{"line":352,"column":73}},"type":"if","locations":[{"start":{"line":352,"column":8},"end":{"line":352,"column":73}},{"start":{},"end":{}}],"line":352},"67":{"loc":{"start":{"line":352,"column":39},"end":{"line":352,"column":72}},"type":"binary-expr","locations":[{"start":{"line":352,"column":39},"end":{"line":352,"column":66}},{"start":{"line":352,"column":70},"end":{"line":352,"column":72}}],"line":352},"68":{"loc":{"start":{"line":353,"column":8},"end":{"line":353,"column":79}},"type":"if","locations":[{"start":{"line":353,"column":8},"end":{"line":353,"column":79}},{"start":{},"end":{}}],"line":353},"69":{"loc":{"start":{"line":353,"column":42},"end":{"line":353,"column":78}},"type":"binary-expr","locations":[{"start":{"line":353,"column":42},"end":{"line":353,"column":71}},{"start":{"line":353,"column":75},"end":{"line":353,"column":78}}],"line":353},"70":{"loc":{"start":{"line":354,"column":8},"end":{"line":354,"column":78}},"type":"if","locations":[{"start":{"line":354,"column":8},"end":{"line":354,"column":78}},{"start":{},"end":{}}],"line":354},"71":{"loc":{"start":{"line":354,"column":44},"end":{"line":354,"column":77}},"type":"binary-expr","locations":[{"start":{"line":354,"column":44},"end":{"line":354,"column":71}},{"start":{"line":354,"column":75},"end":{"line":354,"column":77}}],"line":354},"72":{"loc":{"start":{"line":355,"column":15},"end":{"line":355,"column":40}},"type":"binary-expr","locations":[{"start":{"line":355,"column":15},"end":{"line":355,"column":34}},{"start":{"line":355,"column":38},"end":{"line":355,"column":40}}],"line":355},"73":{"loc":{"start":{"line":372,"column":4},"end":{"line":372,"column":45}},"type":"if","locations":[{"start":{"line":372,"column":4},"end":{"line":372,"column":45}},{"start":{},"end":{}}],"line":372},"74":{"loc":{"start":{"line":372,"column":8},"end":{"line":372,"column":36}},"type":"binary-expr","locations":[{"start":{"line":372,"column":8},"end":{"line":372,"column":22}},{"start":{"line":372,"column":26},"end":{"line":372,"column":36}}],"line":372},"75":{"loc":{"start":{"line":398,"column":4},"end":{"line":435,"column":5}},"type":"if","locations":[{"start":{"line":398,"column":4},"end":{"line":435,"column":5}},{"start":{},"end":{}}],"line":398},"76":{"loc":{"start":{"line":410,"column":8},"end":{"line":428,"column":9}},"type":"if","locations":[{"start":{"line":410,"column":8},"end":{"line":428,"column":9}},{"start":{"line":425,"column":15},"end":{"line":428,"column":9}}],"line":410},"77":{"loc":{"start":{"line":414,"column":10},"end":{"line":424,"column":11}},"type":"if","locations":[{"start":{"line":414,"column":10},"end":{"line":424,"column":11}},{"start":{"line":421,"column":17},"end":{"line":424,"column":11}}],"line":414},"78":{"loc":{"start":{"line":416,"column":12},"end":{"line":418,"column":13}},"type":"if","locations":[{"start":{"line":416,"column":12},"end":{"line":418,"column":13}},{"start":{},"end":{}}],"line":416},"79":{"loc":{"start":{"line":448,"column":31},"end":{"line":448,"column":68}},"type":"binary-expr","locations":[{"start":{"line":448,"column":31},"end":{"line":448,"column":53}},{"start":{"line":448,"column":57},"end":{"line":448,"column":68}}],"line":448},"80":{"loc":{"start":{"line":449,"column":31},"end":{"line":449,"column":68}},"type":"binary-expr","locations":[{"start":{"line":449,"column":31},"end":{"line":449,"column":53}},{"start":{"line":449,"column":57},"end":{"line":449,"column":68}}],"line":449},"81":{"loc":{"start":{"line":450,"column":26},"end":{"line":450,"column":57}},"type":"binary-expr","locations":[{"start":{"line":450,"column":26},"end":{"line":450,"column":47}},{"start":{"line":450,"column":51},"end":{"line":450,"column":57}}],"line":450},"82":{"loc":{"start":{"line":466,"column":6},"end":{"line":482,"column":7}},"type":"if","locations":[{"start":{"line":466,"column":6},"end":{"line":482,"column":7}},{"start":{},"end":{}}],"line":466},"83":{"loc":{"start":{"line":469,"column":10},"end":{"line":478,"column":11}},"type":"if","locations":[{"start":{"line":469,"column":10},"end":{"line":478,"column":11}},{"start":{},"end":{}}],"line":469},"84":{"loc":{"start":{"line":509,"column":8},"end":{"line":509,"column":93}},"type":"binary-expr","locations":[{"start":{"line":509,"column":8},"end":{"line":509,"column":21}},{"start":{"line":509,"column":25},"end":{"line":509,"column":93}}],"line":509},"85":{"loc":{"start":{"line":515,"column":4},"end":{"line":522,"column":5}},"type":"switch","locations":[{"start":{"line":516,"column":6},"end":{"line":516,"column":46}},{"start":{"line":517,"column":6},"end":{"line":517,"column":42}},{"start":{"line":518,"column":6},"end":{"line":518,"column":58}},{"start":{"line":519,"column":6},"end":{"line":519,"column":46}},{"start":{"line":520,"column":6},"end":{"line":520,"column":52}},{"start":{"line":521,"column":6},"end":{"line":521,"column":56}}],"line":515},"86":{"loc":{"start":{"line":526,"column":19},"end":{"line":526,"column":71}},"type":"cond-expr","locations":[{"start":{"line":526,"column":46},"end":{"line":526,"column":48}},{"start":{"line":526,"column":51},"end":{"line":526,"column":71}}],"line":526},"87":{"loc":{"start":{"line":527,"column":4},"end":{"line":534,"column":5}},"type":"switch","locations":[{"start":{"line":528,"column":6},"end":{"line":528,"column":65}},{"start":{"line":529,"column":6},"end":{"line":529,"column":61}},{"start":{"line":530,"column":6},"end":{"line":530,"column":77}},{"start":{"line":531,"column":6},"end":{"line":531,"column":65}},{"start":{"line":532,"column":6},"end":{"line":532,"column":71}},{"start":{"line":533,"column":6},"end":{"line":533,"column":75}}],"line":527},"88":{"loc":{"start":{"line":538,"column":27},"end":{"line":538,"column":115}},"type":"cond-expr","locations":[{"start":{"line":538,"column":73},"end":{"line":538,"column":101}},{"start":{"line":538,"column":104},"end":{"line":538,"column":115}}],"line":538},"89":{"loc":{"start":{"line":538,"column":27},"end":{"line":538,"column":70}},"type":"binary-expr","locations":[{"start":{"line":538,"column":27},"end":{"line":538,"column":45}},{"start":{"line":538,"column":49},"end":{"line":538,"column":70}}],"line":538},"90":{"loc":{"start":{"line":540,"column":36},"end":{"line":540,"column":65}},"type":"cond-expr","locations":[{"start":{"line":540,"column":47},"end":{"line":540,"column":55}},{"start":{"line":540,"column":58},"end":{"line":540,"column":65}}],"line":540},"91":{"loc":{"start":{"line":543,"column":4},"end":{"line":545,"column":54}},"type":"if","locations":[{"start":{"line":543,"column":4},"end":{"line":545,"column":54}},{"start":{"line":544,"column":9},"end":{"line":545,"column":54}}],"line":543},"92":{"loc":{"start":{"line":544,"column":9},"end":{"line":545,"column":54}},"type":"if","locations":[{"start":{"line":544,"column":9},"end":{"line":545,"column":54}},{"start":{"line":545,"column":9},"end":{"line":545,"column":54}}],"line":544},"93":{"loc":{"start":{"line":545,"column":9},"end":{"line":545,"column":54}},"type":"if","locations":[{"start":{"line":545,"column":9},"end":{"line":545,"column":54}},{"start":{},"end":{}}],"line":545},"94":{"loc":{"start":{"line":551,"column":4},"end":{"line":558,"column":5}},"type":"switch","locations":[{"start":{"line":552,"column":6},"end":{"line":552,"column":34}},{"start":{"line":553,"column":6},"end":{"line":553,"column":31}},{"start":{"line":554,"column":6},"end":{"line":554,"column":39}},{"start":{"line":555,"column":6},"end":{"line":555,"column":37}},{"start":{"line":556,"column":6},"end":{"line":556,"column":37}},{"start":{"line":557,"column":6},"end":{"line":557,"column":48}}],"line":551},"95":{"loc":{"start":{"line":562,"column":4},"end":{"line":569,"column":5}},"type":"switch","locations":[{"start":{"line":563,"column":6},"end":{"line":563,"column":50}},{"start":{"line":564,"column":6},"end":{"line":564,"column":48}},{"start":{"line":565,"column":6},"end":{"line":565,"column":56}},{"start":{"line":566,"column":6},"end":{"line":566,"column":50}},{"start":{"line":567,"column":6},"end":{"line":567,"column":53}},{"start":{"line":568,"column":6},"end":{"line":568,"column":55}}],"line":562},"96":{"loc":{"start":{"line":587,"column":9},"end":{"line":597,"column":9}},"type":"binary-expr","locations":[{"start":{"line":587,"column":9},"end":{"line":587,"column":21}},{"start":{"line":587,"column":25},"end":{"line":587,"column":38}},{"start":{"line":588,"column":10},"end":{"line":596,"column":27}}],"line":587},"97":{"loc":{"start":{"line":607,"column":54},"end":{"line":607,"column":92}},"type":"binary-expr","locations":[{"start":{"line":607,"column":54},"end":{"line":607,"column":63}},{"start":{"line":607,"column":67},"end":{"line":607,"column":92}}],"line":607},"98":{"loc":{"start":{"line":608,"column":86},"end":{"line":608,"column":118}},"type":"cond-expr","locations":[{"start":{"line":608,"column":97},"end":{"line":608,"column":106}},{"start":{"line":608,"column":109},"end":{"line":608,"column":118}}],"line":608},"99":{"loc":{"start":{"line":609,"column":95},"end":{"line":609,"column":145}},"type":"cond-expr","locations":[{"start":{"line":609,"column":106},"end":{"line":609,"column":123}},{"start":{"line":609,"column":126},"end":{"line":609,"column":145}}],"line":609},"100":{"loc":{"start":{"line":616,"column":19},"end":{"line":620,"column":33}},"type":"cond-expr","locations":[{"start":{"line":617,"column":20},"end":{"line":619,"column":37}},{"start":{"line":620,"column":22},"end":{"line":620,"column":33}}],"line":616},"101":{"loc":{"start":{"line":633,"column":114},"end":{"line":633,"column":170}},"type":"binary-expr","locations":[{"start":{"line":633,"column":114},"end":{"line":633,"column":137}},{"start":{"line":633,"column":141},"end":{"line":633,"column":170}}],"line":633},"102":{"loc":{"start":{"line":634,"column":59},"end":{"line":634,"column":108}},"type":"binary-expr","locations":[{"start":{"line":634,"column":59},"end":{"line":634,"column":82}},{"start":{"line":634,"column":86},"end":{"line":634,"column":108}}],"line":634},"103":{"loc":{"start":{"line":636,"column":115},"end":{"line":636,"column":172}},"type":"binary-expr","locations":[{"start":{"line":636,"column":115},"end":{"line":636,"column":139}},{"start":{"line":636,"column":143},"end":{"line":636,"column":172}}],"line":636},"104":{"loc":{"start":{"line":637,"column":59},"end":{"line":637,"column":109}},"type":"binary-expr","locations":[{"start":{"line":637,"column":59},"end":{"line":637,"column":83}},{"start":{"line":637,"column":87},"end":{"line":637,"column":109}}],"line":637},"105":{"loc":{"start":{"line":648,"column":17},"end":{"line":648,"column":105}},"type":"cond-expr","locations":[{"start":{"line":648,"column":63},"end":{"line":648,"column":91}},{"start":{"line":648,"column":94},"end":{"line":648,"column":105}}],"line":648},"106":{"loc":{"start":{"line":648,"column":17},"end":{"line":648,"column":60}},"type":"binary-expr","locations":[{"start":{"line":648,"column":17},"end":{"line":648,"column":35}},{"start":{"line":648,"column":39},"end":{"line":648,"column":60}}],"line":648},"107":{"loc":{"start":{"line":667,"column":186},"end":{"line":667,"column":229}},"type":"binary-expr","locations":[{"start":{"line":667,"column":186},"end":{"line":667,"column":196}},{"start":{"line":667,"column":200},"end":{"line":667,"column":229}}],"line":667},"108":{"loc":{"start":{"line":668,"column":63},"end":{"line":668,"column":99}},"type":"binary-expr","locations":[{"start":{"line":668,"column":63},"end":{"line":668,"column":73}},{"start":{"line":668,"column":77},"end":{"line":668,"column":99}}],"line":668},"109":{"loc":{"start":{"line":697,"column":80},"end":{"line":697,"column":116}},"type":"binary-expr","locations":[{"start":{"line":697,"column":80},"end":{"line":697,"column":90}},{"start":{"line":697,"column":94},"end":{"line":697,"column":116}}],"line":697},"110":{"loc":{"start":{"line":698,"column":63},"end":{"line":698,"column":94}},"type":"binary-expr","locations":[{"start":{"line":698,"column":63},"end":{"line":698,"column":73}},{"start":{"line":698,"column":77},"end":{"line":698,"column":94}}],"line":698},"111":{"loc":{"start":{"line":726,"column":39},"end":{"line":726,"column":84}},"type":"binary-expr","locations":[{"start":{"line":726,"column":39},"end":{"line":726,"column":53}},{"start":{"line":726,"column":57},"end":{"line":726,"column":84}}],"line":726},"112":{"loc":{"start":{"line":737,"column":45},"end":{"line":737,"column":88}},"type":"binary-expr","locations":[{"start":{"line":737,"column":45},"end":{"line":737,"column":59}},{"start":{"line":737,"column":63},"end":{"line":737,"column":88}}],"line":737},"113":{"loc":{"start":{"line":755,"column":27},"end":{"line":755,"column":90}},"type":"binary-expr","locations":[{"start":{"line":755,"column":27},"end":{"line":755,"column":55}},{"start":{"line":755,"column":59},"end":{"line":755,"column":90}}],"line":755},"114":{"loc":{"start":{"line":765,"column":24},"end":{"line":765,"column":66}},"type":"cond-expr","locations":[{"start":{"line":765,"column":48},"end":{"line":765,"column":55}},{"start":{"line":765,"column":58},"end":{"line":765,"column":66}}],"line":765},"115":{"loc":{"start":{"line":773,"column":13},"end":{"line":828,"column":13}},"type":"binary-expr","locations":[{"start":{"line":773,"column":13},"end":{"line":773,"column":35}},{"start":{"line":774,"column":14},"end":{"line":827,"column":21}}],"line":773},"116":{"loc":{"start":{"line":805,"column":17},"end":{"line":816,"column":17}},"type":"cond-expr","locations":[{"start":{"line":806,"column":18},"end":{"line":811,"column":25}},{"start":{"line":813,"column":18},"end":{"line":815,"column":25}}],"line":805},"117":{"loc":{"start":{"line":830,"column":13},"end":{"line":836,"column":13}},"type":"binary-expr","locations":[{"start":{"line":830,"column":13},"end":{"line":830,"column":41}},{"start":{"line":831,"column":14},"end":{"line":835,"column":21}}],"line":830},"118":{"loc":{"start":{"line":838,"column":13},"end":{"line":846,"column":13}},"type":"binary-expr","locations":[{"start":{"line":838,"column":13},"end":{"line":838,"column":38}},{"start":{"line":839,"column":14},"end":{"line":845,"column":21}}],"line":838}},"s":{"0":1,"1":10,"2":10,"3":10,"4":10,"5":10,"6":10,"7":2,"8":10,"9":10,"10":2,"11":0,"12":0,"13":0,"14":0,"15":0,"16":0,"17":0,"18":0,"19":0,"20":0,"21":0,"22":10,"23":10,"24":10,"25":10,"26":0,"27":10,"28":2,"29":0,"30":0,"31":0,"32":0,"33":10,"34":10,"35":10,"36":4,"37":2,"38":2,"39":10,"40":0,"41":10,"42":10,"43":10,"44":10,"45":10,"46":10,"47":2,"48":2,"49":10,"50":10,"51":10,"52":21,"53":21,"54":21,"55":21,"56":42,"57":21,"58":42,"59":21,"60":10,"61":11,"62":11,"63":11,"64":11,"65":11,"66":11,"67":11,"68":10,"69":20,"70":10,"71":10,"72":10,"73":10,"74":10,"75":0,"76":0,"77":0,"78":0,"79":0,"80":0,"81":0,"82":0,"83":0,"84":0,"85":0,"86":0,"87":0,"88":0,"89":0,"90":0,"91":0,"92":10,"93":10,"94":10,"95":10,"96":10,"97":0,"98":0,"99":0,"100":10,"101":0,"102":0,"103":0,"104":0,"105":0,"106":0,"107":0,"108":10,"109":0,"110":0,"111":0,"112":0,"113":0,"114":0,"115":10,"116":0,"117":0,"118":0,"119":0,"120":0,"121":10,"122":10,"123":10,"124":0,"125":0,"126":0,"127":0,"128":0,"129":0,"130":0,"131":0,"132":0,"133":0,"134":0,"135":0,"136":0,"137":0,"138":0,"139":10,"140":0,"141":0,"142":0,"143":0,"144":0,"145":0,"146":0,"147":0,"148":0,"149":10,"150":0,"151":0,"152":0,"153":10,"154":0,"155":0,"156":0,"157":0,"158":0,"159":0,"160":0,"161":0,"162":0,"163":0,"164":0,"165":0,"166":0,"167":0,"168":0,"169":0,"170":0,"171":0,"172":10,"173":0,"174":0,"175":0,"176":0,"177":0,"178":0,"179":0,"180":0,"181":0,"182":0,"183":0,"184":0,"185":0,"186":0,"187":0,"188":0,"189":0,"190":0,"191":0,"192":0,"193":0,"194":0,"195":0,"196":0,"197":0,"198":0,"199":0,"200":0,"201":0,"202":0,"203":0,"204":0,"205":0,"206":0,"207":0,"208":10,"209":2,"210":2,"211":2,"212":2,"213":0,"214":10,"215":2,"216":0,"217":2,"218":2,"219":2,"220":10,"221":0,"222":0,"223":0,"224":0,"225":0,"226":0,"227":0,"228":0,"229":0,"230":0,"231":0,"232":0,"233":0,"234":0,"235"
[...]
,"/Users/kayrabali/Desktop/projects/commitlock/src/widgets/android/index.tsx": {"path":"/Users/kayrabali/Desktop/projects/commitlock/src/widgets/android/index.tsx","statementMap":{"0":{"start":{"line":7,"column":27},"end":{"line":7,"column":32}},"1":{"start":{"line":9,"column":2},"end":{"line":34,"column":3}},"2":{"start":{"line":10,"column":4},"end":{"line":33,"column":5}},"3":{"start":{"line":11,"column":26},"end":{"line":11,"column":72}},"4":{"start":{"line":12,"column":48},"end":{"line":12,"column":50}},"5":{"start":{"line":14,"column":6},"end":{"line":17,"column":7}},"6":{"start":{"line":15,"column":21},"end":{"line":15,"column":95}},"7":{"start":{"line":16,"column":8},"end":{"line":16,"column":41}},"8":{"start":{"line":18,"column":38},"end":{"line":21,"column":9}},"9":{"start":{"line":18,"column":60},"end":{"line":21,"column":7}},"10":{"start":{"line":23,"column":6},"end":{"line":28,"column":8}},"11":{"start":{"line":30,"column":6},"end":{"line":30,"column":62}},"12":{"start":{"line":32,"column":6},"end":{"line":32,"column":88}}},"fnMap":{"0":{"name":"androidWidgetTaskHandler","decl":{"start":{"line":6,"column":22},"end":{"line":6,"column":46}},"loc":{"start":{"line":6,"column":78},"end":{"line":35,"column":1}},"line":6},"1":{"name":"(anonymous_1)","decl":{"start":{"line":18,"column":54},"end":{"line":18,"column":55}},"loc":{"start":{"line":18,"column":60},"end":{"line":21,"column":7}},"line":18}},"branchMap":{"0":{"loc":{"start":{"line":9,"column":2},"end":{"line":34,"column":3}},"type":"if","locations":[{"start":{"line":9,"column":2},"end":{"line":34,"column":3}},{"start":{},"end":{}}],"line":9},"1":{"loc":{"start":{"line":9,"column":6},"end":{"line":9,"column":73}},"type":"binary-expr","locations":[{"start":{"line":9,"column":6},"end":{"line":9,"column":37}},{"start":{"line":9,"column":41},"end":{"line":9,"column":73}}],"line":9}},"s":{"0":0,"1":0,"2":0,"3":0,"4":0,"5":0,"6":0,"7":0,"8":0,"9":0,"10":0,"11":0,"12":0},"f":{"0":0,"1":0},"b":{"0":[0,0],"1":[0,0]}}
,"/Users/kayrabali/Desktop/projects/commitlock/src/widgets/ios/CommitmentsProgressWidget.tsx": {"path":"/Users/kayrabali/Desktop/projects/commitlock/src/widgets/ios/CommitmentsProgressWidget.tsx","statementMap":{"0":{"start":{"line":43,"column":34},"end":{"line":436,"column":1}},"1":{"start":{"line":47,"column":26},"end":{"line":55,"column":3}},"2":{"start":{"line":48,"column":4},"end":{"line":54,"column":5}},"3":{"start":{"line":49,"column":22},"end":{"line":49,"column":39}},"4":{"start":{"line":50,"column":21},"end":{"line":50,"column":38}},"5":{"start":{"line":51,"column":28},"end":{"line":51,"column":45}},"6":{"start":{"line":52,"column":28},"end":{"line":52,"column":45}},"7":{"start":{"line":53,"column":15},"end":{"line":53,"column":32}},"8":{"start":{"line":57,"column":34},"end":{"line":109,"column":3}},"9":{"start":{"line":58,"column":4},"end":{"line":81,"column":5}},"10":{"start":{"line":59,"column":6},"end":{"line":80,"column":8}},"11":{"start":{"line":66,"column":33},"end":{"line":66,"column":38}},"12":{"start":{"line":67,"column":29},"end":{"line":67,"column":59}},"13":{"start":{"line":68,"column":12},"end":{"line":77,"column":14}},"14":{"start":{"line":82,"column":4},"end":{"line":108,"column":6}},"15":{"start":{"line":85,"column":27},"end":{"line":85,"column":46}},"16":{"start":{"line":86,"column":28},"end":{"line":86,"column":74}},"17":{"start":{"line":87,"column":33},"end":{"line":87,"column":53}},"18":{"start":{"line":89,"column":23},"end":{"line":94,"column":11}},"19":{"start":{"line":96,"column":10},"end":{"line":98,"column":11}},"20":{"start":{"line":97,"column":12},"end":{"line":97,"column":63}},"21":{"start":{"line":100,"column":10},"end":{"line":105,"column":12}},"22":{"start":{"line":111,"column":25},"end":{"line":121,"column":3}},"23":{"start":{"line":112,"column":4},"end":{"line":120,"column":5}},"24":{"start":{"line":113,"column":20},"end":{"line":113,"column":32}},"25":{"start":{"line":114,"column":18},"end":{"line":114,"column":30}},"26":{"start":{"line":115,"column":20},"end":{"line":115,"column":32}},"27":{"start":{"line":116,"column":23},"end":{"line":116,"column":35}},"28":{"start":{"line":117,"column":25},"end":{"line":117,"column":37}},"29":{"start":{"line":118,"column":26},"end":{"line":118,"column":38}},"30":{"start":{"line":119,"column":15},"end":{"line":119,"column":27}},"31":{"start":{"line":123,"column":22},"end":{"line":123,"column":45}},"32":{"start":{"line":124,"column":17},"end":{"line":124,"column":74}},"33":{"start":{"line":127,"column":2},"end":{"line":152,"column":3}},"34":{"start":{"line":128,"column":4},"end":{"line":151,"column":6}},"35":{"start":{"line":155,"column":2},"end":{"line":239,"column":3}},"36":{"start":{"line":156,"column":24},"end":{"line":156,"column":48}},"37":{"start":{"line":157,"column":23},"end":{"line":157,"column":65}},"38":{"start":{"line":158,"column":18},"end":{"line":158,"column":55}},"39":{"start":{"line":159,"column":24},"end":{"line":159,"column":67}},"40":{"start":{"line":160,"column":23},"end":{"line":162,"column":73}},"41":{"start":{"line":164,"column":4},"end":{"line":238,"column":6}},"42":{"start":{"line":242,"column":2},"end":{"line":342,"column":3}},"43":{"start":{"line":243,"column":24},"end":{"line":243,"column":48}},"44":{"start":{"line":244,"column":23},"end":{"line":244,"column":65}},"45":{"start":{"line":245,"column":18},"end":{"line":245,"column":55}},"46":{"start":{"line":246,"column":24},"end":{"line":246,"column":67}},"47":{"start":{"line":247,"column":23},"end":{"line":249,"column":73}},"48":{"start":{"line":251,"column":4},"end":{"line":341,"column":6}},"49":{"start":{"line":345,"column":25},"end":{"line":345,"column":48}},"50":{"start":{"line":347,"column":2},"end":{"line":435,"column":4}},"51":{"start":{"line":372,"column":24},"end":{"line":372,"column":61}},"52":{"start":{"line":373,"column":30},"end":{"line":373,"column":73}},"53":{"start":{"line":374,"column":29},"end":{"line":376,"column":79}},"54":{"start":{"line":378,"column":10},"end":{"line":421,"column":12}}},"fnMap":{"0":{"name":"(anonymous_0)","decl":{"start":{"line":43,"column":34},"end":{"line":43,"column":35}},"loc":{"start":{"line":43,"column":72},"end":{"line":436,"column":1}},"line":43},"1":{"name":"(anonymous_1)","decl":{"start":{"line":47,"column":26},"end":{"line":47,"column":27}},"loc":{"start":{"line":47,"column":46},"end":{"line":55,"column":3}},"line":47},"2":{"name":"(anonymous_2)","decl":{"start":{"line":57,"column":34},"end":{"line":57,"column":35}},"loc":{"start":{"line":57,"column":104},"end":{"line":109,"column":3}},"line":57},"3":{"name":"(anonymous_3)","decl":{"start":{"line":65,"column":42},"end":{"line":65,"column":43}},"loc":{"start":{"line":65,"column":52},"end":{"line":78,"column":11}},"line":65},"4":{"name":"(anonymous_4)","decl":{"start":{"line":84,"column":98},"end":{"line":84,"column":99}},"loc":{"start":{"line":84,"column":117},"end":{"line":106,"column":9}},"line":84},"5":{"name":"(anonymous_5)","decl":{"start":{"line":111,"column":25},"end":{"line":111,"column":26}},"loc":{"start":{"line":111,"column":43},"end":{"line":121,"column":3}},"line":111},"6":{"name":"(anonymous_6)","decl":{"start":{"line":371,"column":28},"end":{"line":371,"column":29}},"loc":{"start":{"line":371,"column":51},"end":{"line":422,"column":9}},"line":371}},"branchMap":{"0":{"loc":{"start":{"line":48,"column":4},"end":{"line":54,"column":5}},"type":"switch","locations":[{"start":{"line":49,"column":6},"end":{"line":49,"column":39}},{"start":{"line":50,"column":6},"end":{"line":50,"column":38}},{"start":{"line":51,"column":6},"end":{"line":51,"column":45}},{"start":{"line":52,"column":6},"end":{"line":52,"column":45}},{"start":{"line":53,"column":6},"end":{"line":53,"column":32}}],"line":48},"1":{"loc":{"start":{"line":58,"column":4},"end":{"line":81,"column":5}},"type":"if","locations":[{"start":{"line":58,"column":4},"end":{"line":81,"column":5}},{"start":{},"end":{}}],"line":58},"2":{"loc":{"start":{"line":72,"column":34},"end":{"line":72,"column":66}},"type":"cond-expr","locations":[{"start":{"line":72,"column":45},"end":{"line":72,"column":54}},{"start":{"line":72,"column":57},"end":{"line":72,"column":66}}],"line":72},"3":{"loc":{"start":{"line":73,"column":26},"end":{"line":73,"column":46}},"type":"cond-expr","locations":[{"start":{"line":73,"column":37},"end":{"line":73,"column":40}},{"start":{"line":73,"column":43},"end":{"line":73,"column":46}}],"line":73},"4":{"loc":{"start":{"line":84,"column":10},"end":{"line":84,"column":92}},"type":"binary-expr","locations":[{"start":{"line":84,"column":10},"end":{"line":84,"column":18}},{"start":{"line":84,"column":22},"end":{"line":84,"column":92}}],"line":84},"5":{"loc":{"start":{"line":86,"column":28},"end":{"line":86,"column":74}},"type":"cond-expr","locations":[{"start":{"line":86,"column":39},"end":{"line":86,"column":48}},{"start":{"line":86,"column":51},"end":{"line":86,"column":74}}],"line":86},"6":{"loc":{"start":{"line":87,"column":33},"end":{"line":87,"column":53}},"type":"cond-expr","locations":[{"start":{"line":87,"column":44},"end":{"line":87,"column":47}},{"start":{"line":87,"column":50},"end":{"line":87,"column":53}}],"line":87},"7":{"loc":{"start":{"line":96,"column":10},"end":{"line":98,"column":11}},"type":"if","locations":[{"start":{"line":96,"column":10},"end":{"line":98,"column":11}},{"start":{},"end":{}}],"line":96},"8":{"loc":{"start":{"line":112,"column":4},"end":{"line":120,"column":5}},"type":"switch","locations":[{"start":{"line":113,"column":6},"end":{"line":113,"column":32}},{"start":{"line":114,"column":6},"end":{"line":114,"column":30}},{"start":{"line":115,"column":6},"end":{"line":115,"column":32}},{"start":{"line":116,"column":6},"end":{"line":116,"column":35}},{"start":{"line":117,"column":6},"end":{"line":117,"column":37}},{"start":{"line":118,"column":6},"end":{"line":118,"column":38}},{"start":{"line":119,"column":6},"end":{"line":119,"column":27}}],"line":112},"9":{"loc":{"start":{"line":123,"column":22},"end":{"line":123,"column":45}},"type":"binary-expr","locations":[{"start":{"line":123,"column":22},"end":{"line":123,"column":39}},{"start":{"line":123,"column":43},"end":{"line":123,"column":45}}],"line":123},"10":{"loc":{"start":{"line":124,"column":17},"end":{"line":124,"column":74}},"type":"binary-expr","locations":[{"start":{"line":124,"column":17},"end":{"line":124,"column":38}},{"start":{"line":124,"column":42},"end":{"line":124,"column":57}},{"start":{"line":124,"column":61},"end":{"line":124,"column":74}}],"line":124},"11":{"loc":{"start":{"line":127,"column":2},"end":{"line":152,"column":3}},"type":"if","locations":[{"start":{"line":127,"column":2},"end":{"line":152,"column":3}},{"start":{},"end":{}}],"line":127},"12":{"loc":{"start":{"line":155,"column":2},"end":{"line":239,"column":3}},"type":"if","locations":[{"start":{"line":155,"column":2},"end":{"line":239,"column":3}},{"start":{},"end":{}}],"line":155},"13":{"loc":{"start":{"line":156,"column":24},"end":{"line":156,"column":48}},"type":"binary-expr","locations":[{"start":{"line":156,"column":24},"end":{"line":156,"column":43}},{"start":{"line":156,"column":47},"end":{"line":156,"column":48}}],"line":156},"14":{"loc":{"start":{"line":157,"column":23},"end":{"line":157,"column":65}},"type":"binary-expr","locations":[{"start":{"line":157,"column":23},"end":{"line":157,"column":47}},{"start":{"line":157,"column":51},"end":{"line":157,"column":65}}],"line":157},"15":{"loc":{"start":{"line":159,"column":24},"end":{"line":159,"column":67}},"type":"cond-expr","locations":[{"start":{"line":159,"column":46},"end":{"line":159,"column":55}},{"start":{"line":159,"column":58},"end":{"line":159,"column":67}}],"line":159},"16":{"loc":{"start":{"line":160,"column":23},"end":{"line":162,"column":73}},"type":"cond-expr","locations":[{"start":{"line":161,"column":8},"end":{"line":161,"column":19}},{"start":{"line":162,"column":9},"end":{"line":162,"column":72}}],"line":160},"17":{"loc":{"start":{"line":162,"column":9},"end":{"line":162,"column":72}},"type":"cond-expr","locations":[{"start":{"line":162,"column":47},"end":{"line":162,"column":57}},{"start":{"line":162,"column":60},"end":{"line":162,"column":72}}],"line":162},"18":{"loc":{"start":{"line":184,"column":25},"end":{"line":184,"column":68}},"type":"cond-expr","locations":[{"start":{"line":184,"column":47},"end":{"line":184,"column":56}},{"start":{"line":184,"column":59},"end":{"line":184,"column":68}}],"line":184},"19":{"loc":{"start":{"line":202,"column":13},"end":{"line":202,"column":69}},"type":"cond-expr","locations":[{"start":{"line":202,"column":51},"end":{"line":202,"column":59}},{"start":{"line":202,"column":62},"end":{"line":202,"column":69}}],"line":202},"20":{"loc":{"start":{"line":206,"column":11},"end":{"line":210,"column":11}},"type":"binary-expr","locations":[{"start":{"line":206,"column":11},"end":{"line":206,"column":30}},{"start":{"line":207,"column":12},"end":{"line":209,"column":19}}],"line":206},"21":{"loc":{"start":{"line":230,"column":13},"end":{"line":234,"column":20}},"type":"cond-expr","locations":[{"start":{"line":231,"column":14},"end":{"line":233,"column":23}},{"start":{"line":234,"column":16},"end":{"line":234,"column":20}}],"line":230},"22":{"loc":{"start":{"line":242,"column":2},"end":{"line":342,"column":3}},"type":"if","locations":[{"start":{"line":242,"column":2},"end":{"line":342,"column":3}},{"start":{},"end":{}}],"line":242},"23":{"loc":{"start":{"line":243,"column":24},"end":{"line":243,"column":48}},"type":"binary-expr","locations":[{"start":{"line":243,"column":24},"end":{"line":243,"column":43}},{"start":{"line":243,"column":47},"end":{"line":243,"column":48}}],"line":243},"24":{"loc":{"start":{"line":244,"column":23},"end":{"line":244,"column":65}},"type":"binary-expr","locations":[{"start":{"line":244,"column":23},"end":{"line":244,"column":47}},{"start":{"line":244,"column":51},"end":{"line":244,"column":65}}],"line":244},"25":{"loc":{"start":{"line":246,"column":24},"end":{"line":246,"column":67}},"type":"cond-expr","locations":[{"start":{"line":246,"column":46},"end":{"line":246,"column":55}},{"start":{"line":246,"column":58},"end":{"line":246,"column":67}}],"line":246},"26":{"loc":{"start":{"line":247,"column":23},"end":{"line":249,"column":73}},"type":"cond-expr","locations":[{"start":{"line":248,"column":8},"end":{"line":248,"column":19}},{"start":{"line":249,"column":9},"end":{"line":249,"column":72}}],"line":247},"27":{"loc":{"start":{"line":249,"column":9},"end":{"line":249,"column":72}},"type":"cond-expr","locations":[{"start":{"line":249,"column":47},"end":{"line":249,"column":57}},{"start":{"line":249,"column":60},"end":{"line":249,"column":72}}],"line":249},"28":{"loc":{"start":{"line":271,"column":25},"end":{"line":271,"column":68}},"type":"cond-expr","locations":[{"start":{"line":271,"column":47},"end":{"line":271,"column":56}},{"start":{"line":271,"column":59},"end":{"line":271,"column":68}}],"line":271},"29":{"loc":{"start":{"line":289,"column":13},"end":{"line":289,"column":69}},"type":"cond-expr","locations":[{"start":{"line":289,"column":51},"end":{"line":289,"column":59}},{"start":{"line":289,"column":62},"end":{"line":289,"column":69}}],"line":289},"30":{"loc":{"start":{"line":293,"column":11},"end":{"line":297,"column":11}},"type":"binary-expr","locations":[{"start":{"line":293,"column":11},"end":{"line":293,"column":30}},{"start":{"line":294,"column":12},"end":{"line":296,"column":19}}],"line":293},"31":{"loc":{"start":{"line":333,"column":13},"end":{"line":337,"column":20}},"type":"cond-expr","locations":[{"start":{"line":334,"column":14},"end":{"line":336,"column":23}},{"start":{"line":337,"column":16},"end":{"line":337,"column":20}}],"line":333},"32":{"loc":{"start":{"line":373,"column":30},"end":{"line":373,"column":73}},"type":"cond-expr","locations":[{"start":{"line":373,"column":52},"end":{"line":373,"column":61}},{"start":{"line":373,"column":64},"end":{"line":373,"column":73}}],"line":373},"33":{"loc":{"start":{"line":374,"column":29},"end":{"line":376,"column":79}},"type":"cond-expr","locations":[{"start":{"line":375,"column":14},"end":{"line":375,"column":25}},{"start":{"line":376,"column":15},"end":{"line":376,"column":78}}],"line":374},"34":{"loc":{"start":{"line":376,"column":15},"end":{"line":376,"column":78}},"type":"cond-expr","locations":[{"start":{"line":376,"column":53},"end":{"line":376,"column":63}},{"start":{"line":376,"column":66},"end":{"line":376,"column":78}}],"line":376},"35":{"loc":{"start":{"line":380,"column":19},"end":{"line":380,"column":41}},"type":"binary-expr","locations":[{"start":{"line":380,"column":19},"end":{"line":380,"column":32}},{"start":{"line":380,"column":36},"end":{"line":380,"column":41}}],"line":380},"36":{"loc":{"start":{"line":383,"column":44},"end":{"line":383,"column":85}},"type":"cond-expr","locations":[{"start":{"line":383,"column":80},"end":{"line":383,"column":81}},{"start":{"line":383,"column":84},"end":{"line":383,"column":85}}],"line":383},"37":{"loc":{"start":{"line":391,"column":21},"end":{"line":391,"column":77}},"type":"cond-expr","locations":[{"start":{"line":391,"column":59},"end":{"line":391,"column":67}},{"start":{"line":391,"column":70},"end":{"line":391,"column":77}}],"line":391},"38":{"loc":{"start":{"line":393,"column":19},"end":{"line":397,"column":19}},"type":"binary-expr","locations":[{"start":{"line":393,"column":19},"end":{"line":393,"column":38}},{"start":{"line":394,"column":20},"end":{"line":396,"column":27}}],"line":393},"39":{"loc":{"start":{"line":417,"column":15},"end":{"line":419,"column":15}},"type":"binary-expr","locations":[{"start":{"line":417,"column":15},"end":{"line":417,"column":48}},{"start":{"line":418,"column":16},"end":{"line":418,"column":61}}],"line":417},"40":{"loc":{"start":{"line":424,"column":9},"end":{"line":432,"column":9}},"type":"binary-expr","locations":[{"start":{"line":424,"column":9},"end":{"line":424,"column":31}},{"start":{"line":425,"column":10},"end":{"line":431,"column":19}}],"line":424}},"s":{"0":0,"1":0,"2":0,"3":0,"4":0,"5":0,"6":0,"7":0,"8":0,"9":0,"10":0,"11":0,"12":0,"13":0,"14":0,"15":0,"16":0,"17":0,"18":0,"19":0,"20":0,"21":0,"22":0,"23":0,"24":0,"25":0,"26":0,"27":0,"28":0,"29":0,"30":0,"31":0,"32":0,"33":0,"34":0,"35":0,"36":0,"37":0,"38":0,"39":0,"40":0,"41":0,"42":0,"43":0,"44":0,"45":0,"46":0,"47":0,"48":0,"49":0,"50":0,"51":0,"52":0,"53":0,"54":0},"f":{"0":0,"1":0,"2":0,"3":0,"4":0,"5":0,"6":0},"b":{"0":[0,0,0,0,0],"1":[0,0],"2":[0,0],"3":[0,0],"4":[0,0],"5":[0,0],"6":[0,0],"7":[0,0],"8":[0,0,0,0,0,0,0],"9":[0,0],"10":[0,0,0],"11":[0,0],"12":[0,0],"13":[0,0],"14":[0,0],"15":[0,0],"16":[0,0],"17":[0,0],"18":[0,0],"19":[0,0],"20":[0,0],"21":[0,0],"22":[0,0],"23":[0,0],"24":[0,0],"25":[0,0],"26":[0,0],"27":[0,0],"28":[0,0],"29":[0,0],"30":[0,0],"31":[0,0],"32":[0,0],"33":[0,0],"34":[0,0],"35":[0,0],"36":[0,0],"37":[0,0],"38":[0,0],"39":[0,0],"40":[0,0]}}
,"/Users/kayrabali/Desktop/projects/commitlock/src/widgets/ios/index.tsx": {"path":"/Users/kayrabali/Desktop/projects/commitlock/src/widgets/ios/index.tsx","statementMap":{},"fnMap":{},"branchMap":{},"s":{},"f":{},"b":{}}
}
