TN:
SF:src/app/_layout.tsx
FN:21,(anonymous_0)
FN:30,TabLayoutContent
FN:36,(anonymous_2)
FN:38,(anonymous_3)
FN:57,(anonymous_4)
FN:66,(anonymous_5)
FN:98,(anonymous_6)
FN:112,(anonymous_7)
FN:125,(anonymous_8)
FN:138,(anonymous_9)
FN:151,(anonymous_10)
FN:170,TabLayout
FNF:12
FNH:0
FNDA:0,(anonymous_0)
FNDA:0,TabLayoutContent
FNDA:0,(anonymous_2)
FNDA:0,(anonymous_3)
FNDA:0,(anonymous_4)
FNDA:0,(anonymous_5)
FNDA:0,(anonymous_6)
FNDA:0,(anonymous_7)
FNDA:0,(anonymous_8)
FNDA:0,(anonymous_9)
FNDA:0,(anonymous_10)
FNDA:0,TabLayout
DA:20,0
DA:21,0
DA:31,0
DA:32,0
DA:33,0
DA:34,0
DA:36,0
DA:38,0
DA:39,0
DA:40,0
DA:41,0
DA:42,0
DA:43,0
DA:44,0
DA:45,0
DA:48,0
DA:51,0
DA:56,0
DA:57,0
DA:58,0
DA:59,0
DA:60,0
DA:63,0
DA:66,0
DA:67,0
DA:71,0
DA:72,0
DA:79,0
DA:80,0
DA:83,0
DA:98,0
DA:113,0
DA:126,0
DA:139,0
DA:152,0
DA:171,0
DA:172,0
DA:174,0
LF:38
LH:0
BRDA:33,0,0,0
BRDA:33,0,1,0
BRDA:34,1,0,0
BRDA:34,1,1,0
BRDA:39,2,0,0
BRDA:39,2,1,0
BRDA:39,3,0,0
BRDA:39,3,1,0
BRDA:42,4,0,0
BRDA:42,4,1,0
BRDA:56,5,0,0
BRDA:56,5,1,0
BRDA:59,6,0,0
BRDA:59,6,1,0
BRDA:71,7,0,0
BRDA:71,7,1,0
BRDA:79,8,0,0
BRDA:79,8,1,0
BRDA:89,9,0,0
BRDA:89,9,1,0
BRDA:93,10,0,0
BRDA:93,10,1,0
BRDA:94,11,0,0
BRDA:94,11,1,0
BRDA:97,12,0,0
BRDA:97,12,1,0
BRDA:114,13,0,0
BRDA:114,13,1,0
BRDA:127,14,0,0
BRDA:127,14,1,0
BRDA:140,15,0,0
BRDA:140,15,1,0
BRDA:153,16,0,0
BRDA:153,16,1,0
BRDA:171,17,0,0
BRDA:171,17,1,0
BRDA:172,18,0,0
BRDA:172,18,1,0
BRDA:176,19,0,0
BRDA:176,19,1,0
BRF:40
BRH:0
end_of_record
TN:
SF:src/app/commit.tsx
FN:47,CommitScreen
FN:62,(anonymous_1)
FN:65,(anonymous_2)
FN:78,(anonymous_3)
FN:85,(anonymous_4)
FN:96,(anonymous_5)
FN:100,(anonymous_6)
FN:102,(anonymous_7)
FN:108,(anonymous_8)
FN:119,(anonymous_9)
FN:134,(anonymous_10)
FN:147,(anonymous_11)
FN:155,(anonymous_12)
FN:164,(anonymous_13)
FN:168,(anonymous_14)
FN:178,(anonymous_15)
FN:180,(anonymous_16)
FN:187,(anonymous_17)
FN:192,(anonymous_18)
FN:197,(anonymous_19)
FN:234,(anonymous_20)
FN:236,(anonymous_21)
FN:239,(anonymous_22)
FN:245,(anonymous_23)
FN:256,(anonymous_24)
FN:266,(anonymous_25)
FN:283,(anonymous_26)
FN:297,(anonymous_27)
FN:310,(anonymous_28)
FN:312,(anonymous_29)
FN:315,(anonymous_30)
FN:326,(anonymous_31)
FN:329,(anonymous_32)
FN:335,(anonymous_33)
FN:347,(anonymous_34)
FN:360,(anonymous_35)
FN:366,(anonymous_36)
FN:371,(anonymous_37)
FN:379,(anonymous_38)
FN:397,confirmPayment
FN:444,(anonymous_40)
FN:494,(anonymous_41)
FN:499,(anonymous_42)
FN:514,(anonymous_43)
FN:525,(anonymous_44)
FN:537,(anonymous_45)
FN:550,(anonymous_46)
FN:561,(anonymous_47)
FN:603,(anonymous_48)
FN:615,(anonymous_49)
FN:633,(anonymous_50)
FN:636,(anonymous_51)
FN:643,(anonymous_52)
FN:652,(anonymous_53)
FN:664,(anonymous_54)
FN:667,(anonymous_55)
FN:676,(anonymous_56)
FN:676,(anonymous_57)
FN:683,(anonymous_58)
FN:683,(anonymous_59)
FN:694,(anonymous_60)
FN:697,(anonymous_61)
FN:719,(anonymous_62)
FN:749,(anonymous_63)
FN:755,(anonymous_64)
FN:819,(anonymous_65)
FNF:66
FNH:28
FNDA:10,CommitScreen
FNDA:2,(anonymous_1)
FNDA:2,(anonymous_2)
FNDA:0,(anonymous_3)
FNDA:0,(anonymous_4)
FNDA:0,(anonymous_5)
FNDA:2,(anonymous_6)
FNDA:0,(anonymous_7)
FNDA:0,(anonymous_8)
FNDA:4,(anonymous_9)
FNDA:0,(anonymous_10)
FNDA:2,(anonymous_11)
FNDA:21,(anonymous_12)
FNDA:42,(anonymous_13)
FNDA:42,(anonymous_14)
FNDA:11,(anonymous_15)
FNDA:11,(anonymous_16)
FNDA:20,(anonymous_17)
FNDA:10,(anonymous_18)
FNDA:0,(anonymous_19)
FNDA:0,(anonymous_20)
FNDA:0,(anonymous_21)
FNDA:0,(anonymous_22)
FNDA:0,(anonymous_23)
FNDA:0,(anonymous_24)
FNDA:0,(anonymous_25)
FNDA:0,(anonymous_26)
FNDA:0,(anonymous_27)
FNDA:0,(anonymous_28)
FNDA:0,(anonymous_29)
FNDA:0,(anonymous_30)
FNDA:0,(anonymous_31)
FNDA:0,(anonymous_32)
FNDA:0,(anonymous_33)
FNDA:0,(anonymous_34)
FNDA:2,(anonymous_35)
FNDA:0,(anonymous_36)
FNDA:2,(anonymous_37)
FNDA:0,(anonymous_38)
FNDA:2,confirmPayment
FNDA:2,(anonymous_40)
FNDA:0,(anonymous_41)
FNDA:0,(anonymous_42)
FNDA:36,(anonymous_43)
FNDA:16,(anonymous_44)
FNDA:10,(anonymous_45)
FNDA:30,(anonymous_46)
FNDA:30,(anonymous_47)
FNDA:30,(anonymous_48)
FNDA:0,(anonymous_49)
FNDA:0,(anonymous_50)
FNDA:0,(anonymous_51)
FNDA:0,(anonymous_52)
FNDA:0,(anonymous_53)
FNDA:20,(anonymous_54)
FNDA:0,(anonymous_55)
FNDA:0,(anonymous_56)
FNDA:0,(anonymous_57)
FNDA:0,(anonymous_58)
FNDA:0,(anonymous_59)
FNDA:30,(anonymous_60)
FNDA:2,(anonymous_61)
FNDA:10,(anonymous_62)
FNDA:0,(anonymous_63)
FNDA:0,(anonymous_64)
FNDA:2,(anonymous_65)
DA:45,1
DA:48,10
DA:49,10
DA:50,10
DA:51,10
DA:53,10
DA:62,10
DA:63,10
DA:65,10
DA:66,2
DA:67,0
DA:68,0
DA:69,0
DA:71,0
DA:72,0
DA:74,0
DA:75,0
DA:78,0
DA:79,0
DA:85,0
DA:90,10
DA:93,10
DA:94,10
DA:96,10
DA:97,0
DA:100,10
DA:101,2
DA:102,0
DA:103,0
DA:108,0
DA:113,10
DA:117,10
DA:119,10
DA:120,4
DA:121,2
DA:130,2
DA:134,10
DA:135,0
DA:142,10
DA:143,10
DA:144,10
DA:145,10
DA:146,10
DA:147,10
DA:148,2
DA:150,2
DA:152,10
DA:153,10
DA:155,10
DA:156,21
DA:159,21
DA:162,21
DA:164,21
DA:165,42
DA:168,21
DA:169,42
DA:172,21
DA:178,10
DA:179,11
DA:180,11
DA:181,11
DA:182,11
DA:183,11
DA:184,11
DA:187,10
DA:188,20
DA:191,10
DA:192,10
DA:193,10
DA:194,10
DA:197,10
DA:198,0
DA:200,0
DA:201,0
DA:202,0
DA:204,0
DA:205,0
DA:206,0
DA:207,0
DA:208,0
DA:211,0
DA:212,0
DA:213,0
DA:214,0
DA:215,0
DA:216,0
DA:220,0
DA:221,0
DA:227,10
DA:228,10
DA:229,10
DA:232,10
DA:234,10
DA:235,0
DA:236,0
DA:239,10
DA:240,0
DA:241,0
DA:242,0
DA:245,0
DA:246,0
DA:247,0
DA:248,0
DA:256,10
DA:257,0
DA:258,0
DA:259,0
DA:260,0
DA:261,0
DA:262,0
DA:266,10
DA:267,0
DA:268,0
DA:269,0
DA:270,0
DA:271,0
DA:279,10
DA:280,10
DA:283,10
DA:284,0
DA:285,0
DA:286,0
DA:287,0
DA:288,0
DA:289,0
DA:290,0
DA:291,0
DA:292,0
DA:297,10
DA:298,0
DA:299,0
DA:300,0
DA:301,0
DA:302,0
DA:303,0
DA:304,0
DA:305,0
DA:306,0
DA:310,10
DA:311,0
DA:312,0
DA:315,10
DA:316,0
DA:317,0
DA:318,0
DA:319,0
DA:320,0
DA:321,0
DA:322,0
DA:323,0
DA:324,0
DA:325,0
DA:326,0
DA:329,10
DA:330,0
DA:331,0
DA:332,0
DA:333,0
DA:335,0
DA:336,0
DA:337,0
DA:338,0
DA:339,0
DA:340,0
DA:341,0
DA:342,0
DA:343,0
DA:347,0
DA:348,0
DA:349,0
DA:350,0
DA:351,0
DA:352,0
DA:353,0
DA:354,0
DA:355,0
DA:360,10
DA:361,2
DA:362,2
DA:363,2
DA:366,2
DA:367,0
DA:371,10
DA:372,2
DA:374,2
DA:375,2
DA:376,2
DA:379,10
DA:380,0
DA:381,0
DA:382,0
DA:383,0
DA:384,0
DA:385,0
DA:386,0
DA:387,0
DA:388,0
DA:389,0
DA:390,0
DA:391,0
DA:392,0
DA:393,0
DA:394,0
DA:398,2
DA:399,1
DA:400,1
DA:401,1
DA:402,1
DA:408,1
DA:410,1
DA:411,1
DA:412,1
DA:414,1
DA:416,1
DA:417,1
DA:423,0
DA:426,0
DA:427,0
DA:430,0
DA:431,0
DA:432,0
DA:434,1
DA:437,1
DA:438,1
DA:440,1
DA:442,1
DA:444,1
DA:445,2
DA:448,1
DA:449,1
DA:450,1
DA:452,1
DA:466,1
DA:467,0
DA:468,0
DA:469,0
DA:470,0
DA:471,0
DA:476,0
DA:477,0
DA:480,0
DA:485,1
DA:488,1
DA:490,1
DA:491,1
DA:494,1
DA:495,0
DA:496,0
DA:499,0
DA:500,0
DA:505,0
DA:506,0
DA:507,0
DA:514,10
DA:515,36
DA:516,16
DA:517,10
DA:518,10
DA:519,0
DA:520,0
DA:521,0
DA:525,10
DA:526,16
DA:527,16
DA:528,16
DA:529,0
DA:530,0
DA:531,0
DA:532,0
DA:533,0
DA:537,10
DA:538,10
DA:539,10
DA:540,10
DA:542,10
DA:543,10
DA:544,10
DA:545,10
DA:547,10
DA:550,10
DA:551,30
DA:552,10
DA:553,10
DA:554,10
DA:555,0
DA:556,0
DA:557,0
DA:561,10
DA:562,30
DA:563,10
DA:564,10
DA:565,10
DA:566,0
DA:567,0
DA:568,0
DA:572,10
DA:604,30
DA:605,30
DA:607,30
DA:614,30
DA:615,0
DA:633,0
DA:636,0
DA:643,0
DA:652,0
DA:665,20
DA:666,20
DA:667,0
DA:676,0
DA:683,0
DA:695,30
DA:696,30
DA:697,2
DA:720,10
DA:721,10
DA:749,0
DA:755,0
DA:819,2
DA:856,1
LF:319
LH:153
BRDA:62,0,0,0
BRDA:62,0,1,2
BRDA:66,1,0,0
BRDA:66,1,1,2
BRDA:68,2,0,0
BRDA:68,2,1,0
BRDA:71,3,0,0
BRDA:71,3,1,0
BRDA:74,4,0,0
BRDA:74,4,1,0
BRDA:81,5,0,0
BRDA:81,5,1,0
BRDA:101,6,0,0
BRDA:101,6,1,2
BRDA:101,7,0,2
BRDA:101,7,1,0
BRDA:120,8,0,2
BRDA:120,8,1,2
BRDA:137,9,0,0
BRDA:137,9,1,0
BRDA:180,10,0,11
BRDA:180,10,1,0
BRDA:198,11,0,0
BRDA:198,11,1,0
BRDA:205,12,0,0
BRDA:205,12,1,0
BRDA:207,13,0,0
BRDA:207,13,1,0
BRDA:211,14,0,0
BRDA:211,14,1,0
BRDA:213,15,0,0
BRDA:213,15,1,0
BRDA:236,16,0,0
BRDA:236,16,1,0
BRDA:240,17,0,0
BRDA:240,17,1,0
BRDA:247,18,0,0
BRDA:247,18,1,0
BRDA:247,19,0,0
BRDA:247,19,1,0
BRDA:260,20,0,0
BRDA:260,20,1,0
BRDA:260,21,0,0
BRDA:260,21,1,0
BRDA:270,22,0,0
BRDA:270,22,1,0
BRDA:270,23,0,0
BRDA:270,23,1,0
BRDA:286,24,0,0
BRDA:286,24,1,0
BRDA:287,25,0,0
BRDA:287,25,1,0
BRDA:288,26,0,0
BRDA:288,26,1,0
BRDA:289,27,0,0
BRDA:289,27,1,0
BRDA:290,28,0,0
BRDA:290,28,1,0
BRDA:291,29,0,0
BRDA:291,29,1,0
BRDA:292,30,0,0
BRDA:292,30,1,0
BRDA:299,31,0,0
BRDA:299,31,1,0
BRDA:299,31,2,0
BRDA:299,31,3,0
BRDA:299,31,4,0
BRDA:299,31,5,0
BRDA:299,31,6,0
BRDA:300,32,0,0
BRDA:300,32,1,0
BRDA:301,33,0,0
BRDA:301,33,1,0
BRDA:302,34,0,0
BRDA:302,34,1,0
BRDA:303,35,0,0
BRDA:303,35,1,0
BRDA:304,36,0,0
BRDA:304,36,1,0
BRDA:305,37,0,0
BRDA:305,37,1,0
BRDA:306,38,0,0
BRDA:306,38,1,0
BRDA:319,39,0,0
BRDA:319,39,1,0
BRDA:320,40,0,0
BRDA:320,40,1,0
BRDA:321,41,0,0
BRDA:321,41,1,0
BRDA:322,42,0,0
BRDA:322,42,1,0
BRDA:323,43,0,0
BRDA:323,43,1,0
BRDA:324,44,0,0
BRDA:324,44,1,0
BRDA:325,45,0,0
BRDA:325,45,1,0
BRDA:330,46,0,0
BRDA:330,46,1,0
BRDA:333,47,0,0
BRDA:333,47,1,0
BRDA:337,48,0,0
BRDA:337,48,1,0
BRDA:337,49,0,0
BRDA:337,49,1,0
BRDA:338,50,0,0
BRDA:338,50,1,0
BRDA:338,51,0,0
BRDA:338,51,1,0
BRDA:339,52,0,0
BRDA:339,52,1,0
BRDA:339,53,0,0
BRDA:339,53,1,0
BRDA:340,54,0,0
BRDA:340,54,1,0
BRDA:340,55,0,0
BRDA:340,55,1,0
BRDA:341,56,0,0
BRDA:341,56,1,0
BRDA:341,57,0,0
BRDA:341,57,1,0
BRDA:342,58,0,0
BRDA:342,58,1,0
BRDA:342,59,0,0
BRDA:342,59,1,0
BRDA:349,60,0,0
BRDA:349,60,1,0
BRDA:349,61,0,0
BRDA:349,61,1,0
BRDA:350,62,0,0
BRDA:350,62,1,0
BRDA:350,63,0,0
BRDA:350,63,1,0
BRDA:351,64,0,0
BRDA:351,64,1,0
BRDA:351,65,0,0
BRDA:351,65,1,0
BRDA:352,66,0,0
BRDA:352,66,1,0
BRDA:352,67,0,0
BRDA:352,67,1,0
BRDA:353,68,0,0
BRDA:353,68,1,0
BRDA:353,69,0,0
BRDA:353,69,1,0
BRDA:354,70,0,0
BRDA:354,70,1,0
BRDA:354,71,0,0
BRDA:354,71,1,0
BRDA:355,72,0,0
BRDA:355,72,1,0
BRDA:372,73,0,0
BRDA:372,73,1,2
BRDA:372,74,0,2
BRDA:372,74,1,2
BRDA:398,75,0,1
BRDA:398,75,1,1
BRDA:410,76,0,1
BRDA:410,76,1,0
BRDA:414,77,0,1
BRDA:414,77,1,0
BRDA:416,78,0,1
BRDA:416,78,1,0
BRDA:448,79,0,1
BRDA:448,79,1,1
BRDA:449,80,0,1
BRDA:449,80,1,1
BRDA:450,81,0,1
BRDA:450,81,1,1
BRDA:466,82,0,0
BRDA:466,82,1,1
BRDA:469,83,0,0
BRDA:469,83,1,0
BRDA:509,84,0,0
BRDA:509,84,1,0
BRDA:515,85,0,16
BRDA:515,85,1,10
BRDA:515,85,2,10
BRDA:515,85,3,0
BRDA:515,85,4,0
BRDA:515,85,5,0
BRDA:526,86,0,0
BRDA:526,86,1,16
BRDA:527,87,0,16
BRDA:527,87,1,0
BRDA:527,87,2,0
BRDA:527,87,3,0
BRDA:527,87,4,0
BRDA:527,87,5,0
BRDA:538,88,0,10
BRDA:538,88,1,0
BRDA:538,89,0,10
BRDA:538,89,1,0
BRDA:540,90,0,0
BRDA:540,90,1,10
BRDA:543,91,0,0
BRDA:543,91,1,10
BRDA:544,92,0,0
BRDA:544,92,1,10
BRDA:545,93,0,0
BRDA:545,93,1,10
BRDA:551,94,0,10
BRDA:551,94,1,10
BRDA:551,94,2,10
BRDA:551,94,3,0
BRDA:551,94,4,0
BRDA:551,94,5,0
BRDA:562,95,0,10
BRDA:562,95,1,10
BRDA:562,95,2,10
BRDA:562,95,3,0
BRDA:562,95,4,0
BRDA:562,95,5,0
BRDA:587,96,0,10
BRDA:587,96,1,0
BRDA:587,96,2,0
BRDA:607,97,0,30
BRDA:607,97,1,20
BRDA:608,98,0,10
BRDA:608,98,1,20
BRDA:609,99,0,10
BRDA:609,99,1,20
BRDA:616,100,0,10
BRDA:616,100,1,20
BRDA:633,101,0,10
BRDA:633,101,1,10
BRDA:634,102,0,10
BRDA:634,102,1,10
BRDA:636,103,0,10
BRDA:636,103,1,0
BRDA:637,104,0,10
BRDA:637,104,1,0
BRDA:648,105,0,10
BRDA:648,105,1,0
BRDA:648,106,0,10
BRDA:648,106,1,0
BRDA:667,107,0,20
BRDA:667,107,1,10
BRDA:668,108,0,20
BRDA:668,108,1,10
BRDA:697,109,0,30
BRDA:697,109,1,8
BRDA:698,110,0,30
BRDA:698,110,1,8
BRDA:726,111,0,10
BRDA:726,111,1,2
BRDA:737,112,0,10
BRDA:737,112,1,2
BRDA:755,113,0,0
BRDA:755,113,1,0
BRDA:765,114,0,10
BRDA:765,114,1,0
BRDA:773,115,0,10
BRDA:773,115,1,6
BRDA:805,116,0,6
BRDA:805,116,1,0
BRDA:830,117,0,10
BRDA:830,117,1,3
BRDA:838,118,0,10
BRDA:838,118,1,1
BRF:260
BRH:76
end_of_record
TN:
SF:src/app/history.tsx
FN:25,HistoryScreen
FN:32,(anonymous_1)
FN:34,(anonymous_2)
FN:37,(anonymous_3)
FN:51,(anonymous_4)
FN:53,(anonymous_5)
FN:66,(anonymous_6)
FN:68,(anonymous_7)
FN:96,(anonymous_8)
FN:106,(anonymous_9)
FN:111,(anonymous_10)
FN:123,(anonymous_11)
FN:165,(anonymous_12)
FN:172,(anonymous_13)
FN:177,(anonymous_14)
FN:181,(anonymous_15)
FN:187,(anonymous_16)
FN:191,(anonymous_17)
FN:201,(anonymous_18)
FN:299,(anonymous_19)
FN:337,(anonymous_20)
FN:364,(anonymous_21)
FN:369,(anonymous_22)
FN:388,(anonymous_23)
FN:389,(anonymous_24)
FNF:25
FNH:0
FNDA:0,HistoryScreen
FNDA:0,(anonymous_1)
FNDA:0,(anonymous_2)
FNDA:0,(anonymous_3)
FNDA:0,(anonymous_4)
FNDA:0,(anonymous_5)
FNDA:0,(anonymous_6)
FNDA:0,(anonymous_7)
FNDA:0,(anonymous_8)
FNDA:0,(anonymous_9)
FNDA:0,(anonymous_10)
FNDA:0,(anonymous_11)
FNDA:0,(anonymous_12)
FNDA:0,(anonymous_13)
FNDA:0,(anonymous_14)
FNDA:0,(anonymous_15)
FNDA:0,(anonymous_16)
FNDA:0,(anonymous_17)
FNDA:0,(anonymous_18)
FNDA:0,(anonymous_19)
FNDA:0,(anonymous_20)
FNDA:0,(anonymous_21)
FNDA:0,(anonymous_22)
FNDA:0,(anonymous_23)
FNDA:0,(anonymous_24)
DA:23,0
DA:26,0
DA:27,0
DA:28,0
DA:29,0
DA:30,0
DA:32,0
DA:33,0
DA:34,0
DA:37,0
DA:38,0
DA:39,0
DA:43,0
DA:44,0
DA:46,0
DA:48,0
DA:49,0
DA:50,0
DA:51,0
DA:53,0
DA:54,0
DA:55,0
DA:57,0
DA:58,0
DA:59,0
DA:66,0
DA:68,0
DA:69,0
DA:70,0
DA:72,0
DA:73,0
DA:75,0
DA:78,0
DA:79,0
DA:80,0
DA:82,0
DA:86,0
DA:87,0
DA:96,0
DA:97,0
DA:98,0
DA:99,0
DA:101,0
DA:105,0
DA:107,0
DA:111,0
DA:112,0
DA:113,0
DA:114,0
DA:115,0
DA:116,0
DA:117,0
DA:118,0
DA:119,0
DA:123,0
DA:124,0
DA:125,0
DA:126,0
DA:127,0
DA:128,0
DA:129,0
DA:135,0
DA:166,0
DA:167,0
DA:169,0
DA:170,0
DA:171,0
DA:172,0
DA:173,0
DA:174,0
DA:177,0
DA:178,0
DA:180,0
DA:181,0
DA:182,0
DA:185,0
DA:186,0
DA:187,0
DA:188,0
DA:190,0
DA:191,0
DA:193,0
DA:201,0
DA:300,0
DA:302,0
DA:303,0
DA:307,0
DA:338,0
DA:339,0
DA:364,0
DA:369,0
DA:389,0
DA:390,0
DA:392,0
DA:393,0
DA:394,0
DA:395,0
DA:397,0
DA:400,0
DA:413,0
DA:418,0
LF:101
LH:0
BRDA:34,0,0,0
BRDA:34,0,1,0
BRDA:38,1,0,0
BRDA:38,1,1,0
BRDA:38,2,0,0
BRDA:38,2,1,0
BRDA:48,3,0,0
BRDA:48,3,1,0
BRDA:50,4,0,0
BRDA:50,4,1,0
BRDA:58,5,0,0
BRDA:58,5,1,0
BRDA:58,6,0,0
BRDA:58,6,1,0
BRDA:73,7,0,0
BRDA:73,7,1,0
BRDA:78,8,0,0
BRDA:78,8,1,0
BRDA:79,9,0,0
BRDA:79,9,1,0
BRDA:86,10,0,0
BRDA:86,10,1,0
BRDA:86,11,0,0
BRDA:86,11,1,0
BRDA:112,12,0,0
BRDA:112,12,1,0
BRDA:112,12,2,0
BRDA:112,12,3,0
BRDA:112,12,4,0
BRDA:112,12,5,0
BRDA:112,12,6,0
BRDA:124,13,0,0
BRDA:124,13,1,0
BRDA:124,13,2,0
BRDA:124,13,3,0
BRDA:124,13,4,0
BRDA:155,14,0,0
BRDA:155,14,1,0
BRDA:170,15,0,0
BRDA:170,15,1,0
BRDA:173,16,0,0
BRDA:173,16,1,0
BRDA:182,17,0,0
BRDA:182,17,1,0
BRDA:186,18,0,0
BRDA:186,18,1,0
BRDA:188,19,0,0
BRDA:188,19,1,0
BRDA:198,20,0,0
BRDA:198,20,1,0
BRDA:199,21,0,0
BRDA:199,21,1,0
BRDA:206,22,0,0
BRDA:206,22,1,0
BRDA:210,23,0,0
BRDA:210,23,1,0
BRDA:215,24,0,0
BRDA:215,24,1,0
BRDA:219,25,0,0
BRDA:219,25,1,0
BRDA:226,26,0,0
BRDA:226,26,1,0
BRDA:227,27,0,0
BRDA:227,27,1,0
BRDA:230,28,0,0
BRDA:230,28,1,0
BRDA:232,29,0,0
BRDA:232,29,1,0
BRDA:240,30,0,0
BRDA:240,30,1,0
BRDA:243,31,0,0
BRDA:243,31,1,0
BRDA:247,32,0,0
BRDA:247,32,1,0
BRDA:256,33,0,0
BRDA:256,33,1,0
BRDA:258,34,0,0
BRDA:258,34,1,0
BRDA:258,35,0,0
BRDA:258,35,1,0
BRDA:270,36,0,0
BRDA:270,36,1,0
BRDA:270,37,0,0
BRDA:270,37,1,0
BRDA:279,38,0,0
BRDA:279,38,1,0
BRDA:279,39,0,0
BRDA:279,39,1,0
BRDA:288,40,0,0
BRDA:288,40,1,0
BRDA:288,41,0,0
BRDA:288,41,1,0
BRDA:303,42,0,0
BRDA:303,42,1,0
BRDA:304,43,0,0
BRDA:304,43,1,0
BRDA:304,44,0,0
BRDA:304,44,1,0
BRDA:305,45,0,0
BRDA:305,45,1,0
BRDA:305,46,0,0
BRDA:305,46,1,0
BRDA:311,47,0,0
BRDA:311,47,1,0
BRDA:313,48,0,0
BRDA:313,48,1,0
BRDA:320,49,0,0
BRDA:320,49,1,0
BRDA:320,50,0,0
BRDA:320,50,1,0
BRDA:325,51,0,0
BRDA:325,51,1,0
BRDA:334,52,0,0
BRDA:334,52,1,0
BRDA:382,53,0,0
BRDA:382,53,1,0
BRDA:390,54,0,0
BRDA:390,54,1,0
BRDA:394,55,0,0
BRDA:394,55,1,0
BRF:120
BRH:0
end_of_record
TN:
SF:src/app/index.tsx
FN:28,generateRandomId
FN:32,TrackerDashboard
FN:51,(anonymous_2)
FN:57,(anonymous_3)
FN:59,(anonymous_4)
FN:75,(anonymous_5)
FN:78,(anonymous_6)
FN:85,(anonymous_7)
FN:92,(anonymous_8)
FN:110,(anonymous_9)
FN:111,(anonymous_10)
FN:121,(anonymous_11)
FN:123,(anonymous_12)
FN:130,(anonymous_13)
FN:131,(anonymous_14)
FN:136,(anonymous_15)
FN:143,(anonymous_16)
FN:148,(anonymous_17)
FN:153,(anonymous_18)
FN:159,(anonymous_19)
FN:171,(anonymous_20)
FN:183,(anonymous_21)
FN:194,(anonymous_22)
FN:202,(anonymous_23)
FN:223,(anonymous_24)
FN:230,(anonymous_25)
FN:231,(anonymous_26)
FN:243,(anonymous_27)
FN:245,(anonymous_28)
FN:259,(anonymous_29)
FN:261,(anonymous_30)
FN:276,(anonymous_31)
FN:296,(anonymous_32)
FN:304,(anonymous_33)
FN:308,(anonymous_34)
FN:340,(anonymous_35)
FN:342,(anonymous_36)
FN:365,(anonymous_37)
FN:397,(anonymous_38)
FN:401,(anonymous_39)
FN:412,(anonymous_40)
FN:414,(anonymous_41)
FN:440,(anonymous_42)
FN:444,(anonymous_43)
FN:446,(anonymous_44)
FN:471,(anonymous_45)
FN:527,(anonymous_46)
FN:545,(anonymous_47)
FN:553,(anonymous_48)
FN:569,(anonymous_49)
FN:660,(anonymous_50)
FN:662,(anonymous_51)
FN:700,(anonymous_52)
FN:723,(anonymous_53)
FN:727,(anonymous_54)
FN:729,(anonymous_55)
FN:853,(anonymous_56)
FN:869,(anonymous_57)
FN:878,(anonymous_58)
FN:909,(anonymous_59)
FN:935,(anonymous_60)
FNF:61
FNH:0
FNDA:0,generateRandomId
FNDA:0,TrackerDashboard
FNDA:0,(anonymous_2)
FNDA:0,(anonymous_3)
FNDA:0,(anonymous_4)
FNDA:0,(anonymous_5)
FNDA:0,(anonymous_6)
FNDA:0,(anonymous_7)
FNDA:0,(anonymous_8)
FNDA:0,(anonymous_9)
FNDA:0,(anonymous_10)
FNDA:0,(anonymous_11)
FNDA:0,(anonymous_12)
FNDA:0,(anonymous_13)
FNDA:0,(anonymous_14)
FNDA:0,(anonymous_15)
FNDA:0,(anonymous_16)
FNDA:0,(anonymous_17)
FNDA:0,(anonymous_18)
FNDA:0,(anonymous_19)
FNDA:0,(anonymous_20)
FNDA:0,(anonymous_21)
FNDA:0,(anonymous_22)
FNDA:0,(anonymous_23)
FNDA:0,(anonymous_24)
FNDA:0,(anonymous_25)
FNDA:0,(anonymous_26)
FNDA:0,(anonymous_27)
FNDA:0,(anonymous_28)
FNDA:0,(anonymous_29)
FNDA:0,(anonymous_30)
FNDA:0,(anonymous_31)
FNDA:0,(anonymous_32)
FNDA:0,(anonymous_33)
FNDA:0,(anonymous_34)
FNDA:0,(anonymous_35)
FNDA:0,(anonymous_36)
FNDA:0,(anonymous_37)
FNDA:0,(anonymous_38)
FNDA:0,(anonymous_39)
FNDA:0,(anonymous_40)
FNDA:0,(anonymous_41)
FNDA:0,(anonymous_42)
FNDA:0,(anonymous_43)
FNDA:0,(anonymous_44)
FNDA:0,(anonymous_45)
FNDA:0,(anonymous_46)
FNDA:0,(anonymous_47)
FNDA:0,(anonymous_48)
FNDA:0,(anonymous_49)
FNDA:0,(anonymous_50)
FNDA:0,(anonymous_51)
FNDA:0,(anonymous_52)
FNDA:0,(anonymous_53)
FNDA:0,(anonymous_54)
FNDA:0,(anonymous_55)
FNDA:0,(anonymous_56)
FNDA:0,(anonymous_57)
FNDA:0,(anonymous_58)
FNDA:0,(anonymous_59)
FNDA:0,(anonymous_60)
DA:29,0
DA:33,0
DA:34,0
DA:35,0
DA:38,0
DA:39,0
DA:40,0
DA:41,0
DA:42,0
DA:43,0
DA:44,0
DA:45,0
DA:48,0
DA:51,0
DA:52,0
DA:53,0
DA:54,0
DA:57,0
DA:58,0
DA:59,0
DA:60,0
DA:62,0
DA:66,0
DA:67,0
DA:68,0
DA:70,0
DA:74,0
DA:76,0
DA:77,0
DA:78,0
DA:84,0
DA:85,0
DA:86,0
DA:87,0
DA:90,0
DA:92,0
DA:101,0
DA:103,0
DA:105,0
DA:110,0
DA:111,0
DA:112,0
DA:113,0
DA:115,0
DA:118,0
DA:121,0
DA:122,0
DA:123,0
DA:130,0
DA:131,0
DA:132,0
DA:133,0
DA:136,0
DA:137,0
DA:142,0
DA:144,0
DA:148,0
DA:149,0
DA:150,0
DA:151,0
DA:153,0
DA:154,0
DA:155,0
DA:159,0
DA:160,0
DA:161,0
DA:162,0
DA:163,0
DA:164,0
DA:165,0
DA:166,0
DA:167,0
DA:171,0
DA:172,0
DA:173,0
DA:174,0
DA:175,0
DA:176,0
DA:177,0
DA:178,0
DA:179,0
DA:183,0
DA:184,0
DA:185,0
DA:186,0
DA:187,0
DA:188,0
DA:189,0
DA:194,0
DA:195,0
DA:196,0
DA:197,0
DA:198,0
DA:199,0
DA:202,0
DA:203,0
DA:204,0
DA:205,0
DA:206,0
DA:207,0
DA:209,0
DA:210,0
DA:211,0
DA:212,0
DA:213,0
DA:214,0
DA:216,0
DA:218,0
DA:223,0
DA:224,0
DA:225,0
DA:228,0
DA:230,0
DA:231,0
DA:233,0
DA:234,0
DA:236,0
DA:238,0
DA:239,0
DA:240,0
DA:241,0
DA:243,0
DA:244,0
DA:245,0
DA:246,0
DA:247,0
DA:248,0
DA:250,0
DA:255,0
DA:257,0
DA:259,0
DA:260,0
DA:261,0
DA:262,0
DA:263,0
DA:264,0
DA:266,0
DA:271,0
DA:274,0
DA:275,0
DA:276,0
DA:277,0
DA:278,0
DA:279,0
DA:281,0
DA:282,0
DA:287,0
DA:296,0
DA:297,0
DA:298,0
DA:299,0
DA:301,0
DA:303,0
DA:304,0
DA:308,0
DA:309,0
DA:310,0
DA:311,0
DA:312,0
DA:314,0
DA:315,0
DA:317,0
DA:319,0
DA:322,0
DA:323,0
DA:324,0
DA:326,0
DA:327,0
DA:328,0
DA:330,0
DA:333,0
DA:334,0
DA:336,0
DA:340,0
DA:341,0
DA:342,0
DA:343,0
DA:346,0
DA:351,0
DA:354,0
DA:357,0
DA:358,0
DA:359,0
DA:360,0
DA:362,0
DA:363,0
DA:365,0
DA:366,0
DA:370,0
DA:383,0
DA:384,0
DA:386,0
DA:387,0
DA:392,0
DA:394,0
DA:395,0
DA:397,0
DA:401,0
DA:402,0
DA:403,0
DA:412,0
DA:413,0
DA:414,0
DA:415,0
DA:418,0
DA:424,0
DA:427,0
DA:429,0
DA:430,0
DA:435,0
DA:437,0
DA:438,0
DA:440,0
DA:444,0
DA:445,0
DA:446,0
DA:447,0
DA:450,0
DA:455,0
DA:458,0
DA:460,0
DA:461,0
DA:466,0
DA:468,0
DA:469,0
DA:471,0
DA:475,0
DA:476,0
DA:483,0
DA:528,0
DA:529,0
DA:546,0
DA:547,0
DA:554,0
DA:555,0
DA:556,0
DA:557,0
DA:560,0
DA:561,0
DA:562,0
DA:563,0
DA:564,0
DA:565,0
DA:567,0
DA:569,0
DA:571,0
DA:572,0
DA:573,0
DA:574,0
DA:575,0
DA:576,0
DA:579,0
DA:582,0
DA:661,0
DA:662,0
DA:664,0
DA:666,0
DA:667,0
DA:668,0
DA:669,0
DA:672,0
DA:675,0
DA:679,0
DA:682,0
DA:700,0
DA:724,0
DA:725,0
DA:727,0
DA:729,0
DA:732,0
DA:733,0
DA:735,0
DA:736,0
DA:739,0
DA:740,0
DA:742,0
DA:743,0
DA:744,0
DA:747,0
DA:749,0
DA:752,0
DA:755,0
DA:756,0
DA:757,0
DA:758,0
DA:760,0
DA:761,0
DA:762,0
DA:763,0
DA:764,0
DA:765,0
DA:766,0
DA:767,0
DA:768,0
DA:769,0
DA:770,0
DA:771,0
DA:772,0
DA:774,0
DA:775,0
DA:776,0
DA:777,0
DA:780,0
DA:853,0
DA:869,0
DA:878,0
DA:909,0
DA:935,0
DA:943,0
DA:948,0
LF:310
LH:0
BRDA:66,0,0,0
BRDA:66,0,1,0
BRDA:86,1,0,0
BRDA:86,1,1,0
BRDA:132,2,0,0
BRDA:132,2,1,0
BRDA:160,3,0,0
BRDA:160,3,1,0
BRDA:160,3,2,0
BRDA:160,3,3,0
BRDA:160,3,4,0
BRDA:160,3,5,0
BRDA:160,3,6,0
BRDA:172,4,0,0
BRDA:172,4,1,0
BRDA:172,4,2,0
BRDA:172,4,3,0
BRDA:172,4,4,0
BRDA:172,4,5,0
BRDA:172,4,6,0
BRDA:184,5,0,0
BRDA:184,5,1,0
BRDA:184,5,2,0
BRDA:184,5,3,0
BRDA:184,5,4,0
BRDA:194,6,0,0
BRDA:194,7,0,0
BRDA:194,8,0,0
BRDA:224,9,0,0
BRDA:224,9,1,0
BRDA:224,10,0,0
BRDA:224,10,1,0
BRDA:224,10,2,0
BRDA:234,11,0,0
BRDA:234,11,1,0
BRDA:238,12,0,0
BRDA:238,12,1,0
BRDA:244,13,0,0
BRDA:244,13,1,0
BRDA:246,14,0,0
BRDA:246,14,1,0
BRDA:248,15,0,0
BRDA:248,15,1,0
BRDA:260,16,0,0
BRDA:260,16,1,0
BRDA:262,17,0,0
BRDA:262,17,1,0
BRDA:264,18,0,0
BRDA:264,18,1,0
BRDA:277,19,0,0
BRDA:277,19,1,0
BRDA:278,20,0,0
BRDA:278,20,1,0
BRDA:281,21,0,0
BRDA:281,21,1,0
BRDA:297,22,0,0
BRDA:297,22,1,0
BRDA:297,23,0,0
BRDA:297,23,1,0
BRDA:297,23,2,0
BRDA:298,24,0,0
BRDA:298,24,1,0
BRDA:304,25,0,0
BRDA:304,25,1,0
BRDA:309,26,0,0
BRDA:309,26,1,0
BRDA:319,27,0,0
BRDA:319,27,1,0
BRDA:326,28,0,0
BRDA:326,28,1,0
BRDA:334,29,0,0
BRDA:334,29,1,0
BRDA:475,30,0,0
BRDA:475,30,1,0
BRDA:490,31,0,0
BRDA:490,31,1,0
BRDA:505,32,0,0
BRDA:505,32,1,0
BRDA:554,33,0,0
BRDA:554,33,1,0
BRDA:567,34,0,0
BRDA:567,34,1,0
BRDA:569,35,0,0
BRDA:569,35,1,0
BRDA:572,36,0,0
BRDA:572,36,1,0
BRDA:579,37,0,0
BRDA:579,37,1,0
BRDA:579,37,2,0
BRDA:606,38,0,0
BRDA:606,38,1,0
BRDA:623,39,0,0
BRDA:623,39,1,0
BRDA:623,40,0,0
BRDA:623,40,1,0
BRDA:625,41,0,0
BRDA:625,41,1,0
BRDA:629,42,0,0
BRDA:629,42,1,0
BRDA:631,43,0,0
BRDA:631,43,1,0
BRDA:633,44,0,0
BRDA:633,44,1,0
BRDA:648,45,0,0
BRDA:648,45,1,0
BRDA:655,46,0,0
BRDA:655,46,1,0
BRDA:666,47,0,0
BRDA:666,47,1,0
BRDA:668,48,0,0
BRDA:668,48,1,0
BRDA:669,49,0,0
BRDA:669,49,1,0
BRDA:672,50,0,0
BRDA:672,50,1,0
BRDA:675,51,0,0
BRDA:675,51,1,0
BRDA:679,52,0,0
BRDA:679,52,1,0
BRDA:705,53,0,0
BRDA:705,53,1,0
BRDA:708,54,0,0
BRDA:708,54,1,0
BRDA:715,55,0,0
BRDA:715,55,1,0
BRDA:742,56,0,0
BRDA:742,56,1,0
BRDA:744,57,0,0
BRDA:744,57,1,0
BRDA:747,58,0,0
BRDA:747,58,1,0
BRDA:749,59,0,0
BRDA:749,59,1,0
BRDA:760,60,0,0
BRDA:760,60,1,0
BRDA:764,61,0,0
BRDA:764,61,1,0
BRDA:768,62,0,0
BRDA:768,62,1,0
BRDA:771,63,0,0
BRDA:771,63,1,0
BRDA:786,64,0,0
BRDA:786,64,1,0
BRDA:792,65,0,0
BRDA:792,65,1,0
BRDA:793,66,0,0
BRDA:793,66,1,0
BRDA:801,67,0,0
BRDA:801,67,1,0
BRDA:801,68,0,0
BRDA:801,68,1,0
BRDA:803,69,0,0
BRDA:803,69,1,0
BRDA:803,70,0,0
BRDA:803,70,1,0
BRDA:807,71,0,0
BRDA:807,71,1,0
BRDA:827,72,0,0
BRDA:827,72,1,0
BRDA:827,72,2,0
BRDA:829,73,0,0
BRDA:829,73,1,0
BRDA:831,74,0,0
BRDA:831,74,1,0
BRDA:831,75,0,0
BRDA:831,75,1,0
BRDA:831,75,2,0
BRDA:844,76,0,0
BRDA:844,76,1,0
BRDA:897,77,0,0
BRDA:897,77,1,0
BRDA:902,78,0,0
BRDA:902,78,1,0
BRF:173
BRH:0
end_of_record
TN:
SF:src/app/resolution.tsx
FN:23,ResolutionScreen
FN:41,(anonymous_1)
FN:43,(anonymous_2)
FN:58,(anonymous_3)
FN:61,(anonymous_4)
FN:87,(anonymous_5)
FN:119,(anonymous_6)
FN:124,(anonymous_7)
FN:129,(anonymous_8)
FN:145,(anonymous_9)
FN:146,(anonymous_10)
FN:148,(anonymous_11)
FN:168,(anonymous_12)
FN:170,(anonymous_13)
FN:173,(anonymous_14)
FN:177,handleResolveAction
FN:199,(anonymous_16)
FN:211,(anonymous_17)
FN:213,(anonymous_18)
FN:269,(anonymous_19)
FN:360,(anonymous_20)
FNF:21
FNH:0
FNDA:0,ResolutionScreen
FNDA:0,(anonymous_1)
FNDA:0,(anonymous_2)
FNDA:0,(anonymous_3)
FNDA:0,(anonymous_4)
FNDA:0,(anonymous_5)
FNDA:0,(anonymous_6)
FNDA:0,(anonymous_7)
FNDA:0,(anonymous_8)
FNDA:0,(anonymous_9)
FNDA:0,(anonymous_10)
FNDA:0,(anonymous_11)
FNDA:0,(anonymous_12)
FNDA:0,(anonymous_13)
FNDA:0,(anonymous_14)
FNDA:0,handleResolveAction
FNDA:0,(anonymous_16)
FNDA:0,(anonymous_17)
FNDA:0,(anonymous_18)
FNDA:0,(anonymous_19)
FNDA:0,(anonymous_20)
DA:24,0
DA:25,0
DA:26,0
DA:29,0
DA:30,0
DA:31,0
DA:32,0
DA:33,0
DA:34,0
DA:37,0
DA:38,0
DA:39,0
DA:41,0
DA:43,0
DA:44,0
DA:45,0
DA:47,0
DA:48,0
DA:50,0
DA:52,0
DA:53,0
DA:56,0
DA:57,0
DA:58,0
DA:59,0
DA:61,0
DA:63,0
DA:66,0
DA:67,0
DA:68,0
DA:69,0
DA:70,0
DA:71,0
DA:73,0
DA:77,0
DA:79,0
DA:83,0
DA:87,0
DA:88,0
DA:89,0
DA:119,0
DA:120,0
DA:121,0
DA:124,0
DA:129,0
DA:130,0
DA:131,0
DA:132,0
DA:134,0
DA:138,0
DA:139,0
DA:141,0
DA:145,0
DA:146,0
DA:148,0
DA:152,0
DA:153,0
DA:158,0
DA:168,0
DA:169,0
DA:170,0
DA:171,0
DA:173,0
DA:178,0
DA:180,0
DA:183,0
DA:190,0
DA:193,0
DA:196,0
DA:199,0
DA:200,0
DA:201,0
DA:202,0
DA:203,0
DA:204,0
DA:205,0
DA:206,0
DA:207,0
DA:211,0
DA:212,0
DA:213,0
DA:216,0
DA:270,0
DA:271,0
DA:272,0
DA:273,0
DA:277,0
DA:360,0
DA:391,0
DA:396,0
LF:90
LH:0
BRDA:45,0,0,0
BRDA:45,0,1,0
BRDA:57,1,0,0
BRDA:57,1,1,0
BRDA:70,2,0,0
BRDA:70,2,1,0
BRDA:77,3,0,0
BRDA:77,3,1,0
BRDA:88,4,0,0
BRDA:88,4,1,0
BRDA:130,5,0,0
BRDA:130,5,1,0
BRDA:130,6,0,0
BRDA:130,6,1,0
BRDA:131,7,0,0
BRDA:131,7,1,0
BRDA:132,8,0,0
BRDA:132,8,1,0
BRDA:132,9,0,0
BRDA:132,9,1,0
BRDA:134,10,0,0
BRDA:134,10,1,0
BRDA:136,11,0,0
BRDA:136,11,1,0
BRDA:138,12,0,0
BRDA:138,12,1,0
BRDA:154,13,0,0
BRDA:154,13,1,0
BRDA:169,14,0,0
BRDA:169,14,1,0
BRDA:169,15,0,0
BRDA:169,15,1,0
BRDA:169,15,2,0
BRDA:178,16,0,0
BRDA:178,16,1,0
BRDA:185,17,0,0
BRDA:185,17,1,0
BRDA:200,18,0,0
BRDA:200,18,1,0
BRDA:201,19,0,0
BRDA:201,19,1,0
BRDA:201,19,2,0
BRDA:201,19,3,0
BRDA:201,19,4,0
BRDA:201,19,5,0
BRDA:212,20,0,0
BRDA:212,20,1,0
BRDA:212,21,0,0
BRDA:212,21,1,0
BRDA:220,22,0,0
BRDA:220,22,1,0
BRDA:241,23,0,0
BRDA:241,23,1,0
BRDA:248,24,0,0
BRDA:248,24,1,0
BRDA:251,25,0,0
BRDA:251,25,1,0
BRDA:256,26,0,0
BRDA:256,26,1,0
BRDA:260,27,0,0
BRDA:260,27,1,0
BRDA:260,28,0,0
BRDA:260,28,1,0
BRDA:272,29,0,0
BRDA:272,29,1,0
BRDA:273,30,0,0
BRDA:273,30,1,0
BRDA:282,31,0,0
BRDA:282,31,1,0
BRDA:283,32,0,0
BRDA:283,32,1,0
BRDA:283,33,0,0
BRDA:283,33,1,0
BRDA:287,34,0,0
BRDA:287,34,1,0
BRDA:291,35,0,0
BRDA:291,35,1,0
BRDA:291,36,0,0
BRDA:291,36,1,0
BRDA:293,37,0,0
BRDA:293,37,1,0
BRDA:293,38,0,0
BRDA:293,38,1,0
BRDA:300,39,0,0
BRDA:300,39,1,0
BRDA:303,40,0,0
BRDA:303,40,1,0
BRDA:303,40,2,0
BRDA:306,41,0,0
BRDA:306,41,1,0
BRDA:306,41,2,0
BRDA:308,42,0,0
BRDA:308,42,1,0
BRDA:310,43,0,0
BRDA:310,43,1,0
BRDA:313,44,0,0
BRDA:313,44,1,0
BRDA:313,44,2,0
BRDA:325,45,0,0
BRDA:325,45,1,0
BRDA:331,46,0,0
BRDA:331,46,1,0
BRDA:336,47,0,0
BRDA:336,47,1,0
BRDA:359,48,0,0
BRDA:359,48,1,0
BRF:106
BRH:0
end_of_record
TN:
SF:src/app/settings.tsx
FN:38,SettingsScreen
FN:47,(anonymous_1)
FN:50,(anonymous_2)
FN:93,(anonymous_3)
FN:96,(anonymous_4)
FN:103,(anonymous_5)
FN:104,(anonymous_6)
FN:150,(anonymous_7)
FN:163,(anonymous_8)
FN:170,(anonymous_9)
FN:171,(anonymous_10)
FN:181,(anonymous_11)
FN:185,(anonymous_12)
FN:211,(anonymous_13)
FN:216,(anonymous_14)
FN:251,(anonymous_15)
FN:287,(anonymous_16)
FN:300,(anonymous_17)
FN:303,(anonymous_18)
FN:328,(anonymous_19)
FN:331,(anonymous_20)
FN:364,(anonymous_21)
FN:444,(anonymous_22)
FN:461,(anonymous_23)
FN:507,(anonymous_24)
FN:586,(anonymous_25)
FN:617,(anonymous_26)
FN:636,(anonymous_27)
FN:655,(anonymous_28)
FN:674,(anonymous_29)
FN:693,(anonymous_30)
FN:712,(anonymous_31)
FN:729,(anonymous_32)
FN:733,(anonymous_33)
FN:777,(anonymous_34)
FN:792,(anonymous_35)
FN:796,(anonymous_36)
FN:805,(anonymous_37)
FN:820,(anonymous_38)
FN:835,(anonymous_39)
FN:850,(anonymous_40)
FN:863,(anonymous_41)
FN:869,(anonymous_42)
FNF:43
FNH:0
FNDA:0,SettingsScreen
FNDA:0,(anonymous_1)
FNDA:0,(anonymous_2)
FNDA:0,(anonymous_3)
FNDA:0,(anonymous_4)
FNDA:0,(anonymous_5)
FNDA:0,(anonymous_6)
FNDA:0,(anonymous_7)
FNDA:0,(anonymous_8)
FNDA:0,(anonymous_9)
FNDA:0,(anonymous_10)
FNDA:0,(anonymous_11)
FNDA:0,(anonymous_12)
FNDA:0,(anonymous_13)
FNDA:0,(anonymous_14)
FNDA:0,(anonymous_15)
FNDA:0,(anonymous_16)
FNDA:0,(anonymous_17)
FNDA:0,(anonymous_18)
FNDA:0,(anonymous_19)
FNDA:0,(anonymous_20)
FNDA:0,(anonymous_21)
FNDA:0,(anonymous_22)
FNDA:0,(anonymous_23)
FNDA:0,(anonymous_24)
FNDA:0,(anonymous_25)
FNDA:0,(anonymous_26)
FNDA:0,(anonymous_27)
FNDA:0,(anonymous_28)
FNDA:0,(anonymous_29)
FNDA:0,(anonymous_30)
FNDA:0,(anonymous_31)
FNDA:0,(anonymous_32)
FNDA:0,(anonymous_33)
FNDA:0,(anonymous_34)
FNDA:0,(anonymous_35)
FNDA:0,(anonymous_36)
FNDA:0,(anonymous_37)
FNDA:0,(anonymous_38)
FNDA:0,(anonymous_39)
FNDA:0,(anonymous_40)
FNDA:0,(anonymous_41)
FNDA:0,(anonymous_42)
DA:39,0
DA:40,0
DA:41,0
DA:42,0
DA:43,0
DA:44,0
DA:47,0
DA:48,0
DA:49,0
DA:50,0
DA:51,0
DA:52,0
DA:53,0
DA:54,0
DA:56,0
DA:59,0
DA:64,0
DA:65,0
DA:66,0
DA:67,0
DA:68,0
DA:79,0
DA:80,0
DA:83,0
DA:93,0
DA:96,0
DA:97,0
DA:98,0
DA:103,0
DA:104,0
DA:105,0
DA:106,0
DA:107,0
DA:108,0
DA:111,0
DA:112,0
DA:113,0
DA:114,0
DA:123,0
DA:124,0
DA:125,0
DA:130,0
DA:131,0
DA:132,0
DA:141,0
DA:144,0
DA:147,0
DA:150,0
DA:151,0
DA:152,0
DA:153,0
DA:159,0
DA:164,0
DA:170,0
DA:171,0
DA:172,0
DA:173,0
DA:174,0
DA:176,0
DA:179,0
DA:180,0
DA:181,0
DA:185,0
DA:186,0
DA:187,0
DA:188,0
DA:189,0
DA:190,0
DA:191,0
DA:192,0
DA:193,0
DA:204,0
DA:206,0
DA:211,0
DA:212,0
DA:213,0
DA:216,0
DA:217,0
DA:218,0
DA:220,0
DA:221,0
DA:222,0
DA:223,0
DA:224,0
DA:226,0
DA:228,0
DA:231,0
DA:237,0
DA:238,0
DA:239,0
DA:242,0
DA:243,0
DA:244,0
DA:246,0
DA:251,0
DA:252,0
DA:253,0
DA:255,0
DA:256,0
DA:257,0
DA:258,0
DA:259,0
DA:261,0
DA:263,0
DA:266,0
DA:273,0
DA:274,0
DA:275,0
DA:278,0
DA:279,0
DA:280,0
DA:282,0
DA:287,0
DA:288,0
DA:289,0
DA:290,0
DA:291,0
DA:292,0
DA:294,0
DA:298,0
DA:300,0
DA:301,0
DA:303,0
DA:304,0
DA:305,0
DA:306,0
DA:308,0
DA:312,0
DA:313,0
DA:314,0
DA:317,0
DA:328,0
DA:329,0
DA:331,0
DA:332,0
DA:333,0
DA:334,0
DA:336,0
DA:337,0
DA:339,0
DA:342,0
DA:344,0
DA:348,0
DA:349,0
DA:350,0
DA:353,0
DA:364,0
DA:365,0
DA:366,0
DA:367,0
DA:368,0
DA:369,0
DA:370,0
DA:371,0
DA:372,0
DA:374,0
DA:376,0
DA:380,0
DA:444,0
DA:461,0
DA:508,0
DA:509,0
DA:586,0
DA:617,0
DA:636,0
DA:655,0
DA:674,0
DA:693,0
DA:712,0
DA:729,0
DA:733,0
DA:777,0
DA:792,0
DA:796,0
DA:806,0
DA:807,0
DA:821,0
DA:822,0
DA:836,0
DA:837,0
DA:850,0
DA:863,0
DA:869,0
DA:877,0
DA:882,0
LF:185
LH:0
BRDA:48,0,0,0
BRDA:48,0,1,0
BRDA:48,1,0,0
BRDA:48,1,1,0
BRDA:97,2,0,0
BRDA:97,2,1,0
BRDA:107,3,0,0
BRDA:107,3,1,0
BRDA:111,4,0,0
BRDA:111,4,1,0
BRDA:113,5,0,0
BRDA:113,5,1,0
BRDA:131,6,0,0
BRDA:131,6,1,0
BRDA:151,7,0,0
BRDA:151,7,1,0
BRDA:172,8,0,0
BRDA:172,8,1,0
BRDA:179,9,0,0
BRDA:179,9,1,0
BRDA:192,10,0,0
BRDA:192,10,1,0
BRDA:222,11,0,0
BRDA:222,11,1,0
BRDA:223,12,0,0
BRDA:223,12,1,0
BRDA:237,13,0,0
BRDA:237,13,1,0
BRDA:237,14,0,0
BRDA:237,14,1,0
BRDA:243,15,0,0
BRDA:243,15,1,0
BRDA:257,16,0,0
BRDA:257,16,1,0
BRDA:258,17,0,0
BRDA:258,17,1,0
BRDA:273,18,0,0
BRDA:273,18,1,0
BRDA:273,19,0,0
BRDA:273,19,1,0
BRDA:279,20,0,0
BRDA:279,20,1,0
BRDA:298,21,0,0
BRDA:298,21,1,0
BRDA:312,22,0,0
BRDA:312,22,1,0
BRDA:313,23,0,0
BRDA:313,23,1,0
BRDA:336,24,0,0
BRDA:336,24,1,0
BRDA:348,25,0,0
BRDA:348,25,1,0
BRDA:349,26,0,0
BRDA:349,26,1,0
BRDA:368,27,0,0
BRDA:368,27,1,0
BRDA:411,28,0,0
BRDA:411,28,1,0
BRDA:426,29,0,0
BRDA:426,29,1,0
BRDA:427,30,0,0
BRDA:427,30,1,0
BRDA:494,31,0,0
BRDA:494,31,1,0
BRDA:499,32,0,0
BRDA:499,32,1,0
BRDA:619,33,0,0
BRDA:619,33,1,0
BRDA:638,34,0,0
BRDA:638,34,1,0
BRDA:657,35,0,0
BRDA:657,35,1,0
BRDA:676,36,0,0
BRDA:676,36,1,0
BRDA:695,37,0,0
BRDA:695,37,1,0
BRDA:714,38,0,0
BRDA:714,38,1,0
BRDA:762,39,0,0
BRDA:762,39,1,0
BRDA:815,40,0,0
BRDA:815,40,1,0
BRDA:830,41,0,0
BRDA:830,41,1,0
BRDA:845,42,0,0
BRDA:845,42,1,0
BRDA:1122,43,0,0
BRDA:1122,43,1,0
BRDA:1123,44,0,0
BRDA:1123,44,1,0
BRF:90
BRH:0
end_of_record
TN:
SF:src/components/AppHeader.tsx
FN:27,AppHeader
FN:34,(anonymous_1)
FNF:2
FNH:0
FNDA:0,AppHeader
FNDA:0,(anonymous_1)
DA:25,0
DA:28,0
DA:29,0
DA:30,0
DA:31,0
DA:32,0
DA:34,0
DA:35,0
DA:36,0
DA:40,0
DA:89,0
DA:93,0
DA:94,0
DA:113,0
DA:117,0
DA:132,0
LF:16
LH:0
BRDA:27,0,0,0
BRDA:31,1,0,0
BRDA:31,1,1,0
BRDA:32,2,0,0
BRDA:32,2,1,0
BRDA:57,3,0,0
BRDA:57,3,1,0
BRDA:70,4,0,0
BRDA:70,4,1,0
BRDA:89,5,0,0
BRDA:89,5,1,0
BRDA:93,6,0,0
BRDA:93,6,1,0
BRDA:97,7,0,0
BRDA:97,7,1,0
BRDA:113,8,0,0
BRDA:113,8,1,0
BRF:17
BRH:0
end_of_record
TN:
SF:src/components/AuthScreen.tsx
FN:23,AuthScreen
FN:54,(anonymous_1)
FN:57,(anonymous_2)
FN:61,(anonymous_3)
FN:64,(anonymous_4)
FN:70,(anonymous_5)
FN:77,(anonymous_6)
FN:100,(anonymous_7)
FN:125,(anonymous_8)
FN:147,(anonymous_9)
FN:173,(anonymous_10)
FN:177,(anonymous_11)
FN:181,(anonymous_12)
FN:234,(anonymous_13)
FN:238,(anonymous_14)
FN:239,(anonymous_15)
FN:257,(anonymous_16)
FN:261,(anonymous_17)
FN:262,(anonymous_18)
FN:281,(anonymous_19)
FN:285,(anonymous_20)
FN:286,(anonymous_21)
FN:305,(anonymous_22)
FN:309,(anonymous_23)
FN:310,(anonymous_24)
FN:373,(anonymous_25)
FN:383,(anonymous_26)
FNF:27
FNH:0
FNDA:0,AuthScreen
FNDA:0,(anonymous_1)
FNDA:0,(anonymous_2)
FNDA:0,(anonymous_3)
FNDA:0,(anonymous_4)
FNDA:0,(anonymous_5)
FNDA:0,(anonymous_6)
FNDA:0,(anonymous_7)
FNDA:0,(anonymous_8)
FNDA:0,(anonymous_9)
FNDA:0,(anonymous_10)
FNDA:0,(anonymous_11)
FNDA:0,(anonymous_12)
FNDA:0,(anonymous_13)
FNDA:0,(anonymous_14)
FNDA:0,(anonymous_15)
FNDA:0,(anonymous_16)
FNDA:0,(anonymous_17)
FNDA:0,(anonymous_18)
FNDA:0,(anonymous_19)
FNDA:0,(anonymous_20)
FNDA:0,(anonymous_21)
FNDA:0,(anonymous_22)
FNDA:0,(anonymous_23)
FNDA:0,(anonymous_24)
FNDA:0,(anonymous_25)
FNDA:0,(anonymous_26)
DA:31,0
DA:33,0
DA:35,0
DA:36,0
DA:37,0
DA:38,0
DA:39,0
DA:42,0
DA:43,0
DA:46,0
DA:47,0
DA:48,0
DA:51,0
DA:52,0
DA:54,0
DA:55,0
DA:57,0
DA:59,0
DA:61,0
DA:64,0
DA:65,0
DA:66,0
DA:70,0
DA:71,0
DA:72,0
DA:73,0
DA:74,0
DA:77,0
DA:78,0
DA:79,0
DA:80,0
DA:82,0
DA:83,0
DA:84,0
DA:86,0
DA:87,0
DA:88,0
DA:89,0
DA:91,0
DA:92,0
DA:93,0
DA:96,0
DA:97,0
DA:100,0
DA:101,0
DA:102,0
DA:103,0
DA:104,0
DA:107,0
DA:108,0
DA:110,0
DA:111,0
DA:112,0
DA:114,0
DA:116,0
DA:118,0
DA:119,0
DA:121,0
DA:125,0
DA:126,0
DA:127,0
DA:128,0
DA:130,0
DA:131,0
DA:132,0
DA:134,0
DA:136,0
DA:138,0
DA:139,0
DA:141,0
DA:145,0
DA:147,0
DA:148,0
DA:149,0
DA:152,0
DA:173,0
DA:177,0
DA:181,0
DA:235,0
DA:236,0
DA:238,0
DA:239,0
DA:258,0
DA:259,0
DA:261,0
DA:262,0
DA:282,0
DA:283,0
DA:285,0
DA:286,0
DA:306,0
DA:307,0
DA:309,0
DA:310,0
DA:373,0
DA:383,0
DA:410,0
LF:97
LH:0
BRDA:78,0,0,0
BRDA:78,0,1,0
BRDA:78,1,0,0
BRDA:78,1,1,0
BRDA:82,2,0,0
BRDA:82,2,1,0
BRDA:86,3,0,0
BRDA:86,3,1,0
BRDA:87,4,0,0
BRDA:87,4,1,0
BRDA:91,5,0,0
BRDA:91,5,1,0
BRDA:102,6,0,0
BRDA:102,6,1,0
BRDA:111,7,0,0
BRDA:111,7,1,0
BRDA:131,8,0,0
BRDA:131,8,1,0
BRDA:145,9,0,0
BRDA:145,9,1,0
BRDA:154,10,0,0
BRDA:154,10,1,0
BRDA:174,11,0,0
BRDA:174,11,1,0
BRDA:178,12,0,0
BRDA:178,12,1,0
BRDA:182,13,0,0
BRDA:182,13,1,0
BRDA:187,14,0,0
BRDA:187,14,1,0
BRDA:201,15,0,0
BRDA:201,15,1,0
BRDA:203,16,0,0
BRDA:203,16,1,0
BRDA:205,17,0,0
BRDA:205,17,1,0
BRDA:207,18,0,0
BRDA:207,18,1,0
BRDA:212,19,0,0
BRDA:212,19,1,0
BRDA:220,20,0,0
BRDA:220,20,1,0
BRDA:221,21,0,0
BRDA:221,21,1,0
BRDA:222,22,0,0
BRDA:222,22,1,0
BRDA:226,23,0,0
BRDA:226,23,1,0
BRDA:236,24,0,0
BRDA:236,24,1,0
BRDA:245,25,0,0
BRDA:245,25,1,0
BRDA:249,26,0,0
BRDA:249,26,1,0
BRDA:259,27,0,0
BRDA:259,27,1,0
BRDA:268,28,0,0
BRDA:268,28,1,0
BRDA:272,29,0,0
BRDA:272,29,1,0
BRDA:277,30,0,0
BRDA:277,30,1,0
BRDA:283,31,0,0
BRDA:283,31,1,0
BRDA:291,32,0,0
BRDA:291,32,1,0
BRDA:292,33,0,0
BRDA:292,33,1,0
BRDA:296,34,0,0
BRDA:296,34,1,0
BRDA:307,35,0,0
BRDA:307,35,1,0
BRDA:317,36,0,0
BRDA:317,36,1,0
BRDA:336,37,0,0
BRDA:336,37,1,0
BRDA:341,38,0,0
BRDA:341,38,1,0
BRDA:350,39,0,0
BRDA:350,39,1,0
BRDA:350,39,2,0
BRDA:361,40,0,0
BRDA:361,40,1,0
BRDA:394,41,0,0
BRDA:394,41,1,0
BRDA:396,42,0,0
BRDA:396,42,1,0
BRDA:400,43,0,0
BRDA:400,43,1,0
BRDA:419,44,0,0
BRDA:419,44,1,0
BRDA:424,45,0,0
BRDA:424,45,1,0
BRDA:728,46,0,0
BRDA:728,46,1,0
BRF:95
BRH:0
end_of_record
TN:
SF:src/components/DisciplineCard.tsx
FN:20,calculateDisciplineScore
FN:34,(anonymous_1)
FN:151,DisciplineCard
FN:166,(anonymous_3)
FN:174,(anonymous_4)
FN:191,(anonymous_5)
FN:196,(anonymous_6)
FN:201,(anonymous_7)
FN:221,(anonymous_8)
FN:227,(anonymous_9)
FN:239,(anonymous_10)
FN:249,(anonymous_11)
FN:265,(anonymous_12)
FN:271,(anonymous_13)
FNF:14
FNH:0
FNDA:0,calculateDisciplineScore
FNDA:0,(anonymous_1)
FNDA:0,DisciplineCard
FNDA:0,(anonymous_3)
FNDA:0,(anonymous_4)
FNDA:0,(anonymous_5)
FNDA:0,(anonymous_6)
FNDA:0,(anonymous_7)
FNDA:0,(anonymous_8)
FNDA:0,(anonymous_9)
FNDA:0,(anonymous_10)
FNDA:0,(anonymous_11)
FNDA:0,(anonymous_12)
FNDA:0,(anonymous_13)
DA:25,0
DA:28,0
DA:29,0
DA:32,0
DA:33,0
DA:34,0
DA:35,0
DA:36,0
DA:38,0
DA:39,0
DA:40,0
DA:43,0
DA:46,0
DA:48,0
DA:49,0
DA:50,0
DA:52,0
DA:53,0
DA:54,0
DA:55,0
DA:56,0
DA:57,0
DA:58,0
DA:59,0
DA:60,0
DA:61,0
DA:62,0
DA:63,0
DA:64,0
DA:65,0
DA:66,0
DA:67,0
DA:70,0
DA:88,0
DA:158,0
DA:159,0
DA:160,0
DA:162,0
DA:165,0
DA:166,0
DA:167,0
DA:168,0
DA:169,0
DA:171,0
DA:174,0
DA:175,0
DA:191,0
DA:192,0
DA:193,0
DA:196,0
DA:197,0
DA:198,0
DA:201,0
DA:202,0
DA:204,0
DA:211,0
DA:212,0
DA:217,0
DA:221,0
DA:222,0
DA:227,0
DA:228,0
DA:229,0
DA:230,0
DA:231,0
DA:232,0
DA:233,0
DA:234,0
DA:235,0
DA:239,0
DA:240,0
DA:241,0
DA:242,0
DA:243,0
DA:244,0
DA:245,0
DA:249,0
DA:250,0
DA:251,0
DA:253,0
DA:254,0
DA:256,0
DA:259,0
DA:266,0
DA:267,0
DA:268,0
DA:271,0
DA:455,0
LF:88
LH:0
BRDA:33,0,0,0
BRDA:33,0,1,0
BRDA:33,1,0,0
BRDA:33,1,1,0
BRDA:36,2,0,0
BRDA:36,2,1,0
BRDA:38,3,0,0
BRDA:38,3,1,0
BRDA:52,4,0,0
BRDA:52,4,1,0
BRDA:56,5,0,0
BRDA:56,5,1,0
BRDA:60,6,0,0
BRDA:60,6,1,0
BRDA:64,7,0,0
BRDA:64,7,1,0
BRDA:155,8,0,0
BRDA:156,9,0,0
BRDA:162,10,0,0
BRDA:162,10,1,0
BRDA:165,11,0,0
BRDA:165,11,1,0
BRDA:168,12,0,0
BRDA:168,12,1,0
BRDA:169,13,0,0
BRDA:169,13,1,0
BRDA:207,14,0,0
BRDA:207,14,1,0
BRDA:228,15,0,0
BRDA:228,15,1,0
BRDA:228,15,2,0
BRDA:228,15,3,0
BRDA:228,15,4,0
BRDA:228,15,5,0
BRDA:228,15,6,0
BRDA:240,16,0,0
BRDA:240,16,1,0
BRDA:240,16,2,0
BRDA:240,16,3,0
BRDA:240,16,4,0
BRDA:250,17,0,0
BRDA:250,17,1,0
BRDA:251,18,0,0
BRDA:251,18,1,0
BRDA:253,19,0,0
BRDA:253,19,1,0
BRDA:275,20,0,0
BRDA:275,20,1,0
BRDA:279,21,0,0
BRDA:279,21,1,0
BRDA:368,22,0,0
BRDA:368,22,1,0
BRDA:391,23,0,0
BRDA:391,23,1,0
BRDA:397,24,0,0
BRDA:397,24,1,0
BRDA:399,25,0,0
BRDA:399,25,1,0
BRDA:434,26,0,0
BRDA:434,26,1,0
BRF:60
BRH:0
end_of_record
TN:
SF:src/components/HowItWorksPane.tsx
FN:11,HowItWorksPane
FN:56,(anonymous_1)
FNF:2
FNH:0
FNDA:0,HowItWorksPane
FNDA:0,(anonymous_1)
DA:12,0
DA:35,0
DA:57,0
DA:58,0
DA:85,0
DA:90,0
LF:6
LH:0
BRDA:36,0,0,0
BRDA:36,0,1,0
BRDA:64,1,0,0
BRDA:64,1,1,0
BRF:4
BRH:0
end_of_record
TN:
SF:src/components/SyncVerificationModal.tsx
FN:30,SyncVerificationModal
FN:33,(anonymous_1)
FN:38,(anonymous_2)
FN:163,(anonymous_3)
FNF:4
FNH:0
FNDA:0,SyncVerificationModal
FNDA:0,(anonymous_1)
FNDA:0,(anonymous_2)
FNDA:0,(anonymous_3)
DA:31,0
DA:33,0
DA:34,0
DA:35,0
DA:38,0
DA:39,0
DA:41,0
DA:43,0
DA:46,0
DA:50,0
DA:87,0
DA:93,0
DA:98,0
DA:104,0
DA:108,0
DA:114,0
DA:118,0
DA:122,0
DA:164,0
DA:165,0
DA:217,0
LF:21
LH:0
BRDA:39,0,0,0
BRDA:39,0,1,0
BRDA:39,0,2,0
BRDA:39,0,3,0
BRDA:87,1,0,0
BRDA:87,1,1,0
BRDA:87,1,2,0
BRDA:87,1,3,0
BRDA:93,2,0,0
BRDA:93,2,1,0
BRDA:93,2,2,0
BRDA:93,2,3,0
BRDA:98,3,0,0
BRDA:98,3,1,0
BRDA:100,4,0,0
BRDA:100,4,1,0
BRDA:104,5,0,0
BRDA:104,5,1,0
BRDA:106,6,0,0
BRDA:106,6,1,0
BRDA:108,7,0,0
BRDA:108,7,1,0
BRDA:110,8,0,0
BRDA:110,8,1,0
BRDA:112,9,0,0
BRDA:112,9,1,0
BRDA:114,10,0,0
BRDA:114,10,1,0
BRDA:116,11,0,0
BRDA:116,11,1,0
BRDA:118,12,0,0
BRDA:118,12,1,0
BRDA:120,13,0,0
BRDA:120,13,1,0
BRDA:158,14,0,0
BRDA:158,14,1,0
BRDA:173,15,0,0
BRDA:173,15,1,0
BRDA:201,16,0,0
BRDA:201,16,1,0
BRDA:201,17,0,0
BRDA:201,17,1,0
BRF:42
BRH:0
end_of_record
TN:
SF:src/components/VerificationGuideModal.tsx
FN:25,VerificationGuideModal
FN:28,(anonymous_1)
FN:104,(anonymous_2)
FNF:3
FNH:0
FNDA:0,VerificationGuideModal
FNDA:0,(anonymous_1)
FNDA:0,(anonymous_2)
DA:26,0
DA:28,0
DA:29,0
DA:30,0
DA:33,0
DA:71,0
DA:105,0
DA:138,0
LF:8
LH:0
BRDA:39,0,0,0
BRDA:39,0,1,0
BRDA:192,1,0,0
BRDA:192,1,1,0
BRF:4
BRH:0
end_of_record
TN:
SF:src/components/animated-icon.tsx
FN:10,AnimatedSplashOverlay
FN:36,(anonymous_1)
FN:83,AnimatedIcon
FNF:3
FNH:0
FNDA:0,AnimatedSplashOverlay
FNDA:0,(anonymous_1)
FNDA:0,AnimatedIcon
DA:7,0
DA:8,0
DA:11,0
DA:13,0
DA:15,0
DA:34,0
DA:38,0
DA:39,0
DA:47,0
DA:57,0
DA:74,0
DA:84,0
DA:98,0
LF:13
LH:0
BRDA:13,0,0,0
BRDA:13,0,1,0
BRDA:38,1,0,0
BRDA:38,1,1,0
BRF:4
BRH:0
end_of_record
TN:
SF:src/components/animated-icon.web.tsx
FN:8,AnimatedSplashOverlay
FN:57,AnimatedIcon
FNF:2
FNH:0
FNDA:0,AnimatedSplashOverlay
FNDA:0,AnimatedIcon
DA:6,0
DA:9,0
DA:12,0
DA:26,0
DA:42,0
DA:58,0
DA:75,0
LF:7
LH:0
BRF:0
BRH:0
end_of_record
TN:
SF:src/components/external-link.tsx
FN:7,ExternalLink
FN:13,(anonymous_1)
FNF:2
FNH:0
FNDA:0,ExternalLink
FNDA:0,(anonymous_1)
DA:8,0
DA:14,0
DA:16,0
DA:18,0
LF:4
LH:0
BRDA:14,0,0,0
BRDA:14,0,1,0
BRF:2
BRH:0
end_of_record
TN:
SF:src/components/hint-row.tsx
FN:14,HintRow
FNF:1
FNH:0
FNDA:0,HintRow
DA:15,0
DA:25,0
LF:2
LH:0
BRDA:14,0,0,0
BRDA:14,1,0,0
BRF:2
BRH:0
end_of_record
TN:
SF:src/components/themed-text.tsx
FN:11,ThemedText
FNF:1
FNH:0
FNDA:0,ThemedText
DA:12,0
DA:14,0
DA:33,0
LF:3
LH:0
BRDA:11,0,0,0
BRDA:17,1,0,0
BRDA:17,1,1,0
BRDA:18,2,0,0
BRDA:18,2,1,0
BRDA:19,3,0,0
BRDA:19,3,1,0
BRDA:20,4,0,0
BRDA:20,4,1,0
BRDA:21,5,0,0
BRDA:21,5,1,0
BRDA:22,6,0,0
BRDA:22,6,1,0
BRDA:23,7,0,0
BRDA:23,7,1,0
BRDA:24,8,0,0
BRDA:24,8,1,0
BRDA:25,9,0,0
BRDA:25,9,1,0
BRDA:70,10,0,0
BRDA:70,10,1,0
BRF:21
BRH:0
end_of_record
TN:
SF:src/components/themed-view.tsx
FN:12,ThemedView
FNF:1
FNH:0
FNDA:0,ThemedView
DA:13,0
DA:15,0
LF:2
LH:0
BRDA:15,0,0,0
BRDA:15,0,1,0
BRF:2
BRH:0
end_of_record
TN:
SF:src/components/web-badge.tsx
FN:10,WebBadge
FNF:1
FNH:0
FNDA:0,WebBadge
DA:11,0
DA:13,0
DA:30,0
LF:3
LH:0
BRDA:20,0,0,0
BRDA:20,0,1,0
BRF:2
BRH:0
end_of_record
TN:
SF:src/components/ui/collapsible.tsx
FN:11,Collapsible
FN:18,(anonymous_1)
FN:19,(anonymous_2)
FN:19,(anonymous_3)
FNF:4
FNH:0
FNDA:0,Collapsible
FNDA:0,(anonymous_1)
FNDA:0,(anonymous_2)
FNDA:0,(anonymous_3)
DA:12,0
DA:13,0
DA:15,0
DA:18,0
DA:19,0
DA:43,0
LF:6
LH:0
BRDA:18,0,0,0
BRDA:18,0,1,0
BRDA:26,1,0,0
BRDA:26,1,1,0
BRDA:32,2,0,0
BRDA:32,2,1,0
BRF:6
BRH:0
end_of_record
TN:
SF:src/constants/theme.ts
FNF:0
FNH:0
DA:10,0
DA:43,0
DA:68,0
DA:78,0
DA:79,0
LF:5
LH:0
BRDA:78,0,0,0
BRDA:78,0,1,0
BRF:2
BRH:0
end_of_record
TN:
SF:src/hooks/use-color-scheme.ts
FNF:0
FNH:0
LF:0
LH:0
BRF:0
BRH:0
end_of_record
TN:
SF:src/hooks/use-color-scheme.web.ts
FN:7,useColorScheme
FN:10,(anonymous_1)
FNF:2
FNH:0
FNDA:0,useColorScheme
FNDA:0,(anonymous_1)
DA:8,0
DA:10,0
DA:12,0
DA:15,0
DA:17,0
DA:18,0
DA:21,0
LF:7
LH:0
BRDA:17,0,0,0
BRDA:17,0,1,0
BRF:2
BRH:0
end_of_record
TN:
SF:src/hooks/use-theme.ts
FN:9,useTheme
FNF:1
FNH:0
FNDA:0,useTheme
DA:10,0
DA:11,0
DA:13,0
LF:3
LH:0
BRDA:11,0,0,0
BRDA:11,0,1,0
BRF:2
BRH:0
end_of_record
TN:
SF:src/i18n/i18n.ts
FN:15,(anonymous_0)
FN:16,(anonymous_1)
FN:34,(anonymous_2)
FNF:3
FNH:0
FNDA:0,(anonymous_0)
FNDA:0,(anonymous_1)
FNDA:0,(anonymous_2)
DA:10,0
DA:12,0
DA:17,0
DA:19,0
DA:20,0
DA:22,0
DA:25,0
DA:26,0
DA:29,0
DA:30,0
DA:31,0
DA:35,0
DA:37,0
DA:39,0
DA:44,0
DA:50,0
LF:16
LH:0
BRDA:20,0,0,0
BRDA:20,0,1,0
BRDA:25,1,0,0
BRDA:25,1,1,0
BRDA:30,2,0,0
BRDA:30,2,1,0
BRF:6
BRH:0
end_of_record
TN:
SF:src/services/auth.tsx
FN:39,(anonymous_0)
FN:68,AuthProvider
FN:74,(anonymous_2)
FN:75,(anonymous_3)
FN:128,(anonymous_4)
FN:131,(anonymous_5)
FN:154,signIn
FN:184,(anonymous_7)
FN:214,(anonymous_8)
FN:278,(anonymous_9)
FN:347,(anonymous_10)
FN:365,(anonymous_11)
FN:417,(anonymous_12)
FN:442,useAuth
FNF:14
FNH:0
FNDA:0,(anonymous_0)
FNDA:0,AuthProvider
FNDA:0,(anonymous_2)
FNDA:0,(anonymous_3)
FNDA:0,(anonymous_4)
FNDA:0,(anonymous_5)
FNDA:0,signIn
FNDA:0,(anonymous_7)
FNDA:0,(anonymous_8)
FNDA:0,(anonymous_9)
FNDA:0,(anonymous_10)
FNDA:0,(anonymous_11)
FNDA:0,(anonymous_12)
FNDA:0,useAuth
DA:33,0
DA:35,0
DA:36,0
DA:39,0
DA:40,0
DA:41,0
DA:44,0
DA:45,0
DA:46,0
DA:47,0
DA:48,0
DA:50,0
DA:53,0
DA:56,0
DA:58,0
DA:61,0
DA:62,0
DA:69,0
DA:70,0
DA:71,0
DA:74,0
DA:75,0
DA:76,0
DA:77,0
DA:78,0
DA:79,0
DA:80,0
DA:81,0
DA:82,0
DA:84,0
DA:87,0
DA:88,0
DA:90,0
DA:98,0
DA:99,0
DA:100,0
DA:101,0
DA:104,0
DA:105,0
DA:109,0
DA:110,0
DA:111,0
DA:115,0
DA:117,0
DA:118,0
DA:119,0
DA:122,0
DA:125,0
DA:128,0
DA:131,0
DA:132,0
DA:133,0
DA:134,0
DA:135,0
DA:143,0
DA:144,0
DA:145,0
DA:146,0
DA:150,0
DA:155,0
DA:156,0
DA:157,0
DA:158,0
DA:166,0
DA:168,0
DA:169,0
DA:172,0
DA:173,0
DA:174,0
DA:176,0
DA:177,0
DA:179,0
DA:184,0
DA:185,0
DA:186,0
DA:187,0
DA:188,0
DA:196,0
DA:198,0
DA:199,0
DA:202,0
DA:203,0
DA:204,0
DA:206,0
DA:207,0
DA:209,0
DA:214,0
DA:215,0
DA:216,0
DA:217,0
DA:218,0
DA:219,0
DA:222,0
DA:224,0
DA:230,0
DA:231,0
DA:234,0
DA:235,0
DA:237,0
DA:239,0
DA:242,0
DA:244,0
DA:245,0
DA:249,0
DA:260,0
DA:261,0
DA:262,0
DA:265,0
DA:266,0
DA:267,0
DA:269,0
DA:270,0
DA:271,0
DA:273,0
DA:278,0
DA:279,0
DA:280,0
DA:281,0
DA:282,0
DA:283,0
DA:286,0
DA:288,0
DA:294,0
DA:295,0
DA:298,0
DA:305,0
DA:306,0
DA:310,0
DA:311,0
DA:312,0
DA:313,0
DA:314,0
DA:318,0
DA:329,0
DA:330,0
DA:331,0
DA:334,0
DA:335,0
DA:336,0
DA:338,0
DA:339,0
DA:340,0
DA:342,0
DA:347,0
DA:348,0
DA:349,0
DA:350,0
DA:351,0
DA:352,0
DA:355,0
DA:356,0
DA:358,0
DA:360,0
DA:365,0
DA:366,0
DA:367,0
DA:369,0
DA:370,0
DA:372,0
DA:373,0
DA:375,0
DA:378,0
DA:380,0
DA:384,0
DA:387,0
DA:389,0
DA:398,0
DA:399,0
DA:400,0
DA:403,0
DA:408,0
DA:409,0
DA:411,0
DA:412,0
DA:414,0
DA:417,0
DA:421,0
DA:443,0
DA:444,0
DA:445,0
DA:447,0
LF:181
LH:0
BRDA:40,0,0,0
BRDA:40,0,1,0
BRDA:44,1,0,0
BRDA:44,1,1,0
BRDA:46,2,0,0
BRDA:46,2,1,0
BRDA:50,3,0,0
BRDA:50,3,1,0
BRDA:61,4,0,0
BRDA:61,4,1,0
BRDA:61,5,0,0
BRDA:61,5,1,0
BRDA:63,6,0,0
BRDA:63,6,1,0
BRDA:64,7,0,0
BRDA:64,7,1,0
BRDA:77,8,0,0
BRDA:77,8,1,0
BRDA:88,9,0,0
BRDA:88,9,1,0
BRDA:98,10,0,0
BRDA:98,10,1,0
BRDA:110,11,0,0
BRDA:110,11,1,0
BRDA:119,12,0,0
BRDA:119,12,1,0
BRDA:134,13,0,0
BRDA:134,13,1,0
BRDA:143,14,0,0
BRDA:143,14,1,0
BRDA:168,15,0,0
BRDA:168,15,1,0
BRDA:169,16,0,0
BRDA:169,16,1,0
BRDA:176,17,0,0
BRDA:176,17,1,0
BRDA:198,18,0,0
BRDA:198,18,1,0
BRDA:199,19,0,0
BRDA:199,19,1,0
BRDA:206,20,0,0
BRDA:206,20,1,0
BRDA:218,21,0,0
BRDA:218,21,1,0
BRDA:222,22,0,0
BRDA:222,22,1,0
BRDA:237,23,0,0
BRDA:237,23,1,0
BRDA:244,24,0,0
BRDA:244,24,1,0
BRDA:256,25,0,0
BRDA:256,25,1,0
BRDA:261,26,0,0
BRDA:261,26,1,0
BRDA:262,27,0,0
BRDA:262,27,1,0
BRDA:270,28,0,0
BRDA:270,28,1,0
BRDA:282,29,0,0
BRDA:282,29,1,0
BRDA:286,30,0,0
BRDA:286,30,1,0
BRDA:305,31,0,0
BRDA:305,31,1,0
BRDA:311,32,0,0
BRDA:311,32,1,0
BRDA:312,33,0,0
BRDA:312,33,1,0
BRDA:313,34,0,0
BRDA:313,34,1,0
BRDA:314,35,0,0
BRDA:314,35,1,0
BRDA:330,36,0,0
BRDA:330,36,1,0
BRDA:331,37,0,0
BRDA:331,37,1,0
BRDA:339,38,0,0
BRDA:339,38,1,0
BRDA:350,39,0,0
BRDA:350,39,1,0
BRDA:350,40,0,0
BRDA:350,40,1,0
BRDA:366,41,0,0
BRDA:366,41,1,0
BRDA:372,42,0,0
BRDA:372,42,1,0
BRDA:373,43,0,0
BRDA:373,43,1,0
BRDA:398,44,0,0
BRDA:398,44,1,0
BRDA:400,45,0,0
BRDA:400,45,1,0
BRDA:444,46,0,0
BRDA:444,46,1,0
BRF:94
BRH:0
end_of_record
TN:
SF:src/services/health.ts
FN:124,(anonymous_0)
FN:140,(anonymous_1)
FN:150,(anonymous_2)
FN:165,(anonymous_3)
FN:187,(anonymous_4)
FN:201,(anonymous_5)
FN:207,(anonymous_6)
FN:215,(anonymous_7)
FN:225,(anonymous_8)
FN:232,(anonymous_9)
FN:264,(anonymous_10)
FN:273,(anonymous_11)
FN:318,(anonymous_12)
FN:325,(anonymous_13)
FN:353,(anonymous_14)
FN:375,(anonymous_15)
FN:392,(anonymous_16)
FN:414,(anonymous_17)
FN:450,(anonymous_18)
FN:481,(anonymous_19)
FN:505,(anonymous_20)
FN:508,(anonymous_21)
FN:537,(anonymous_22)
FN:556,(anonymous_23)
FN:564,(anonymous_24)
FN:572,(anonymous_25)
FN:595,(anonymous_26)
FN:635,(anonymous_27)
FN:636,(anonymous_28)
FN:664,(anonymous_29)
FN:695,(anonymous_30)
FN:702,(anonymous_31)
FN:719,(anonymous_32)
FN:724,(anonymous_33)
FN:732,(anonymous_34)
FN:736,(anonymous_35)
FN:741,(anonymous_36)
FN:746,(anonymous_37)
FN:755,(anonymous_38)
FN:785,(anonymous_39)
FN:791,(anonymous_40)
FN:796,(anonymous_41)
FN:806,(anonymous_42)
FN:820,(anonymous_43)
FN:825,(anonymous_44)
FN:837,(anonymous_45)
FN:860,(anonymous_46)
FN:872,(anonymous_47)
FN:882,(anonymous_48)
FN:902,(anonymous_49)
FN:907,(anonymous_50)
FN:913,(anonymous_51)
FN:914,(anonymous_52)
FN:926,(anonymous_53)
FN:928,(anonymous_54)
FN:941,(anonymous_55)
FN:943,(anonymous_56)
FN:957,(anonymous_57)
FN:976,(anonymous_58)
FN:983,(anonymous_59)
FN:987,(anonymous_60)
FN:1031,(anonymous_61)
FN:1049,(anonymous_62)
FN:1054,(anonymous_63)
FN:1055,(anonymous_64)
FN:1080,(anonymous_65)
FN:1137,(anonymous_66)
FN:1162,(anonymous_67)
FNF:68
FNH:0
FNDA:0,(anonymous_0)
FNDA:0,(anonymous_1)
FNDA:0,(anonymous_2)
FNDA:0,(anonymous_3)
FNDA:0,(anonymous_4)
FNDA:0,(anonymous_5)
FNDA:0,(anonymous_6)
FNDA:0,(anonymous_7)
FNDA:0,(anonymous_8)
FNDA:0,(anonymous_9)
FNDA:0,(anonymous_10)
FNDA:0,(anonymous_11)
FNDA:0,(anonymous_12)
FNDA:0,(anonymous_13)
FNDA:0,(anonymous_14)
FNDA:0,(anonymous_15)
FNDA:0,(anonymous_16)
FNDA:0,(anonymous_17)
FNDA:0,(anonymous_18)
FNDA:0,(anonymous_19)
FNDA:0,(anonymous_20)
FNDA:0,(anonymous_21)
FNDA:0,(anonymous_22)
FNDA:0,(anonymous_23)
FNDA:0,(anonymous_24)
FNDA:0,(anonymous_25)
FNDA:0,(anonymous_26)
FNDA:0,(anonymous_27)
FNDA:0,(anonymous_28)
FNDA:0,(anonymous_29)
FNDA:0,(anonymous_30)
FNDA:0,(anonymous_31)
FNDA:0,(anonymous_32)
FNDA:0,(anonymous_33)
FNDA:0,(anonymous_34)
FNDA:0,(anonymous_35)
FNDA:0,(anonymous_36)
FNDA:0,(anonymous_37)
FNDA:0,(anonymous_38)
FNDA:0,(anonymous_39)
FNDA:0,(anonymous_40)
FNDA:0,(anonymous_41)
FNDA:0,(anonymous_42)
FNDA:0,(anonymous_43)
FNDA:0,(anonymous_44)
FNDA:0,(anonymous_45)
FNDA:0,(anonymous_46)
FNDA:0,(anonymous_47)
FNDA:0,(anonymous_48)
FNDA:0,(anonymous_49)
FNDA:0,(anonymous_50)
FNDA:0,(anonymous_51)
FNDA:0,(anonymous_52)
FNDA:0,(anonymous_53)
FNDA:0,(anonymous_54)
FNDA:0,(anonymous_55)
FNDA:0,(anonymous_56)
FNDA:0,(anonymous_57)
FNDA:0,(anonymous_58)
FNDA:0,(anonymous_59)
FNDA:0,(anonymous_60)
FNDA:0,(anonymous_61)
FNDA:0,(anonymous_62)
FNDA:0,(anonymous_63)
FNDA:0,(anonymous_64)
FNDA:0,(anonymous_65)
FNDA:0,(anonymous_66)
FNDA:0,(anonymous_67)
DA:6,0
DA:7,0
DA:8,0
DA:9,0
DA:11,0
DA:13,0
DA:24,0
DA:26,0
DA:27,0
DA:30,0
DA:59,0
DA:65,0
DA:125,0
DA:126,0
DA:131,0
DA:141,0
DA:142,0
DA:143,0
DA:144,0
DA:146,0
DA:147,0
DA:148,0
DA:150,0
DA:151,0
DA:165,0
DA:166,0
DA:167,0
DA:168,0
DA:170,0
DA:171,0
DA:176,0
DA:177,0
DA:188,0
DA:189,0
DA:191,0
DA:192,0
DA:193,0
DA:194,0
DA:195,0
DA:202,0
DA:203,0
DA:204,0
DA:205,0
DA:206,0
DA:207,0
DA:208,0
DA:210,0
DA:211,0
DA:214,0
DA:215,0
DA:216,0
DA:217,0
DA:218,0
DA:225,0
DA:226,0
DA:227,0
DA:228,0
DA:230,0
DA:231,0
DA:232,0
DA:233,0
DA:234,0
DA:235,0
DA:236,0
DA:237,0
DA:239,0
DA:241,0
DA:242,0
DA:243,0
DA:244,0
DA:245,0
DA:246,0
DA:248,0
DA:250,0
DA:253,0
DA:255,0
DA:256,0
DA:258,0
DA:259,0
DA:264,0
DA:265,0
DA:266,0
DA:267,0
DA:269,0
DA:270,0
DA:271,0
DA:272,0
DA:273,0
DA:274,0
DA:275,0
DA:276,0
DA:278,0
DA:286,0
DA:287,0
DA:288,0
DA:291,0
DA:292,0
DA:293,0
DA:294,0
DA:297,0
DA:298,0
DA:302,0
DA:305,0
DA:307,0
DA:309,0
DA:310,0
DA:312,0
DA:313,0
DA:315,0
DA:316,0
DA:318,0
DA:319,0
DA:320,0
DA:321,0
DA:323,0
DA:324,0
DA:325,0
DA:326,0
DA:327,0
DA:328,0
DA:329,0
DA:330,0
DA:331,0
DA:332,0
DA:335,0
DA:337,0
DA:339,0
DA:343,0
DA:345,0
DA:346,0
DA:354,0
DA:355,0
DA:358,0
DA:359,0
DA:362,0
DA:363,0
DA:364,0
DA:365,0
DA:366,0
DA:367,0
DA:368,0
DA:369,0
DA:370,0
DA:371,0
DA:375,0
DA:376,0
DA:377,0
DA:379,0
DA:381,0
DA:382,0
DA:384,0
DA:385,0
DA:393,0
DA:394,0
DA:403,0
DA:404,0
DA:407,0
DA:415,0
DA:416,0
DA:419,0
DA:420,0
DA:421,0
DA:422,0
DA:425,0
DA:427,0
DA:428,0
DA:429,0
DA:431,0
DA:433,0
DA:436,0
DA:439,0
DA:440,0
DA:441,0
DA:444,0
DA:454,0
DA:456,0
DA:464,0
DA:470,0
DA:471,0
DA:472,0
DA:485,0
DA:486,0
DA:491,0
DA:492,0
DA:498,0
DA:499,0
DA:505,0
DA:506,0
DA:509,0
DA:510,0
DA:511,0
DA:513,0
DA:515,0
DA:516,0
DA:521,0
DA:526,0
DA:527,0
DA:543,0
DA:544,0
DA:545,0
DA:546,0
DA:548,0
DA:557,0
DA:558,0
DA:559,0
DA:560,0
DA:561,0
DA:565,0
DA:566,0
DA:573,0
DA:574,0
DA:575,0
DA:577,0
DA:580,0
DA:582,0
DA:583,0
DA:584,0
DA:585,0
DA:586,0
DA:587,0
DA:589,0
DA:596,0
DA:598,0
DA:599,0
DA:600,0
DA:601,0
DA:602,0
DA:603,0
DA:604,0
DA:605,0
DA:606,0
DA:607,0
DA:608,0
DA:611,0
DA:615,0
DA:616,0
DA:617,0
DA:618,0
DA:619,0
DA:620,0
DA:621,0
DA:623,0
DA:628,0
DA:632,0
DA:635,0
DA:636,0
DA:637,0
DA:638,0
DA:640,0
DA:641,0
DA:642,0
DA:643,0
DA:644,0
DA:645,0
DA:646,0
DA:649,0
DA:656,0
DA:657,0
DA:665,0
DA:666,0
DA:667,0
DA:669,0
DA:670,0
DA:672,0
DA:681,0
DA:682,0
DA:686,0
DA:688,0
DA:703,0
DA:704,0
DA:705,0
DA:706,0
DA:710,0
DA:711,0
DA:713,0
DA:720,0
DA:721,0
DA:722,0
DA:723,0
DA:724,0
DA:726,0
DA:728,0
DA:733,0
DA:737,0
DA:738,0
DA:739,0
DA:740,0
DA:741,0
DA:744,0
DA:745,0
DA:746,0
DA:747,0
DA:749,0
DA:751,0
DA:756,0
DA:757,0
DA:770,0
DA:771,0
DA:772,0
DA:775,0
DA:776,0
DA:778,0
DA:780,0
DA:781,0
DA:786,0
DA:787,0
DA:788,0
DA:790,0
DA:791,0
DA:793,0
DA:795,0
DA:796,0
DA:797,0
DA:799,0
DA:804,0
DA:805,0
DA:806,0
DA:807,0
DA:808,0
DA:810,0
DA:813,0
DA:816,0
DA:821,0
DA:822,0
DA:823,0
DA:824,0
DA:825,0
DA:826,0
DA:827,0
DA:831,0
DA:833,0
DA:838,0
DA:840,0
DA:849,0
DA:850,0
DA:853,0
DA:856,0
DA:861,0
DA:862,0
DA:863,0
DA:864,0
DA:865,0
DA:866,0
DA:867,0
DA:868,0
DA:873,0
DA:874,0
DA:875,0
DA:876,0
DA:877,0
DA:878,0
DA:883,0
DA:884,0
DA:885,0
DA:886,0
DA:887,0
DA:889,0
DA:890,0
DA:891,0
DA:892,0
DA:893,0
DA:894,0
DA:896,0
DA:898,0
DA:903,0
DA:904,0
DA:908,0
DA:909,0
DA:912,0
DA:913,0
DA:914,0
DA:916,0
DA:917,0
DA:919,0
DA:921,0
DA:922,0
DA:923,0
DA:924,0
DA:926,0
DA:927,0
DA:928,0
DA:929,0
DA:930,0
DA:931,0
DA:932,0
DA:937,0
DA:939,0
DA:941,0
DA:942,0
DA:943,0
DA:944,0
DA:945,0
DA:946,0
DA:947,0
DA:952,0
DA:955,0
DA:956,0
DA:957,0
DA:958,0
DA:959,0
DA:960,0
DA:962,0
DA:963,0
DA:968,0
DA:977,0
DA:978,0
DA:979,0
DA:981,0
DA:982,0
DA:983,0
DA:988,0
DA:989,0
DA:990,0
DA:992,0
DA:994,0
DA:995,0
DA:997,0
DA:999,0
DA:1001,0
DA:1003,0
DA:1005,0
DA:1007,0
DA:1009,0
DA:1012,0
DA:1014,0
DA:1016,0
DA:1018,0
DA:1020,0
DA:1022,0
DA:1024,0
DA:1026,0
DA:1032,0
DA:1033,0
DA:1034,0
DA:1035,0
DA:1037,0
DA:1038,0
DA:1040,0
DA:1041,0
DA:1043,0
DA:1045,0
DA:1050,0
DA:1051,0
DA:1052,0
DA:1054,0
DA:1055,0
DA:1057,0
DA:1058,0
DA:1059,0
DA:1060,0
DA:1065,0
DA:1067,0
DA:1073,0
DA:1077,0
DA:1081,0
DA:1082,0
DA:1085,0
DA:1086,0
DA:1087,0
DA:1088,0
DA:1090,0
DA:1095,0
DA:1096,0
DA:1097,0
DA:1099,0
DA:1100,0
DA:1101,0
DA:1102,0
DA:1103,0
DA:1104,0
DA:1106,0
DA:1122,0
DA:1124,0
DA:1129,0
DA:1133,0
DA:1138,0
DA:1139,0
DA:1140,0
DA:1141,0
DA:1142,0
DA:1143,0
DA:1144,0
DA:1145,0
DA:1146,0
DA:1147,0
DA:1152,0
DA:1154,0
DA:1155,0
DA:1156,0
DA:1158,0
DA:1163,0
DA:1164,0
LF:492
LH:0
BRDA:6,0,0,0
BRDA:6,0,1,0
BRDA:9,1,0,0
BRDA:9,1,1,0
BRDA:11,2,0,0
BRDA:11,2,1,0
BRDA:13,3,0,0
BRDA:13,3,1,0
BRDA:14,4,0,0
BRDA:14,4,1,0
BRDA:15,5,0,0
BRDA:15,5,1,0
BRDA:16,6,0,0
BRDA:16,6,1,0
BRDA:17,7,0,0
BRDA:17,7,1,0
BRDA:18,8,0,0
BRDA:18,8,1,0
BRDA:19,9,0,0
BRDA:19,9,1,0
BRDA:20,10,0,0
BRDA:20,10,1,0
BRDA:21,11,0,0
BRDA:21,11,1,0
BRDA:22,12,0,0
BRDA:22,12,1,0
BRDA:26,13,0,0
BRDA:26,13,1,0
BRDA:124,14,0,0
BRDA:128,15,0,0
BRDA:128,15,1,0
BRDA:142,16,0,0
BRDA:142,16,1,0
BRDA:146,17,0,0
BRDA:146,17,1,0
BRDA:146,18,0,0
BRDA:146,18,1,0
BRDA:146,18,2,0
BRDA:166,19,0,0
BRDA:166,19,1,0
BRDA:188,20,0,0
BRDA:188,20,1,0
BRDA:188,21,0,0
BRDA:188,21,1,0
BRDA:188,21,2,0
BRDA:202,22,0,0
BRDA:202,22,1,0
BRDA:208,23,0,0
BRDA:208,23,1,0
BRDA:210,24,0,0
BRDA:210,24,1,0
BRDA:210,25,0,0
BRDA:210,25,1,0
BRDA:210,25,2,0
BRDA:226,26,0,0
BRDA:226,26,1,0
BRDA:231,27,0,0
BRDA:231,27,1,0
BRDA:233,28,0,0
BRDA:233,28,1,0
BRDA:235,29,0,0
BRDA:235,29,1,0
BRDA:236,30,0,0
BRDA:236,30,1,0
BRDA:236,31,0,0
BRDA:236,31,1,0
BRDA:236,31,2,0
BRDA:239,32,0,0
BRDA:239,32,1,0
BRDA:241,33,0,0
BRDA:241,33,1,0
BRDA:241,34,0,0
BRDA:241,34,1,0
BRDA:241,34,2,0
BRDA:242,35,0,0
BRDA:242,35,1,0
BRDA:244,36,0,0
BRDA:244,36,1,0
BRDA:245,37,0,0
BRDA:245,37,1,0
BRDA:245,38,0,0
BRDA:245,38,1,0
BRDA:245,38,2,0
BRDA:253,39,0,0
BRDA:253,39,1,0
BRDA:253,39,2,0
BRDA:253,39,3,0
BRDA:253,39,4,0
BRDA:253,39,5,0
BRDA:253,39,6,0
BRDA:258,40,0,0
BRDA:258,40,1,0
BRDA:265,41,0,0
BRDA:265,41,1,0
BRDA:270,42,0,0
BRDA:270,42,1,0
BRDA:270,42,2,0
BRDA:272,43,0,0
BRDA:272,43,1,0
BRDA:274,44,0,0
BRDA:274,44,1,0
BRDA:274,44,2,0
BRDA:274,44,3,0
BRDA:274,44,4,0
BRDA:275,45,0,0
BRDA:275,45,1,0
BRDA:278,46,0,0
BRDA:278,46,1,0
BRDA:278,46,2,0
BRDA:278,46,3,0
BRDA:278,46,4,0
BRDA:286,47,0,0
BRDA:286,47,1,0
BRDA:287,48,0,0
BRDA:287,48,1,0
BRDA:291,49,0,0
BRDA:291,49,1,0
BRDA:291,49,2,0
BRDA:293,50,0,0
BRDA:293,50,1,0
BRDA:297,51,0,0
BRDA:297,51,1,0
BRDA:319,52,0,0
BRDA:319,52,1,0
BRDA:324,53,0,0
BRDA:324,53,1,0
BRDA:326,54,0,0
BRDA:326,54,1,0
BRDA:326,55,0,0
BRDA:326,55,1,0
BRDA:332,56,0,0
BRDA:332,56,1,0
BRDA:343,57,0,0
BRDA:343,57,1,0
BRDA:354,58,0,0
BRDA:354,58,1,0
BRDA:354,59,0,0
BRDA:354,59,1,0
BRDA:354,59,2,0
BRDA:403,60,0,0
BRDA:403,60,1,0
BRDA:415,61,0,0
BRDA:415,61,1,0
BRDA:415,62,0,0
BRDA:415,62,1,0
BRDA:415,62,2,0
BRDA:420,63,0,0
BRDA:420,63,1,0
BRDA:429,64,0,0
BRDA:429,64,1,0
BRDA:433,65,0,0
BRDA:433,65,1,0
BRDA:440,66,0,0
BRDA:440,66,1,0
BRDA:454,67,0,0
BRDA:454,67,1,0
BRDA:454,68,0,0
BRDA:454,68,1,0
BRDA:454,68,2,0
BRDA:465,69,0,0
BRDA:465,69,1,0
BRDA:485,70,0,0
BRDA:485,70,1,0
BRDA:491,71,0,0
BRDA:491,71,1,0
BRDA:491,72,0,0
BRDA:491,72,1,0
BRDA:491,72,2,0
BRDA:509,73,0,0
BRDA:509,73,1,0
BRDA:513,74,0,0
BRDA:513,74,1,0
BRDA:513,75,0,0
BRDA:513,75,1,0
BRDA:556,76,0,0
BRDA:556,77,0,0
BRDA:556,78,0,0
BRDA:577,79,0,0
BRDA:577,79,1,0
BRDA:598,80,0,0
BRDA:598,80,1,0
BRDA:616,81,0,0
BRDA:616,81,1,0
BRDA:616,82,0,0
BRDA:616,82,1,0
BRDA:616,82,2,0
BRDA:620,83,0,0
BRDA:620,83,1,0
BRDA:632,84,0,0
BRDA:632,84,1,0
BRDA:641,85,0,0
BRDA:641,85,1,0
BRDA:641,86,0,0
BRDA:641,86,1,0
BRDA:643,87,0,0
BRDA:643,87,1,0
BRDA:645,88,0,0
BRDA:645,88,1,0
BRDA:669,89,0,0
BRDA:669,89,1,0
BRDA:669,90,0,0
BRDA:669,90,1,0
BRDA:681,91,0,0
BRDA:681,91,1,0
BRDA:722,92,0,0
BRDA:722,92,1,0
BRDA:739,93,0,0
BRDA:739,93,1,0
BRDA:740,94,0,0
BRDA:740,94,1,0
BRDA:741,95,0,0
BRDA:741,95,1,0
BRDA:745,96,0,0
BRDA:745,96,1,0
BRDA:747,97,0,0
BRDA:747,97,1,0
BRDA:749,98,0,0
BRDA:749,98,1,0
BRDA:766,99,0,0
BRDA:766,99,1,0
BRDA:770,100,0,0
BRDA:770,100,1,0
BRDA:772,101,0,0
BRDA:772,101,1,0
BRDA:788,102,0,0
BRDA:788,102,1,0
BRDA:793,103,0,0
BRDA:793,103,1,0
BRDA:793,103,2,0
BRDA:795,104,0,0
BRDA:795,104,1,0
BRDA:797,105,0,0
BRDA:797,105,1,0
BRDA:805,106,0,0
BRDA:805,106,1,0
BRDA:807,107,0,0
BRDA:807,107,1,0
BRDA:823,108,0,0
BRDA:823,108,1,0
BRDA:826,109,0,0
BRDA:826,109,1,0
BRDA:844,110,0,0
BRDA:844,110,1,0
BRDA:845,111,0,0
BRDA:845,111,1,0
BRDA:849,112,0,0
BRDA:849,112,1,0
BRDA:861,113,0,0
BRDA:861,113,1,0
BRDA:861,113,2,0
BRDA:861,113,3,0
BRDA:861,113,4,0
BRDA:861,113,5,0
BRDA:861,113,6,0
BRDA:873,114,0,0
BRDA:873,114,1,0
BRDA:873,114,2,0
BRDA:873,114,3,0
BRDA:873,114,4,0
BRDA:904,115,0,0
BRDA:904,115,1,0
BRDA:908,116,0,0
BRDA:908,116,1,0
BRDA:908,117,0,0
BRDA:908,117,1,0
BRDA:908,117,2,0
BRDA:917,118,0,0
BRDA:917,118,1,0
BRDA:921,119,0,0
BRDA:921,119,1,0
BRDA:927,120,0,0
BRDA:927,120,1,0
BRDA:929,121,0,0
BRDA:929,121,1,0
BRDA:931,122,0,0
BRDA:931,122,1,0
BRDA:942,123,0,0
BRDA:942,123,1,0
BRDA:944,124,0,0
BRDA:944,124,1,0
BRDA:946,125,0,0
BRDA:946,125,1,0
BRDA:958,126,0,0
BRDA:958,126,1,0
BRDA:959,127,0,0
BRDA:959,127,1,0
BRDA:962,128,0,0
BRDA:962,128,1,0
BRDA:977,129,0,0
BRDA:977,129,1,0
BRDA:977,130,0,0
BRDA:977,130,1,0
BRDA:977,130,2,0
BRDA:978,131,0,0
BRDA:978,131,1,0
BRDA:983,132,0,0
BRDA:983,132,1,0
BRDA:992,133,0,0
BRDA:992,133,1,0
BRDA:992,134,0,0
BRDA:992,134,1,0
BRDA:994,135,0,0
BRDA:994,135,1,0
BRDA:995,136,0,0
BRDA:995,136,1,0
BRDA:995,136,2,0
BRDA:995,136,3,0
BRDA:995,136,4,0
BRDA:995,136,5,0
BRDA:995,136,6,0
BRDA:1012,137,0,0
BRDA:1012,137,1,0
BRDA:1012,137,2,0
BRDA:1012,137,3,0
BRDA:1012,137,4,0
BRDA:1012,137,5,0
BRDA:1012,137,6,0
BRDA:1032,138,0,0
BRDA:1032,138,1,0
BRDA:1043,139,0,0
BRDA:1043,139,1,0
BRDA:1057,140,0,0
BRDA:1057,140,1,0
BRDA:1059,141,0,0
BRDA:1059,141,1,0
BRDA:1060,142,0,0
BRDA:1060,142,1,0
BRDA:1061,143,0,0
BRDA:1061,143,1,0
BRDA:1065,144,0,0
BRDA:1065,144,1,0
BRDA:1067,145,0,0
BRDA:1067,145,1,0
BRDA:1068,146,0,0
BRDA:1068,146,1,0
BRDA:1073,147,0,0
BRDA:1073,147,1,0
BRDA:1085,148,0,0
BRDA:1085,148,1,0
BRDA:1095,149,0,0
BRDA:1095,149,1,0
BRDA:1115,150,0,0
BRDA:1115,150,1,0
BRDA:1139,151,0,0
BRDA:1139,151,1,0
BRDA:1142,152,0,0
BRDA:1142,152,1,0
BRDA:1142,153,0,0
BRDA:1142,153,1,0
BRDA:1144,154,0,0
BRDA:1144,154,1,0
BRDA:1144,155,0,0
BRDA:1144,155,1,0
BRDA:1144,155,2,0
BRDA:1156,156,0,0
BRDA:1156,156,1,0
BRF:356
BRH:0
end_of_record
TN:
SF:src/services/notifications.ts
FN:18,(anonymous_0)
FN:54,(anonymous_1)
FN:70,(anonymous_2)
FN:106,(anonymous_3)
FN:189,(anonymous_4)
FNF:5
FNH:0
FNDA:0,(anonymous_0)
FNDA:0,(anonymous_1)
FNDA:0,(anonymous_2)
FNDA:0,(anonymous_3)
FNDA:0,(anonymous_4)
DA:6,0
DA:19,0
DA:20,0
DA:21,0
DA:23,0
DA:24,0
DA:25,0
DA:28,0
DA:29,0
DA:30,0
DA:34,0
DA:35,0
DA:43,0
DA:44,0
DA:46,0
DA:47,0
DA:55,0
DA:56,0
DA:57,0
DA:59,0
DA:60,0
DA:71,0
DA:73,0
DA:74,0
DA:77,0
DA:78,0
DA:84,0
DA:85,0
DA:87,0
DA:89,0
DA:93,0
DA:96,0
DA:102,0
DA:103,0
DA:104,0
DA:106,0
DA:107,0
DA:108,0
DA:110,0
DA:112,0
DA:115,0
DA:116,0
DA:118,0
DA:133,0
DA:140,0
DA:143,0
DA:145,0
DA:150,0
DA:151,0
DA:152,0
DA:154,0
DA:155,0
DA:156,0
DA:157,0
DA:158,0
DA:160,0
DA:175,0
DA:181,0
DA:190,0
DA:192,0
DA:193,0
DA:199,0
DA:200,0
DA:204,0
DA:208,0
DA:209,0
DA:210,0
DA:214,0
DA:215,0
DA:216,0
DA:218,0
DA:220,0
DA:224,0
DA:225,0
DA:226,0
DA:227,0
DA:228,0
DA:232,0
DA:234,0
DA:247,0
DA:250,0
DA:254,0
DA:256,0
LF:83
LH:0
BRDA:23,0,0,0
BRDA:23,0,1,0
BRDA:28,1,0,0
BRDA:28,1,1,0
BRDA:34,2,0,0
BRDA:34,2,1,0
BRDA:78,3,0,0
BRDA:78,3,1,0
BRDA:89,4,0,0
BRDA:89,4,1,0
BRDA:102,5,0,0
BRDA:102,5,1,0
BRDA:107,6,0,0
BRDA:107,6,1,0
BRDA:110,7,0,0
BRDA:110,7,1,0
BRDA:115,8,0,0
BRDA:115,8,1,0
BRDA:140,9,0,0
BRDA:140,9,1,0
BRDA:154,10,0,0
BRDA:154,10,1,0
BRDA:193,11,0,0
BRDA:193,11,1,0
BRDA:199,12,0,0
BRDA:199,12,1,0
BRDA:204,13,0,0
BRDA:204,13,1,0
BRDA:209,14,0,0
BRDA:209,14,1,0
BRDA:218,15,0,0
BRDA:218,15,1,0
BRDA:226,16,0,0
BRDA:226,16,1,0
BRDA:226,17,0,0
BRDA:226,17,1,0
BRF:36
BRH:0
end_of_record
TN:
SF:src/widgets/android/AndroidCommitmentsWidget.tsx
FN:29,(anonymous_0)
FN:41,(anonymous_1)
FN:53,(anonymous_2)
FN:64,(anonymous_3)
FN:72,(anonymous_4)
FN:94,AndroidCommitmentsWidget
FN:184,(anonymous_6)
FN:196,(anonymous_7)
FN:207,(anonymous_8)
FN:209,(anonymous_9)
FN:220,(anonymous_10)
FN:222,(anonymous_11)
FN:236,(anonymous_12)
FN:329,(anonymous_13)
FN:331,(anonymous_14)
FNF:15
FNH:0
FNDA:0,(anonymous_0)
FNDA:0,(anonymous_1)
FNDA:0,(anonymous_2)
FNDA:0,(anonymous_3)
FNDA:0,(anonymous_4)
FNDA:0,AndroidCommitmentsWidget
FNDA:0,(anonymous_6)
FNDA:0,(anonymous_7)
FNDA:0,(anonymous_8)
FNDA:0,(anonymous_9)
FNDA:0,(anonymous_10)
FNDA:0,(anonymous_11)
FNDA:0,(anonymous_12)
FNDA:0,(anonymous_13)
FNDA:0,(anonymous_14)
DA:29,0
DA:30,0
DA:31,0
DA:32,0
DA:33,0
DA:34,0
DA:35,0
DA:36,0
DA:37,0
DA:41,0
DA:42,0
DA:43,0
DA:44,0
DA:45,0
DA:46,0
DA:47,0
DA:48,0
DA:49,0
DA:53,0
DA:54,0
DA:55,0
DA:56,0
DA:57,0
DA:58,0
DA:59,0
DA:64,0
DA:65,0
DA:66,0
DA:67,0
DA:68,0
DA:69,0
DA:72,0
DA:73,0
DA:74,0
DA:75,0
DA:76,0
DA:77,0
DA:79,0
DA:80,0
DA:81,0
DA:82,0
DA:83,0
DA:84,0
DA:86,0
DA:88,0
DA:92,0
DA:95,0
DA:97,0
DA:98,0
DA:142,0
DA:185,0
DA:186,0
DA:187,0
DA:190,0
DA:191,0
DA:192,0
DA:194,0
DA:195,0
DA:196,0
DA:198,0
DA:199,0
DA:200,0
DA:202,0
DA:203,0
DA:204,0
DA:205,0
DA:207,0
DA:208,0
DA:209,0
DA:210,0
DA:211,0
DA:212,0
DA:213,0
DA:217,0
DA:219,0
DA:220,0
DA:221,0
DA:222,0
DA:223,0
DA:224,0
DA:225,0
DA:226,0
DA:230,0
DA:234,0
DA:235,0
DA:236,0
DA:242,0
DA:243,0
DA:244,0
DA:245,0
DA:246,0
DA:247,0
DA:248,0
DA:249,0
DA:250,0
DA:251,0
DA:252,0
DA:255,0
DA:330,0
DA:331,0
DA:333,0
DA:335,0
DA:336,0
DA:337,0
DA:338,0
DA:339,0
DA:341,0
DA:347,0
DA:351,0
LF:109
LH:0
BRDA:30,0,0,0
BRDA:30,0,1,0
BRDA:30,0,2,0
BRDA:30,0,3,0
BRDA:30,0,4,0
BRDA:30,0,5,0
BRDA:30,0,6,0
BRDA:42,1,0,0
BRDA:42,1,1,0
BRDA:42,1,2,0
BRDA:42,1,3,0
BRDA:42,1,4,0
BRDA:42,1,5,0
BRDA:42,1,6,0
BRDA:54,2,0,0
BRDA:54,2,1,0
BRDA:54,2,2,0
BRDA:54,2,3,0
BRDA:54,2,4,0
BRDA:94,3,0,0
BRDA:94,4,0,0
BRDA:97,5,0,0
BRDA:97,5,1,0
BRDA:185,6,0,0
BRDA:185,6,1,0
BRDA:194,7,0,0
BRDA:194,7,1,0
BRDA:194,8,0,0
BRDA:194,8,1,0
BRDA:199,9,0,0
BRDA:199,9,1,0
BRDA:202,10,0,0
BRDA:202,10,1,0
BRDA:208,11,0,0
BRDA:208,11,1,0
BRDA:208,12,0,0
BRDA:208,12,1,0
BRDA:210,13,0,0
BRDA:210,13,1,0
BRDA:212,14,0,0
BRDA:212,14,1,0
BRDA:221,15,0,0
BRDA:221,15,1,0
BRDA:221,16,0,0
BRDA:221,16,1,0
BRDA:223,17,0,0
BRDA:223,17,1,0
BRDA:225,18,0,0
BRDA:225,18,1,0
BRDA:234,19,0,0
BRDA:234,19,1,0
BRDA:246,20,0,0
BRDA:246,20,1,0
BRDA:257,21,0,0
BRDA:257,21,1,0
BRDA:261,22,0,0
BRDA:261,22,1,0
BRDA:283,23,0,0
BRDA:283,23,1,0
BRDA:286,24,0,0
BRDA:286,24,1,0
BRDA:301,25,0,0
BRDA:301,25,1,0
BRDA:335,26,0,0
BRDA:335,26,1,0
BRDA:336,27,0,0
BRDA:336,27,1,0
BRDA:338,28,0,0
BRDA:338,28,1,0
BRDA:341,29,0,0
BRDA:341,29,1,0
BRDA:342,30,0,0
BRDA:342,30,1,0
BRDA:347,31,0,0
BRDA:347,31,1,0
BRDA:359,32,0,0
BRDA:359,32,1,0
BRDA:376,33,0,0
BRDA:376,33,1,0
BRDA:390,34,0,0
BRDA:390,34,1,0
BRF:81
BRH:0
end_of_record
TN:
SF:src/widgets/android/index.tsx
FN:6,androidWidgetTaskHandler
FN:18,(anonymous_1)
FNF:2
FNH:0
FNDA:0,androidWidgetTaskHandler
FNDA:0,(anonymous_1)
DA:7,0
DA:9,0
DA:10,0
DA:11,0
DA:12,0
DA:14,0
DA:15,0
DA:16,0
DA:18,0
DA:23,0
DA:30,0
DA:32,0
LF:12
LH:0
BRDA:9,0,0,0
BRDA:9,0,1,0
BRDA:9,1,0,0
BRDA:9,1,1,0
BRF:4
BRH:0
end_of_record
TN:
SF:src/widgets/ios/CommitmentsProgressWidget.tsx
FN:43,(anonymous_0)
FN:47,(anonymous_1)
FN:57,(anonymous_2)
FN:65,(anonymous_3)
FN:84,(anonymous_4)
FN:111,(anonymous_5)
FN:371,(anonymous_6)
FNF:7
FNH:0
FNDA:0,(anonymous_0)
FNDA:0,(anonymous_1)
FNDA:0,(anonymous_2)
FNDA:0,(anonymous_3)
FNDA:0,(anonymous_4)
FNDA:0,(anonymous_5)
FNDA:0,(anonymous_6)
DA:43,0
DA:47,0
DA:48,0
DA:49,0
DA:50,0
DA:51,0
DA:52,0
DA:53,0
DA:57,0
DA:58,0
DA:59,0
DA:66,0
DA:67,0
DA:68,0
DA:82,0
DA:85,0
DA:86,0
DA:87,0
DA:89,0
DA:96,0
DA:97,0
DA:100,0
DA:111,0
DA:112,0
DA:113,0
DA:114,0
DA:115,0
DA:116,0
DA:117,0
DA:118,0
DA:119,0
DA:123,0
DA:124,0
DA:127,0
DA:128,0
DA:155,0
DA:156,0
DA:157,0
DA:158,0
DA:159,0
DA:160,0
DA:164,0
DA:242,0
DA:243,0
DA:244,0
DA:245,0
DA:246,0
DA:247,0
DA:251,0
DA:345,0
DA:347,0
DA:372,0
DA:373,0
DA:374,0
DA:378,0
LF:55
LH:0
BRDA:48,0,0,0
BRDA:48,0,1,0
BRDA:48,0,2,0
BRDA:48,0,3,0
BRDA:48,0,4,0
BRDA:58,1,0,0
BRDA:58,1,1,0
BRDA:72,2,0,0
BRDA:72,2,1,0
BRDA:73,3,0,0
BRDA:73,3,1,0
BRDA:84,4,0,0
BRDA:84,4,1,0
BRDA:86,5,0,0
BRDA:86,5,1,0
BRDA:87,6,0,0
BRDA:87,6,1,0
BRDA:96,7,0,0
BRDA:96,7,1,0
BRDA:112,8,0,0
BRDA:112,8,1,0
BRDA:112,8,2,0
BRDA:112,8,3,0
BRDA:112,8,4,0
BRDA:112,8,5,0
BRDA:112,8,6,0
BRDA:123,9,0,0
BRDA:123,9,1,0
BRDA:124,10,0,0
BRDA:124,10,1,0
BRDA:124,10,2,0
BRDA:127,11,0,0
BRDA:127,11,1,0
BRDA:155,12,0,0
BRDA:155,12,1,0
BRDA:156,13,0,0
BRDA:156,13,1,0
BRDA:157,14,0,0
BRDA:157,14,1,0
BRDA:159,15,0,0
BRDA:159,15,1,0
BRDA:160,16,0,0
BRDA:160,16,1,0
BRDA:162,17,0,0
BRDA:162,17,1,0
BRDA:184,18,0,0
BRDA:184,18,1,0
BRDA:202,19,0,0
BRDA:202,19,1,0
BRDA:206,20,0,0
BRDA:206,20,1,0
BRDA:230,21,0,0
BRDA:230,21,1,0
BRDA:242,22,0,0
BRDA:242,22,1,0
BRDA:243,23,0,0
BRDA:243,23,1,0
BRDA:244,24,0,0
BRDA:244,24,1,0
BRDA:246,25,0,0
BRDA:246,25,1,0
BRDA:247,26,0,0
BRDA:247,26,1,0
BRDA:249,27,0,0
BRDA:249,27,1,0
BRDA:271,28,0,0
BRDA:271,28,1,0
BRDA:289,29,0,0
BRDA:289,29,1,0
BRDA:293,30,0,0
BRDA:293,30,1,0
BRDA:333,31,0,0
BRDA:333,31,1,0
BRDA:373,32,0,0
BRDA:373,32,1,0
BRDA:374,33,0,0
BRDA:374,33,1,0
BRDA:376,34,0,0
BRDA:376,34,1,0
BRDA:380,35,0,0
BRDA:380,35,1,0
BRDA:383,36,0,0
BRDA:383,36,1,0
BRDA:391,37,0,0
BRDA:391,37,1,0
BRDA:393,38,0,0
BRDA:393,38,1,0
BRDA:417,39,0,0
BRDA:417,39,1,0
BRDA:424,40,0,0
BRDA:424,40,1,0
BRF:91
BRH:0
end_of_record
TN:
SF:src/widgets/ios/index.tsx
FNF:0
FNH:0
LF:0
LH:0
BRF:0
BRH:0
end_of_record
